{"/Users/mike/code/opennotes-ai/multiverse/communitynotes/opennotes-discord/src/analytics/NatsTimeSeriesCollector.ts": {"path":"/Users/mike/code/opennotes-ai/multiverse/communitynotes/opennotes-discord/src/analytics/NatsTimeSeriesCollector.ts","statementMap":{"0":{"start":{"line":7,"column":30},"end":{"line":7,"column":32}},"1":{"start":{"line":10,"column":4},"end":{"line":31,"column":5}},"2":{"start":{"line":11,"column":17},"end":{"line":11,"column":40}},"3":{"start":{"line":12,"column":22},"end":{"line":12,"column":54}},"4":{"start":{"line":14,"column":40},"end":{"line":24,"column":8}},"5":{"start":{"line":26,"column":6},"end":{"line":26,"column":55}},"6":{"start":{"line":28,"column":6},"end":{"line":28,"column":92}},"7":{"start":{"line":30,"column":6},"end":{"line":30,"column":92}},"8":{"start":{"line":35,"column":15},"end":{"line":35,"column":38}},"9":{"start":{"line":37,"column":4},"end":{"line":42,"column":7}},"10":{"start":{"line":46,"column":15},"end":{"line":46,"column":38}},"11":{"start":{"line":48,"column":20},"end":{"line":51,"column":6}},"12":{"start":{"line":53,"column":4},"end":{"line":55,"column":5}},"13":{"start":{"line":54,"column":6},"end":{"line":54,"column":104}},"14":{"start":{"line":57,"column":4},"end":{"line":57,"column":31}},"15":{"start":{"line":61,"column":15},"end":{"line":61,"column":38}},"16":{"start":{"line":63,"column":4},"end":{"line":67,"column":7}},"17":{"start":{"line":71,"column":15},"end":{"line":71,"column":38}},"18":{"start":{"line":73,"column":20},"end":{"line":78,"column":6}},"19":{"start":{"line":80,"column":4},"end":{"line":85,"column":5}},"20":{"start":{"line":81,"column":6},"end":{"line":84,"column":8}},"21":{"start":{"line":87,"column":4},"end":{"line":87,"column":31}},"22":{"start":{"line":91,"column":4},"end":{"line":119,"column":5}},"23":{"start":{"line":92,"column":22},"end":{"line":92,"column":54}},"24":{"start":{"line":94,"column":23},"end":{"line":98,"column":8}},"25":{"start":{"line":100,"column":40},"end":{"line":100,"column":42}},"26":{"start":{"line":102,"column":6},"end":{"line":113,"column":7}},"27":{"start":{"line":103,"column":29},"end":{"line":103,"column":61}},"28":{"start":{"line":106,"column":8},"end":{"line":112,"column":9}},"29":{"start":{"line":107,"column":10},"end":{"line":111,"column":13}},"30":{"start":{"line":115,"column":6},"end":{"line":115,"column":83}},"31":{"start":{"line":115,"column":36},"end":{"line":115,"column":81}},"32":{"start":{"line":117,"column":6},"end":{"line":117,"column":102}},"33":{"start":{"line":118,"column":6},"end":{"line":118,"column":16}},"34":{"start":{"line":123,"column":4},"end":{"line":145,"column":5}},"35":{"start":{"line":124,"column":19},"end":{"line":124,"column":75}},"36":{"start":{"line":126,"column":6},"end":{"line":126,"column":38}},"37":{"start":{"line":126,"column":29},"end":{"line":126,"column":38}},"38":{"start":{"line":128,"column":21},"end":{"line":128,"column":43}},"39":{"start":{"line":128,"column":35},"end":{"line":128,"column":42}},"40":{"start":{"line":130,"column":6},"end":{"line":141,"column":7}},"41":{"start":{"line":132,"column":10},"end":{"line":132,"column":59}},"42":{"start":{"line":132,"column":45},"end":{"line":132,"column":54}},"43":{"start":{"line":134,"column":10},"end":{"line":134,"column":75}},"44":{"start":{"line":134,"column":45},"end":{"line":134,"column":54}},"45":{"start":{"line":136,"column":10},"end":{"line":136,"column":37}},"46":{"start":{"line":138,"column":10},"end":{"line":138,"column":37}},"47":{"start":{"line":140,"column":10},"end":{"line":140,"column":19}},"48":{"start":{"line":143,"column":6},"end":{"line":143,"column":114}},"49":{"start":{"line":144,"column":6},"end":{"line":144,"column":15}},"50":{"start":{"line":149,"column":4},"end":{"line":162,"column":5}},"51":{"start":{"line":150,"column":28},"end":{"line":150,"column":108}},"52":{"start":{"line":151,"column":25},"end":{"line":151,"column":99}},"53":{"start":{"line":153,"column":32},"end":{"line":156,"column":8}},"54":{"start":{"line":158,"column":6},"end":{"line":158,"column":57}},"55":{"start":{"line":160,"column":6},"end":{"line":160,"column":109}},"56":{"start":{"line":161,"column":6},"end":{"line":161,"column":15}},"57":{"start":{"line":170,"column":4},"end":{"line":193,"column":5}},"58":{"start":{"line":171,"column":25},"end":{"line":171,"column":111}},"59":{"start":{"line":172,"column":27},"end":{"line":172,"column":109}},"60":{"start":{"line":173,"column":28},"end":{"line":173,"column":114}},"61":{"start":{"line":175,"column":69},"end":{"line":179,"column":8}},"62":{"start":{"line":181,"column":6},"end":{"line":185,"column":8}},"63":{"start":{"line":187,"column":6},"end":{"line":187,"column":105}},"64":{"start":{"line":188,"column":6},"end":{"line":192,"column":8}},"65":{"start":{"line":199,"column":4},"end":{"line":199,"column":58}},"66":{"start":{"line":203,"column":17},"end":{"line":203,"column":35}},"67":{"start":{"line":204,"column":18},"end":{"line":204,"column":62}},"68":{"start":{"line":205,"column":16},"end":{"line":205,"column":55}},"69":{"start":{"line":207,"column":4},"end":{"line":218,"column":5}},"70":{"start":{"line":209,"column":21},"end":{"line":209,"column":61}},"71":{"start":{"line":210,"column":23},"end":{"line":210,"column":65}},"72":{"start":{"line":211,"column":8},"end":{"line":211,"column":59}},"73":{"start":{"line":213,"column":25},"end":{"line":213,"column":65}},"74":{"start":{"line":214,"column":8},"end":{"line":214,"column":53}},"75":{"start":{"line":217,"column":8},"end":{"line":217,"column":41}},"76":{"start":{"line":222,"column":4},"end":{"line":222,"column":41}},"77":{"start":{"line":226,"column":4},"end":{"line":226,"column":43}},"78":{"start":{"line":230,"column":21},"end":{"line":230,"column":35}},"79":{"start":{"line":231,"column":4},"end":{"line":231,"column":30}},"80":{"start":{"line":232,"column":4},"end":{"line":232,"column":20}},"81":{"start":{"line":236,"column":21},"end":{"line":236,"column":35}},"82":{"start":{"line":237,"column":4},"end":{"line":237,"column":33}},"83":{"start":{"line":238,"column":4},"end":{"line":238,"column":20}},"84":{"start":{"line":242,"column":21},"end":{"line":242,"column":35}},"85":{"start":{"line":243,"column":4},"end":{"line":243,"column":34}},"86":{"start":{"line":244,"column":4},"end":{"line":244,"column":20}},"87":{"start":{"line":248,"column":39},"end":{"line":248,"column":68}}},"fnMap":{"0":{"name":"(anonymous_0)","decl":{"start":{"line":9,"column":2},"end":{"line":9,"column":7}},"loc":{"start":{"line":9,"column":100},"end":{"line":32,"column":3}}},"1":{"name":"(anonymous_1)","decl":{"start":{"line":34,"column":2},"end":{"line":34,"column":7}},"loc":{"start":{"line":34,"column":95},"end":{"line":43,"column":3}}},"2":{"name":"(anonymous_2)","decl":{"start":{"line":45,"column":2},"end":{"line":45,"column":7}},"loc":{"start":{"line":45,"column":140},"end":{"line":58,"column":3}}},"3":{"name":"(anonymous_3)","decl":{"start":{"line":60,"column":2},"end":{"line":60,"column":7}},"loc":{"start":{"line":60,"column":118},"end":{"line":68,"column":3}}},"4":{"name":"(anonymous_4)","decl":{"start":{"line":70,"column":2},"end":{"line":70,"column":7}},"loc":{"start":{"line":70,"column":129},"end":{"line":88,"column":3}}},"5":{"name":"(anonymous_5)","decl":{"start":{"line":90,"column":2},"end":{"line":90,"column":7}},"loc":{"start":{"line":90,"column":121},"end":{"line":120,"column":3}}},"6":{"name":"(anonymous_6)","decl":{"start":{"line":115,"column":26},"end":{"line":115,"column":27}},"loc":{"start":{"line":115,"column":36},"end":{"line":115,"column":81}}},"7":{"name":"(anonymous_7)","decl":{"start":{"line":122,"column":2},"end":{"line":122,"column":7}},"loc":{"start":{"line":122,"column":124},"end":{"line":146,"column":3}}},"8":{"name":"(anonymous_8)","decl":{"start":{"line":128,"column":30},"end":{"line":128,"column":31}},"loc":{"start":{"line":128,"column":35},"end":{"line":128,"column":42}}},"9":{"name":"(anonymous_9)","decl":{"start":{"line":132,"column":31},"end":{"line":132,"column":32}},"loc":{"start":{"line":132,"column":45},"end":{"line":132,"column":54}}},"10":{"name":"(anonymous_10)","decl":{"start":{"line":134,"column":31},"end":{"line":134,"column":32}},"loc":{"start":{"line":134,"column":45},"end":{"line":134,"column":54}}},"11":{"name":"(anonymous_11)","decl":{"start":{"line":148,"column":2},"end":{"line":148,"column":7}},"loc":{"start":{"line":148,"column":81},"end":{"line":163,"column":3}}},"12":{"name":"(anonymous_12)","decl":{"start":{"line":165,"column":2},"end":{"line":165,"column":7}},"loc":{"start":{"line":165,"column":83},"end":{"line":194,"column":3}}},"13":{"name":"(anonymous_13)","decl":{"start":{"line":196,"column":10},"end":{"line":196,"column":36}},"loc":{"start":{"line":196,"column":124},"end":{"line":200,"column":3}}},"14":{"name":"(anonymous_14)","decl":{"start":{"line":202,"column":10},"end":{"line":202,"column":20}},"loc":{"start":{"line":202,"column":79},"end":{"line":219,"column":3}}},"15":{"name":"(anonymous_15)","decl":{"start":{"line":221,"column":10},"end":{"line":221,"column":20}},"loc":{"start":{"line":221,"column":31},"end":{"line":223,"column":3}}},"16":{"name":"(anonymous_16)","decl":{"start":{"line":225,"column":10},"end":{"line":225,"column":22}},"loc":{"start":{"line":225,"column":33},"end":{"line":227,"column":3}}},"17":{"name":"(anonymous_17)","decl":{"start":{"line":229,"column":10},"end":{"line":229,"column":27}},"loc":{"start":{"line":229,"column":38},"end":{"line":233,"column":3}}},"18":{"name":"(anonymous_18)","decl":{"start":{"line":235,"column":10},"end":{"line":235,"column":25}},"loc":{"start":{"line":235,"column":36},"end":{"line":239,"column":3}}},"19":{"name":"(anonymous_19)","decl":{"start":{"line":241,"column":10},"end":{"line":241,"column":24}},"loc":{"start":{"line":241,"column":35},"end":{"line":245,"column":3}}}},"branchMap":{"0":{"loc":{"start":{"line":11,"column":17},"end":{"line":11,"column":40}},"type":"binary-expr","locations":[{"start":{"line":11,"column":17},"end":{"line":11,"column":26}},{"start":{"line":11,"column":30},"end":{"line":11,"column":40}}]},"1":{"loc":{"start":{"line":18,"column":18},"end":{"line":18,"column":32}},"type":"binary-expr","locations":[{"start":{"line":18,"column":18},"end":{"line":18,"column":26}},{"start":{"line":18,"column":30},"end":{"line":18,"column":32}}]},"2":{"loc":{"start":{"line":35,"column":15},"end":{"line":35,"column":38}},"type":"binary-expr","locations":[{"start":{"line":35,"column":15},"end":{"line":35,"column":24}},{"start":{"line":35,"column":28},"end":{"line":35,"column":38}}]},"3":{"loc":{"start":{"line":46,"column":15},"end":{"line":46,"column":38}},"type":"binary-expr","locations":[{"start":{"line":46,"column":15},"end":{"line":46,"column":24}},{"start":{"line":46,"column":28},"end":{"line":46,"column":38}}]},"4":{"loc":{"start":{"line":53,"column":4},"end":{"line":55,"column":5}},"type":"if","locations":[{"start":{"line":53,"column":4},"end":{"line":55,"column":5}}]},"5":{"loc":{"start":{"line":61,"column":15},"end":{"line":61,"column":38}},"type":"binary-expr","locations":[{"start":{"line":61,"column":15},"end":{"line":61,"column":24}},{"start":{"line":61,"column":28},"end":{"line":61,"column":38}}]},"6":{"loc":{"start":{"line":71,"column":15},"end":{"line":71,"column":38}},"type":"binary-expr","locations":[{"start":{"line":71,"column":15},"end":{"line":71,"column":24}},{"start":{"line":71,"column":28},"end":{"line":71,"column":38}}]},"7":{"loc":{"start":{"line":75,"column":59},"end":{"line":75,"column":76}},"type":"cond-expr","locations":[{"start":{"line":75,"column":71},"end":{"line":75,"column":72}},{"start":{"line":75,"column":75},"end":{"line":75,"column":76}}]},"8":{"loc":{"start":{"line":77,"column":58},"end":{"line":77,"column":75}},"type":"cond-expr","locations":[{"start":{"line":77,"column":70},"end":{"line":77,"column":71}},{"start":{"line":77,"column":74},"end":{"line":77,"column":75}}]},"9":{"loc":{"start":{"line":80,"column":4},"end":{"line":85,"column":5}},"type":"if","locations":[{"start":{"line":80,"column":4},"end":{"line":85,"column":5}}]},"10":{"loc":{"start":{"line":83,"column":73},"end":{"line":83,"column":90}},"type":"cond-expr","locations":[{"start":{"line":83,"column":85},"end":{"line":83,"column":86}},{"start":{"line":83,"column":89},"end":{"line":83,"column":90}}]},"11":{"loc":{"start":{"line":90,"column":74},"end":{"line":90,"column":121}},"type":"default-arg","locations":[{"start":{"line":90,"column":115},"end":{"line":90,"column":121}}]},"12":{"loc":{"start":{"line":106,"column":8},"end":{"line":112,"column":9}},"type":"if","locations":[{"start":{"line":106,"column":8},"end":{"line":112,"column":9}}]},"13":{"loc":{"start":{"line":110,"column":22},"end":{"line":110,"column":49}},"type":"binary-expr","locations":[{"start":{"line":110,"column":22},"end":{"line":110,"column":43}},{"start":{"line":110,"column":47},"end":{"line":110,"column":49}}]},"14":{"loc":{"start":{"line":122,"column":74},"end":{"line":122,"column":124}},"type":"default-arg","locations":[{"start":{"line":122,"column":119},"end":{"line":122,"column":124}}]},"15":{"loc":{"start":{"line":126,"column":6},"end":{"line":126,"column":38}},"type":"if","locations":[{"start":{"line":126,"column":6},"end":{"line":126,"column":38}}]},"16":{"loc":{"start":{"line":130,"column":6},"end":{"line":141,"column":7}},"type":"switch","locations":[{"start":{"line":131,"column":8},"end":{"line":132,"column":59}},{"start":{"line":133,"column":8},"end":{"line":134,"column":75}},{"start":{"line":135,"column":8},"end":{"line":136,"column":37}},{"start":{"line":137,"column":8},"end":{"line":138,"column":37}},{"start":{"line":139,"column":8},"end":{"line":140,"column":19}}]},"17":{"loc":{"start":{"line":150,"column":28},"end":{"line":150,"column":108}},"type":"cond-expr","locations":[{"start":{"line":150,"column":39},"end":{"line":150,"column":78}},{"start":{"line":150,"column":81},"end":{"line":150,"column":108}}]},"18":{"loc":{"start":{"line":151,"column":25},"end":{"line":151,"column":99}},"type":"cond-expr","locations":[{"start":{"line":151,"column":36},"end":{"line":151,"column":72}},{"start":{"line":151,"column":75},"end":{"line":151,"column":99}}]},"19":{"loc":{"start":{"line":158,"column":13},"end":{"line":158,"column":56}},"type":"cond-expr","locations":[{"start":{"line":158,"column":28},"end":{"line":158,"column":52}},{"start":{"line":158,"column":55},"end":{"line":158,"column":56}}]},"20":{"loc":{"start":{"line":171,"column":25},"end":{"line":171,"column":111}},"type":"cond-expr","locations":[{"start":{"line":171,"column":36},"end":{"line":171,"column":78}},{"start":{"line":171,"column":81},"end":{"line":171,"column":111}}]},"21":{"loc":{"start":{"line":172,"column":27},"end":{"line":172,"column":109}},"type":"cond-expr","locations":[{"start":{"line":172,"column":38},"end":{"line":172,"column":78}},{"start":{"line":172,"column":81},"end":{"line":172,"column":109}}]},"22":{"loc":{"start":{"line":173,"column":28},"end":{"line":173,"column":114}},"type":"cond-expr","locations":[{"start":{"line":173,"column":39},"end":{"line":173,"column":81}},{"start":{"line":173,"column":84},"end":{"line":173,"column":114}}]},"23":{"loc":{"start":{"line":199,"column":11},"end":{"line":199,"column":57}},"type":"binary-expr","locations":[{"start":{"line":199,"column":11},"end":{"line":199,"column":33}},{"start":{"line":199,"column":37},"end":{"line":199,"column":57}}]},"24":{"loc":{"start":{"line":202,"column":33},"end":{"line":202,"column":79}},"type":"default-arg","locations":[{"start":{"line":202,"column":74},"end":{"line":202,"column":79}}]},"25":{"loc":{"start":{"line":207,"column":4},"end":{"line":218,"column":5}},"type":"switch","locations":[{"start":{"line":208,"column":6},"end":{"line":211,"column":59}},{"start":{"line":212,"column":6},"end":{"line":214,"column":53}},{"start":{"line":215,"column":6},"end":{"line":215,"column":17}},{"start":{"line":216,"column":6},"end":{"line":217,"column":41}}]}},"s":{"0":0,"1":0,"2":0,"3":0,"4":0,"5":0,"6":0,"7":0,"8":0,"9":0,"10":0,"11":0,"12":0,"13":0,"14":0,"15":0,"16":0,"17":0,"18":0,"19":0,"20":0,"21":0,"22":0,"23":0,"24":0,"25":0,"26":0,"27":0,"28":0,"29":0,"30":0,"31":0,"32":0,"33":0,"34":0,"35":0,"36":0,"37":0,"38":0,"39":0,"40":0,"41":0,"42":0,"43":0,"44":0,"45":0,"46":0,"47":0,"48":0,"49":0,"50":0,"51":0,"52":0,"53":0,"54":0,"55":0,"56":0,"57":0,"58":0,"59":0,"60":0,"61":0,"62":0,"63":0,"64":0,"65":0,"66":0,"67":0,"68":0,"69":0,"70":0,"71":0,"72":0,"73":0,"74":0,"75":0,"76":0,"77":0,"78":0,"79":0,"80":0,"81":0,"82":0,"83":0,"84":0,"85":0,"86":0,"87":0},"f":{"0":0,"1":0,"2":0,"3":0,"4":0,"5":0,"6":0,"7":0,"8":0,"9":0,"10":0,"11":0,"12":0,"13":0,"14":0,"15":0,"16":0,"17":0,"18":0,"19":0},"b":{"0":[0,0],"1":[0,0],"2":[0,0],"3":[0,0],"4":[0],"5":[0,0],"6":[0,0],"7":[0,0],"8":[0,0],"9":[0],"10":[0,0],"11":[0],"12":[0],"13":[0,0],"14":[0],"15":[0],"16":[0,0,0,0,0],"17":[0,0],"18":[0,0],"19":[0,0],"20":[0,0],"21":[0,0],"22":[0,0],"23":[0,0],"24":[0],"25":[0,0,0,0]}}
,"/Users/mike/code/opennotes-ai/multiverse/communitynotes/opennotes-discord/src/analytics/ReportGenerator.ts": {"path":"/Users/mike/code/opennotes-ai/multiverse/communitynotes/opennotes-discord/src/analytics/ReportGenerator.ts","statementMap":{"0":{"start":{"line":8,"column":33},"end":{"line":8,"column":68}},"1":{"start":{"line":11,"column":4},"end":{"line":11,"column":34}},"2":{"start":{"line":15,"column":4},"end":{"line":30,"column":5}},"3":{"start":{"line":16,"column":23},"end":{"line":16,"column":41}},"4":{"start":{"line":17,"column":23},"end":{"line":17,"column":60}},"5":{"start":{"line":19,"column":26},"end":{"line":19,"column":57}},"6":{"start":{"line":21,"column":6},"end":{"line":21,"column":81}},"7":{"start":{"line":23,"column":6},"end":{"line":23,"column":55}},"8":{"start":{"line":25,"column":6},"end":{"line":25,"column":83}},"9":{"start":{"line":26,"column":6},"end":{"line":26,"column":22}},"10":{"start":{"line":28,"column":6},"end":{"line":28,"column":58}},"11":{"start":{"line":29,"column":6},"end":{"line":29,"column":18}},"12":{"start":{"line":34,"column":4},"end":{"line":48,"column":5}},"13":{"start":{"line":35,"column":23},"end":{"line":35,"column":41}},"14":{"start":{"line":36,"column":23},"end":{"line":36,"column":60}},"15":{"start":{"line":38,"column":25},"end":{"line":38,"column":56}},"16":{"start":{"line":39,"column":6},"end":{"line":39,"column":55}},"17":{"start":{"line":41,"column":6},"end":{"line":41,"column":55}},"18":{"start":{"line":43,"column":6},"end":{"line":43,"column":83}},"19":{"start":{"line":44,"column":6},"end":{"line":44,"column":22}},"20":{"start":{"line":46,"column":6},"end":{"line":46,"column":58}},"21":{"start":{"line":47,"column":6},"end":{"line":47,"column":18}},"22":{"start":{"line":52,"column":4},"end":{"line":66,"column":5}},"23":{"start":{"line":53,"column":23},"end":{"line":53,"column":42}},"24":{"start":{"line":54,"column":23},"end":{"line":54,"column":60}},"25":{"start":{"line":56,"column":26},"end":{"line":56,"column":57}},"26":{"start":{"line":57,"column":6},"end":{"line":57,"column":56}},"27":{"start":{"line":59,"column":6},"end":{"line":59,"column":56}},"28":{"start":{"line":61,"column":6},"end":{"line":61,"column":85}},"29":{"start":{"line":62,"column":6},"end":{"line":62,"column":22}},"30":{"start":{"line":64,"column":6},"end":{"line":64,"column":59}},"31":{"start":{"line":65,"column":6},"end":{"line":65,"column":18}},"32":{"start":{"line":70,"column":4},"end":{"line":81,"column":5}},"33":{"start":{"line":71,"column":6},"end":{"line":75,"column":9}},"34":{"start":{"line":77,"column":6},"end":{"line":77,"column":20}},"35":{"start":{"line":79,"column":6},"end":{"line":79,"column":66}},"36":{"start":{"line":80,"column":6},"end":{"line":80,"column":18}},"37":{"start":{"line":85,"column":21},"end":{"line":85,"column":27}},"38":{"start":{"line":87,"column":4},"end":{"line":259,"column":9}},"39":{"start":{"line":263,"column":21},"end":{"line":263,"column":27}},"40":{"start":{"line":264,"column":14},"end":{"line":264,"column":16}},"41":{"start":{"line":266,"column":4},"end":{"line":266,"column":31}},"42":{"start":{"line":267,"column":4},"end":{"line":267,"column":31}},"43":{"start":{"line":268,"column":4},"end":{"line":268,"column":37}},"44":{"start":{"line":269,"column":4},"end":{"line":269,"column":64}},"45":{"start":{"line":270,"column":4},"end":{"line":270,"column":68}},"46":{"start":{"line":271,"column":4},"end":{"line":271,"column":64}},"47":{"start":{"line":272,"column":4},"end":{"line":274,"column":5}},"48":{"start":{"line":273,"column":6},"end":{"line":273,"column":45}},"49":{"start":{"line":275,"column":4},"end":{"line":275,"column":16}},"50":{"start":{"line":277,"column":4},"end":{"line":277,"column":34}},"51":{"start":{"line":278,"column":4},"end":{"line":278,"column":28}},"52":{"start":{"line":279,"column":4},"end":{"line":279,"column":70}},"53":{"start":{"line":280,"column":4},"end":{"line":280,"column":64}},"54":{"start":{"line":281,"column":4},"end":{"line":281,"column":73}},"55":{"start":{"line":282,"column":4},"end":{"line":282,"column":16}},"56":{"start":{"line":284,"column":4},"end":{"line":291,"column":5}},"57":{"start":{"line":285,"column":6},"end":{"line":285,"column":34}},"58":{"start":{"line":286,"column":6},"end":{"line":286,"column":55}},"59":{"start":{"line":287,"column":6},"end":{"line":289,"column":9}},"60":{"start":{"line":288,"column":8},"end":{"line":288,"column":101}},"61":{"start":{"line":290,"column":6},"end":{"line":290,"column":18}},"62":{"start":{"line":293,"column":4},"end":{"line":293,"column":34}},"63":{"start":{"line":294,"column":4},"end":{"line":294,"column":28}},"64":{"start":{"line":295,"column":4},"end":{"line":295,"column":64}},"65":{"start":{"line":296,"column":4},"end":{"line":296,"column":66}},"66":{"start":{"line":297,"column":4},"end":{"line":297,"column":71}},"67":{"start":{"line":298,"column":4},"end":{"line":298,"column":59}},"68":{"start":{"line":299,"column":4},"end":{"line":299,"column":16}},"69":{"start":{"line":301,"column":4},"end":{"line":301,"column":32}},"70":{"start":{"line":302,"column":4},"end":{"line":302,"column":68}},"71":{"start":{"line":303,"column":4},"end":{"line":305,"column":7}},"72":{"start":{"line":304,"column":6},"end":{"line":304,"column":127}},"73":{"start":{"line":306,"column":4},"end":{"line":306,"column":16}},"74":{"start":{"line":308,"column":4},"end":{"line":308,"column":34}},"75":{"start":{"line":309,"column":4},"end":{"line":309,"column":28}},"76":{"start":{"line":310,"column":4},"end":{"line":310,"column":91}},"77":{"start":{"line":311,"column":4},"end":{"line":311,"column":79}},"78":{"start":{"line":312,"column":4},"end":{"line":312,"column":77}},"79":{"start":{"line":313,"column":4},"end":{"line":313,"column":79}},"80":{"start":{"line":314,"column":4},"end":{"line":314,"column":16}},"81":{"start":{"line":316,"column":4},"end":{"line":316,"column":34}},"82":{"start":{"line":317,"column":4},"end":{"line":317,"column":28}},"83":{"start":{"line":318,"column":4},"end":{"line":318,"column":86}},"84":{"start":{"line":319,"column":4},"end":{"line":319,"column":74}},"85":{"start":{"line":320,"column":4},"end":{"line":320,"column":67}},"86":{"start":{"line":322,"column":4},"end":{"line":322,"column":15}},"87":{"start":{"line":326,"column":4},"end":{"line":326,"column":59}},"88":{"start":{"line":326,"column":49},"end":{"line":326,"column":59}},"89":{"start":{"line":328,"column":4},"end":{"line":352,"column":6}},"90":{"start":{"line":341,"column":63},"end":{"line":348,"column":22}},"91":{"start":{"line":356,"column":4},"end":{"line":356,"column":56}},"92":{"start":{"line":356,"column":46},"end":{"line":356,"column":56}},"93":{"start":{"line":358,"column":4},"end":{"line":384,"column":6}},"94":{"start":{"line":372,"column":65},"end":{"line":380,"column":22}},"95":{"start":{"line":388,"column":26},"end":{"line":388,"column":68}},"96":{"start":{"line":389,"column":4},"end":{"line":389,"column":46}},"97":{"start":{"line":389,"column":36},"end":{"line":389,"column":46}},"98":{"start":{"line":391,"column":4},"end":{"line":411,"column":6}},"99":{"start":{"line":402,"column":61},"end":{"line":407,"column":22}},"100":{"start":{"line":415,"column":4},"end":{"line":420,"column":5}},"101":{"start":{"line":416,"column":6},"end":{"line":416,"column":40}},"102":{"start":{"line":418,"column":6},"end":{"line":418,"column":60}},"103":{"start":{"line":419,"column":6},"end":{"line":419,"column":68}},"104":{"start":{"line":424,"column":31},"end":{"line":424,"column":52}}},"fnMap":{"0":{"name":"(anonymous_0)","decl":{"start":{"line":10,"column":2},"end":{"line":10,"column":null}},"loc":{"start":{"line":10,"column":2},"end":{"line":12,"column":3}}},"1":{"name":"(anonymous_1)","decl":{"start":{"line":14,"column":2},"end":{"line":14,"column":7}},"loc":{"start":{"line":14,"column":43},"end":{"line":31,"column":3}}},"2":{"name":"(anonymous_2)","decl":{"start":{"line":33,"column":2},"end":{"line":33,"column":7}},"loc":{"start":{"line":33,"column":43},"end":{"line":49,"column":3}}},"3":{"name":"(anonymous_3)","decl":{"start":{"line":51,"column":2},"end":{"line":51,"column":7}},"loc":{"start":{"line":51,"column":44},"end":{"line":67,"column":3}}},"4":{"name":"(anonymous_4)","decl":{"start":{"line":69,"column":2},"end":{"line":69,"column":7}},"loc":{"start":{"line":69,"column":50},"end":{"line":82,"column":3}}},"5":{"name":"(anonymous_5)","decl":{"start":{"line":84,"column":10},"end":{"line":84,"column":28}},"loc":{"start":{"line":84,"column":52},"end":{"line":260,"column":3}}},"6":{"name":"(anonymous_6)","decl":{"start":{"line":262,"column":10},"end":{"line":262,"column":28}},"loc":{"start":{"line":262,"column":52},"end":{"line":323,"column":3}}},"7":{"name":"(anonymous_7)","decl":{"start":{"line":287,"column":56},"end":{"line":287,"column":62}},"loc":{"start":{"line":287,"column":65},"end":{"line":289,"column":7}}},"8":{"name":"(anonymous_8)","decl":{"start":{"line":303,"column":51},"end":{"line":303,"column":62}},"loc":{"start":{"line":303,"column":65},"end":{"line":305,"column":5}}},"9":{"name":"(anonymous_9)","decl":{"start":{"line":325,"column":10},"end":{"line":325,"column":38}},"loc":{"start":{"line":325,"column":65},"end":{"line":353,"column":3}}},"10":{"name":"(anonymous_10)","decl":{"start":{"line":341,"column":53},"end":{"line":341,"column":59}},"loc":{"start":{"line":341,"column":63},"end":{"line":348,"column":22}}},"11":{"name":"(anonymous_11)","decl":{"start":{"line":355,"column":10},"end":{"line":355,"column":38}},"loc":{"start":{"line":355,"column":65},"end":{"line":385,"column":3}}},"12":{"name":"(anonymous_12)","decl":{"start":{"line":372,"column":50},"end":{"line":372,"column":61}},"loc":{"start":{"line":372,"column":65},"end":{"line":380,"column":22}}},"13":{"name":"(anonymous_13)","decl":{"start":{"line":387,"column":10},"end":{"line":387,"column":38}},"loc":{"start":{"line":387,"column":51},"end":{"line":412,"column":3}}},"14":{"name":"(anonymous_14)","decl":{"start":{"line":402,"column":40},"end":{"line":402,"column":41}},"loc":{"start":{"line":402,"column":61},"end":{"line":407,"column":22}}},"15":{"name":"(anonymous_15)","decl":{"start":{"line":414,"column":10},"end":{"line":414,"column":15}},"loc":{"start":{"line":414,"column":38},"end":{"line":421,"column":3}}}},"branchMap":{"0":{"loc":{"start":{"line":167,"column":10},"end":{"line":167,"column":126}},"type":"cond-expr","locations":[{"start":{"line":167,"column":30},"end":{"line":167,"column":84}},{"start":{"line":167,"column":87},"end":{"line":167,"column":126}}]},"1":{"loc":{"start":{"line":272,"column":4},"end":{"line":274,"column":5}},"type":"if","locations":[{"start":{"line":272,"column":4},"end":{"line":274,"column":5}}]},"2":{"loc":{"start":{"line":284,"column":4},"end":{"line":291,"column":5}},"type":"if","locations":[{"start":{"line":284,"column":4},"end":{"line":291,"column":5}}]},"3":{"loc":{"start":{"line":326,"column":4},"end":{"line":326,"column":59}},"type":"if","locations":[{"start":{"line":326,"column":4},"end":{"line":326,"column":59}}]},"4":{"loc":{"start":{"line":356,"column":4},"end":{"line":356,"column":56}},"type":"if","locations":[{"start":{"line":356,"column":4},"end":{"line":356,"column":56}}]},"5":{"loc":{"start":{"line":389,"column":4},"end":{"line":389,"column":46}},"type":"if","locations":[{"start":{"line":389,"column":4},"end":{"line":389,"column":46}}]}},"s":{"0":0,"1":0,"2":0,"3":0,"4":0,"5":0,"6":0,"7":0,"8":0,"9":0,"10":0,"11":0,"12":0,"13":0,"14":0,"15":0,"16":0,"17":0,"18":0,"19":0,"20":0,"21":0,"22":0,"23":0,"24":0,"25":0,"26":0,"27":0,"28":0,"29":0,"30":0,"31":0,"32":0,"33":0,"34":0,"35":0,"36":0,"37":0,"38":0,"39":0,"40":0,"41":0,"42":0,"43":0,"44":0,"45":0,"46":0,"47":0,"48":0,"49":0,"50":0,"51":0,"52":0,"53":0,"54":0,"55":0,"56":0,"57":0,"58":0,"59":0,"60":0,"61":0,"62":0,"63":0,"64":0,"65":0,"66":0,"67":0,"68":0,"69":0,"70":0,"71":0,"72":0,"73":0,"74":0,"75":0,"76":0,"77":0,"78":0,"79":0,"80":0,"81":0,"82":0,"83":0,"84":0,"85":0,"86":0,"87":0,"88":0,"89":0,"90":0,"91":0,"92":0,"93":0,"94":0,"95":0,"96":0,"97":0,"98":0,"99":0,"100":0,"101":0,"102":0,"103":0,"104":0},"f":{"0":0,"1":0,"2":0,"3":0,"4":0,"5":0,"6":0,"7":0,"8":0,"9":0,"10":0,"11":0,"12":0,"13":0,"14":0,"15":0},"b":{"0":[0,0],"1":[0],"2":[0],"3":[0],"4":[0],"5":[0]}}
,"/Users/mike/code/opennotes-ai/multiverse/communitynotes/opennotes-discord/src/analytics/TimeSeriesCollector.ts": {"path":"/Users/mike/code/opennotes-ai/multiverse/communitynotes/opennotes-discord/src/analytics/TimeSeriesCollector.ts","statementMap":{"0":{"start":{"line":6,"column":30},"end":{"line":6,"column":32}},"1":{"start":{"line":7,"column":33},"end":{"line":7,"column":61}},"2":{"start":{"line":10,"column":4},"end":{"line":26,"column":5}},"3":{"start":{"line":11,"column":17},"end":{"line":11,"column":40}},"4":{"start":{"line":12,"column":18},"end":{"line":12,"column":60}},"5":{"start":{"line":14,"column":24},"end":{"line":18,"column":8}},"6":{"start":{"line":20,"column":6},"end":{"line":20,"column":69}},"7":{"start":{"line":21,"column":6},"end":{"line":21,"column":48}},"8":{"start":{"line":23,"column":6},"end":{"line":23,"column":84}},"9":{"start":{"line":25,"column":6},"end":{"line":25,"column":84}},"10":{"start":{"line":30,"column":15},"end":{"line":30,"column":38}},"11":{"start":{"line":32,"column":4},"end":{"line":37,"column":7}},"12":{"start":{"line":41,"column":15},"end":{"line":41,"column":38}},"13":{"start":{"line":43,"column":20},"end":{"line":46,"column":6}},"14":{"start":{"line":48,"column":4},"end":{"line":50,"column":5}},"15":{"start":{"line":49,"column":6},"end":{"line":49,"column":104}},"16":{"start":{"line":52,"column":4},"end":{"line":52,"column":31}},"17":{"start":{"line":56,"column":15},"end":{"line":56,"column":38}},"18":{"start":{"line":58,"column":4},"end":{"line":62,"column":7}},"19":{"start":{"line":66,"column":15},"end":{"line":66,"column":38}},"20":{"start":{"line":68,"column":20},"end":{"line":73,"column":6}},"21":{"start":{"line":75,"column":4},"end":{"line":80,"column":5}},"22":{"start":{"line":76,"column":6},"end":{"line":79,"column":8}},"23":{"start":{"line":82,"column":4},"end":{"line":82,"column":31}},"24":{"start":{"line":86,"column":4},"end":{"line":112,"column":5}},"25":{"start":{"line":87,"column":19},"end":{"line":87,"column":81}},"26":{"start":{"line":88,"column":40},"end":{"line":88,"column":42}},"27":{"start":{"line":90,"column":6},"end":{"line":106,"column":7}},"28":{"start":{"line":91,"column":21},"end":{"line":95,"column":null}},"29":{"start":{"line":98,"column":8},"end":{"line":105,"column":9}},"30":{"start":{"line":98,"column":21},"end":{"line":98,"column":22}},"31":{"start":{"line":99,"column":28},"end":{"line":99,"column":47}},"32":{"start":{"line":100,"column":10},"end":{"line":104,"column":13}},"33":{"start":{"line":108,"column":6},"end":{"line":108,"column":83}},"34":{"start":{"line":108,"column":36},"end":{"line":108,"column":81}},"35":{"start":{"line":110,"column":6},"end":{"line":110,"column":92}},"36":{"start":{"line":111,"column":6},"end":{"line":111,"column":16}},"37":{"start":{"line":116,"column":4},"end":{"line":138,"column":5}},"38":{"start":{"line":117,"column":19},"end":{"line":117,"column":75}},"39":{"start":{"line":119,"column":6},"end":{"line":119,"column":38}},"40":{"start":{"line":119,"column":29},"end":{"line":119,"column":38}},"41":{"start":{"line":121,"column":21},"end":{"line":121,"column":43}},"42":{"start":{"line":121,"column":35},"end":{"line":121,"column":42}},"43":{"start":{"line":123,"column":6},"end":{"line":134,"column":7}},"44":{"start":{"line":125,"column":10},"end":{"line":125,"column":59}},"45":{"start":{"line":125,"column":45},"end":{"line":125,"column":54}},"46":{"start":{"line":127,"column":10},"end":{"line":127,"column":75}},"47":{"start":{"line":127,"column":45},"end":{"line":127,"column":54}},"48":{"start":{"line":129,"column":10},"end":{"line":129,"column":37}},"49":{"start":{"line":131,"column":10},"end":{"line":131,"column":37}},"50":{"start":{"line":133,"column":10},"end":{"line":133,"column":19}},"51":{"start":{"line":136,"column":6},"end":{"line":136,"column":104}},"52":{"start":{"line":137,"column":6},"end":{"line":137,"column":15}},"53":{"start":{"line":142,"column":4},"end":{"line":155,"column":5}},"54":{"start":{"line":143,"column":28},"end":{"line":143,"column":108}},"55":{"start":{"line":144,"column":25},"end":{"line":144,"column":99}},"56":{"start":{"line":146,"column":32},"end":{"line":149,"column":8}},"57":{"start":{"line":151,"column":6},"end":{"line":151,"column":57}},"58":{"start":{"line":153,"column":6},"end":{"line":153,"column":99}},"59":{"start":{"line":154,"column":6},"end":{"line":154,"column":15}},"60":{"start":{"line":163,"column":4},"end":{"line":186,"column":5}},"61":{"start":{"line":164,"column":25},"end":{"line":164,"column":111}},"62":{"start":{"line":165,"column":27},"end":{"line":165,"column":109}},"63":{"start":{"line":166,"column":28},"end":{"line":166,"column":114}},"64":{"start":{"line":168,"column":69},"end":{"line":172,"column":8}},"65":{"start":{"line":174,"column":6},"end":{"line":178,"column":8}},"66":{"start":{"line":180,"column":6},"end":{"line":180,"column":95}},"67":{"start":{"line":181,"column":6},"end":{"line":185,"column":8}},"68":{"start":{"line":190,"column":4},"end":{"line":218,"column":5}},"69":{"start":{"line":191,"column":21},"end":{"line":191,"column":80}},"70":{"start":{"line":192,"column":22},"end":{"line":192,"column":33}},"71":{"start":{"line":194,"column":19},"end":{"line":194,"column":22}},"72":{"start":{"line":195,"column":24},"end":{"line":195,"column":25}},"73":{"start":{"line":197,"column":6},"end":{"line":213,"column":31}},"74":{"start":{"line":198,"column":23},"end":{"line":198,"column":79}},"75":{"start":{"line":199,"column":8},"end":{"line":199,"column":27}},"76":{"start":{"line":200,"column":21},"end":{"line":200,"column":30}},"77":{"start":{"line":202,"column":8},"end":{"line":212,"column":9}},"78":{"start":{"line":203,"column":29},"end":{"line":203,"column":88}},"79":{"start":{"line":204,"column":10},"end":{"line":206,"column":11}},"80":{"start":{"line":205,"column":12},"end":{"line":205,"column":38}},"81":{"start":{"line":208,"column":28},"end":{"line":208,"column":50}},"82":{"start":{"line":209,"column":10},"end":{"line":211,"column":11}},"83":{"start":{"line":210,"column":12},"end":{"line":210,"column":33}},"84":{"start":{"line":215,"column":6},"end":{"line":215,"column":76}},"85":{"start":{"line":217,"column":6},"end":{"line":217,"column":68}},"86":{"start":{"line":222,"column":27},"end":{"line":222,"column":29}},"87":{"start":{"line":223,"column":20},"end":{"line":223,"column":39}},"88":{"start":{"line":225,"column":4},"end":{"line":239,"column":5}},"89":{"start":{"line":226,"column":6},"end":{"line":226,"column":78}},"90":{"start":{"line":228,"column":6},"end":{"line":238,"column":7}},"91":{"start":{"line":230,"column":10},"end":{"line":230,"column":55}},"92":{"start":{"line":231,"column":10},"end":{"line":231,"column":16}},"93":{"start":{"line":233,"column":10},"end":{"line":233,"column":51}},"94":{"start":{"line":234,"column":10},"end":{"line":234,"column":16}},"95":{"start":{"line":236,"column":10},"end":{"line":236,"column":49}},"96":{"start":{"line":237,"column":10},"end":{"line":237,"column":16}},"97":{"start":{"line":241,"column":4},"end":{"line":241,"column":16}},"98":{"start":{"line":245,"column":17},"end":{"line":245,"column":35}},"99":{"start":{"line":246,"column":18},"end":{"line":246,"column":62}},"100":{"start":{"line":247,"column":16},"end":{"line":247,"column":55}},"101":{"start":{"line":249,"column":4},"end":{"line":260,"column":5}},"102":{"start":{"line":251,"column":21},"end":{"line":251,"column":61}},"103":{"start":{"line":252,"column":23},"end":{"line":252,"column":65}},"104":{"start":{"line":253,"column":8},"end":{"line":253,"column":59}},"105":{"start":{"line":255,"column":25},"end":{"line":255,"column":65}},"106":{"start":{"line":256,"column":8},"end":{"line":256,"column":53}},"107":{"start":{"line":259,"column":8},"end":{"line":259,"column":41}},"108":{"start":{"line":264,"column":21},"end":{"line":264,"column":35}},"109":{"start":{"line":265,"column":4},"end":{"line":265,"column":30}},"110":{"start":{"line":266,"column":4},"end":{"line":266,"column":20}},"111":{"start":{"line":270,"column":21},"end":{"line":270,"column":35}},"112":{"start":{"line":271,"column":4},"end":{"line":271,"column":33}},"113":{"start":{"line":272,"column":4},"end":{"line":272,"column":20}},"114":{"start":{"line":276,"column":21},"end":{"line":276,"column":35}},"115":{"start":{"line":277,"column":4},"end":{"line":277,"column":34}},"116":{"start":{"line":278,"column":4},"end":{"line":278,"column":20}},"117":{"start":{"line":282,"column":35},"end":{"line":282,"column":60}}},"fnMap":{"0":{"name":"(anonymous_0)","decl":{"start":{"line":9,"column":2},"end":{"line":9,"column":7}},"loc":{"start":{"line":9,"column":100},"end":{"line":27,"column":3}}},"1":{"name":"(anonymous_1)","decl":{"start":{"line":29,"column":2},"end":{"line":29,"column":7}},"loc":{"start":{"line":29,"column":95},"end":{"line":38,"column":3}}},"2":{"name":"(anonymous_2)","decl":{"start":{"line":40,"column":2},"end":{"line":40,"column":7}},"loc":{"start":{"line":40,"column":140},"end":{"line":53,"column":3}}},"3":{"name":"(anonymous_3)","decl":{"start":{"line":55,"column":2},"end":{"line":55,"column":7}},"loc":{"start":{"line":55,"column":118},"end":{"line":63,"column":3}}},"4":{"name":"(anonymous_4)","decl":{"start":{"line":65,"column":2},"end":{"line":65,"column":7}},"loc":{"start":{"line":65,"column":129},"end":{"line":83,"column":3}}},"5":{"name":"(anonymous_5)","decl":{"start":{"line":85,"column":2},"end":{"line":85,"column":7}},"loc":{"start":{"line":85,"column":121},"end":{"line":113,"column":3}}},"6":{"name":"(anonymous_6)","decl":{"start":{"line":108,"column":26},"end":{"line":108,"column":27}},"loc":{"start":{"line":108,"column":36},"end":{"line":108,"column":81}}},"7":{"name":"(anonymous_7)","decl":{"start":{"line":115,"column":2},"end":{"line":115,"column":7}},"loc":{"start":{"line":115,"column":124},"end":{"line":139,"column":3}}},"8":{"name":"(anonymous_8)","decl":{"start":{"line":121,"column":30},"end":{"line":121,"column":31}},"loc":{"start":{"line":121,"column":35},"end":{"line":121,"column":42}}},"9":{"name":"(anonymous_9)","decl":{"start":{"line":125,"column":31},"end":{"line":125,"column":32}},"loc":{"start":{"line":125,"column":45},"end":{"line":125,"column":54}}},"10":{"name":"(anonymous_10)","decl":{"start":{"line":127,"column":31},"end":{"line":127,"column":32}},"loc":{"start":{"line":127,"column":45},"end":{"line":127,"column":54}}},"11":{"name":"(anonymous_11)","decl":{"start":{"line":141,"column":2},"end":{"line":141,"column":7}},"loc":{"start":{"line":141,"column":81},"end":{"line":156,"column":3}}},"12":{"name":"(anonymous_12)","decl":{"start":{"line":158,"column":2},"end":{"line":158,"column":7}},"loc":{"start":{"line":158,"column":83},"end":{"line":187,"column":3}}},"13":{"name":"(anonymous_13)","decl":{"start":{"line":189,"column":2},"end":{"line":189,"column":7}},"loc":{"start":{"line":189,"column":32},"end":{"line":219,"column":3}}},"14":{"name":"(anonymous_14)","decl":{"start":{"line":221,"column":10},"end":{"line":221,"column":26}},"loc":{"start":{"line":221,"column":113},"end":{"line":242,"column":3}}},"15":{"name":"(anonymous_15)","decl":{"start":{"line":244,"column":10},"end":{"line":244,"column":20}},"loc":{"start":{"line":244,"column":79},"end":{"line":261,"column":3}}},"16":{"name":"(anonymous_16)","decl":{"start":{"line":263,"column":10},"end":{"line":263,"column":27}},"loc":{"start":{"line":263,"column":38},"end":{"line":267,"column":3}}},"17":{"name":"(anonymous_17)","decl":{"start":{"line":269,"column":10},"end":{"line":269,"column":25}},"loc":{"start":{"line":269,"column":36},"end":{"line":273,"column":3}}},"18":{"name":"(anonymous_18)","decl":{"start":{"line":275,"column":10},"end":{"line":275,"column":24}},"loc":{"start":{"line":275,"column":35},"end":{"line":279,"column":3}}}},"branchMap":{"0":{"loc":{"start":{"line":11,"column":17},"end":{"line":11,"column":40}},"type":"binary-expr","locations":[{"start":{"line":11,"column":17},"end":{"line":11,"column":26}},{"start":{"line":11,"column":30},"end":{"line":11,"column":40}}]},"1":{"loc":{"start":{"line":17,"column":18},"end":{"line":17,"column":32}},"type":"binary-expr","locations":[{"start":{"line":17,"column":18},"end":{"line":17,"column":26}},{"start":{"line":17,"column":30},"end":{"line":17,"column":32}}]},"2":{"loc":{"start":{"line":30,"column":15},"end":{"line":30,"column":38}},"type":"binary-expr","locations":[{"start":{"line":30,"column":15},"end":{"line":30,"column":24}},{"start":{"line":30,"column":28},"end":{"line":30,"column":38}}]},"3":{"loc":{"start":{"line":41,"column":15},"end":{"line":41,"column":38}},"type":"binary-expr","locations":[{"start":{"line":41,"column":15},"end":{"line":41,"column":24}},{"start":{"line":41,"column":28},"end":{"line":41,"column":38}}]},"4":{"loc":{"start":{"line":48,"column":4},"end":{"line":50,"column":5}},"type":"if","locations":[{"start":{"line":48,"column":4},"end":{"line":50,"column":5}}]},"5":{"loc":{"start":{"line":56,"column":15},"end":{"line":56,"column":38}},"type":"binary-expr","locations":[{"start":{"line":56,"column":15},"end":{"line":56,"column":24}},{"start":{"line":56,"column":28},"end":{"line":56,"column":38}}]},"6":{"loc":{"start":{"line":66,"column":15},"end":{"line":66,"column":38}},"type":"binary-expr","locations":[{"start":{"line":66,"column":15},"end":{"line":66,"column":24}},{"start":{"line":66,"column":28},"end":{"line":66,"column":38}}]},"7":{"loc":{"start":{"line":70,"column":59},"end":{"line":70,"column":76}},"type":"cond-expr","locations":[{"start":{"line":70,"column":71},"end":{"line":70,"column":72}},{"start":{"line":70,"column":75},"end":{"line":70,"column":76}}]},"8":{"loc":{"start":{"line":72,"column":58},"end":{"line":72,"column":75}},"type":"cond-expr","locations":[{"start":{"line":72,"column":70},"end":{"line":72,"column":71}},{"start":{"line":72,"column":74},"end":{"line":72,"column":75}}]},"9":{"loc":{"start":{"line":75,"column":4},"end":{"line":80,"column":5}},"type":"if","locations":[{"start":{"line":75,"column":4},"end":{"line":80,"column":5}}]},"10":{"loc":{"start":{"line":78,"column":73},"end":{"line":78,"column":90}},"type":"cond-expr","locations":[{"start":{"line":78,"column":85},"end":{"line":78,"column":86}},{"start":{"line":78,"column":89},"end":{"line":78,"column":90}}]},"11":{"loc":{"start":{"line":85,"column":74},"end":{"line":85,"column":121}},"type":"default-arg","locations":[{"start":{"line":85,"column":115},"end":{"line":85,"column":121}}]},"12":{"loc":{"start":{"line":115,"column":74},"end":{"line":115,"column":124}},"type":"default-arg","locations":[{"start":{"line":115,"column":119},"end":{"line":115,"column":124}}]},"13":{"loc":{"start":{"line":119,"column":6},"end":{"line":119,"column":38}},"type":"if","locations":[{"start":{"line":119,"column":6},"end":{"line":119,"column":38}}]},"14":{"loc":{"start":{"line":123,"column":6},"end":{"line":134,"column":7}},"type":"switch","locations":[{"start":{"line":124,"column":8},"end":{"line":125,"column":59}},{"start":{"line":126,"column":8},"end":{"line":127,"column":75}},{"start":{"line":128,"column":8},"end":{"line":129,"column":37}},{"start":{"line":130,"column":8},"end":{"line":131,"column":37}},{"start":{"line":132,"column":8},"end":{"line":133,"column":19}}]},"15":{"loc":{"start":{"line":143,"column":28},"end":{"line":143,"column":108}},"type":"cond-expr","locations":[{"start":{"line":143,"column":39},"end":{"line":143,"column":78}},{"start":{"line":143,"column":81},"end":{"line":143,"column":108}}]},"16":{"loc":{"start":{"line":144,"column":25},"end":{"line":144,"column":99}},"type":"cond-expr","locations":[{"start":{"line":144,"column":36},"end":{"line":144,"column":72}},{"start":{"line":144,"column":75},"end":{"line":144,"column":99}}]},"17":{"loc":{"start":{"line":151,"column":13},"end":{"line":151,"column":56}},"type":"cond-expr","locations":[{"start":{"line":151,"column":28},"end":{"line":151,"column":52}},{"start":{"line":151,"column":55},"end":{"line":151,"column":56}}]},"18":{"loc":{"start":{"line":164,"column":25},"end":{"line":164,"column":111}},"type":"cond-expr","locations":[{"start":{"line":164,"column":36},"end":{"line":164,"column":78}},{"start":{"line":164,"column":81},"end":{"line":164,"column":111}}]},"19":{"loc":{"start":{"line":165,"column":27},"end":{"line":165,"column":109}},"type":"cond-expr","locations":[{"start":{"line":165,"column":38},"end":{"line":165,"column":78}},{"start":{"line":165,"column":81},"end":{"line":165,"column":109}}]},"20":{"loc":{"start":{"line":166,"column":28},"end":{"line":166,"column":114}},"type":"cond-expr","locations":[{"start":{"line":166,"column":39},"end":{"line":166,"column":81}},{"start":{"line":166,"column":84},"end":{"line":166,"column":114}}]},"21":{"loc":{"start":{"line":191,"column":21},"end":{"line":191,"column":80}},"type":"binary-expr","locations":[{"start":{"line":191,"column":21},"end":{"line":191,"column":30}},{"start":{"line":191,"column":34},"end":{"line":191,"column":80}}]},"22":{"loc":{"start":{"line":204,"column":10},"end":{"line":206,"column":11}},"type":"if","locations":[{"start":{"line":204,"column":10},"end":{"line":206,"column":11}}]},"23":{"loc":{"start":{"line":209,"column":10},"end":{"line":211,"column":11}},"type":"if","locations":[{"start":{"line":209,"column":10},"end":{"line":211,"column":11}}]},"24":{"loc":{"start":{"line":228,"column":6},"end":{"line":238,"column":7}},"type":"switch","locations":[{"start":{"line":229,"column":8},"end":{"line":231,"column":16}},{"start":{"line":232,"column":8},"end":{"line":234,"column":16}},{"start":{"line":235,"column":8},"end":{"line":237,"column":16}}]},"25":{"loc":{"start":{"line":244,"column":33},"end":{"line":244,"column":79}},"type":"default-arg","locations":[{"start":{"line":244,"column":74},"end":{"line":244,"column":79}}]},"26":{"loc":{"start":{"line":249,"column":4},"end":{"line":260,"column":5}},"type":"switch","locations":[{"start":{"line":250,"column":6},"end":{"line":253,"column":59}},{"start":{"line":254,"column":6},"end":{"line":256,"column":53}},{"start":{"line":257,"column":6},"end":{"line":257,"column":17}},{"start":{"line":258,"column":6},"end":{"line":259,"column":41}}]}},"s":{"0":0,"1":0,"2":0,"3":0,"4":0,"5":0,"6":0,"7":0,"8":0,"9":0,"10":0,"11":0,"12":0,"13":0,"14":0,"15":0,"16":0,"17":0,"18":0,"19":0,"20":0,"21":0,"22":0,"23":0,"24":0,"25":0,"26":0,"27":0,"28":0,"29":0,"30":0,"31":0,"32":0,"33":0,"34":0,"35":0,"36":0,"37":0,"38":0,"39":0,"40":0,"41":0,"42":0,"43":0,"44":0,"45":0,"46":0,"47":0,"48":0,"49":0,"50":0,"51":0,"52":0,"53":0,"54":0,"55":0,"56":0,"57":0,"58":0,"59":0,"60":0,"61":0,"62":0,"63":0,"64":0,"65":0,"66":0,"67":0,"68":0,"69":0,"70":0,"71":0,"72":0,"73":0,"74":0,"75":0,"76":0,"77":0,"78":0,"79":0,"80":0,"81":0,"82":0,"83":0,"84":0,"85":0,"86":0,"87":0,"88":0,"89":0,"90":0,"91":0,"92":0,"93":0,"94":0,"95":0,"96":0,"97":0,"98":0,"99":0,"100":0,"101":0,"102":0,"103":0,"104":0,"105":0,"106":0,"107":0,"108":0,"109":0,"110":0,"111":0,"112":0,"113":0,"114":0,"115":0,"116":0,"117":0},"f":{"0":0,"1":0,"2":0,"3":0,"4":0,"5":0,"6":0,"7":0,"8":0,"9":0,"10":0,"11":0,"12":0,"13":0,"14":0,"15":0,"16":0,"17":0,"18":0},"b":{"0":[0,0],"1":[0,0],"2":[0,0],"3":[0,0],"4":[0],"5":[0,0],"6":[0,0],"7":[0,0],"8":[0,0],"9":[0],"10":[0,0],"11":[0],"12":[0],"13":[0],"14":[0,0,0,0,0],"15":[0,0],"16":[0,0],"17":[0,0],"18":[0,0],"19":[0,0],"20":[0,0],"21":[0,0],"22":[0],"23":[0],"24":[0,0,0],"25":[0],"26":[0,0,0,0]}}
,"/Users/mike/code/opennotes-ai/multiverse/communitynotes/opennotes-discord/src/api/server.ts": {"path":"/Users/mike/code/opennotes-ai/multiverse/communitynotes/opennotes-discord/src/api/server.ts","statementMap":{"0":{"start":{"line":27,"column":22},"end":{"line":27,"column":37}},"1":{"start":{"line":28,"column":4},"end":{"line":28,"column":25}},"2":{"start":{"line":29,"column":4},"end":{"line":29,"column":57}},"3":{"start":{"line":30,"column":4},"end":{"line":30,"column":87}},"4":{"start":{"line":31,"column":4},"end":{"line":31,"column":27}},"5":{"start":{"line":32,"column":4},"end":{"line":32,"column":23}},"6":{"start":{"line":36,"column":4},"end":{"line":36,"column":27}},"7":{"start":{"line":37,"column":4},"end":{"line":37,"column":25}},"8":{"start":{"line":38,"column":4},"end":{"line":38,"column":50}},"9":{"start":{"line":39,"column":4},"end":{"line":39,"column":72}},"10":{"start":{"line":42,"column":4},"end":{"line":50,"column":7}},"11":{"start":{"line":43,"column":6},"end":{"line":48,"column":9}},"12":{"start":{"line":49,"column":6},"end":{"line":49,"column":13}},"13":{"start":{"line":55,"column":4},"end":{"line":55,"column":119}},"14":{"start":{"line":56,"column":4},"end":{"line":56,"column":84}},"15":{"start":{"line":57,"column":4},"end":{"line":57,"column":113}},"16":{"start":{"line":60,"column":4},"end":{"line":75,"column":7}},"17":{"start":{"line":61,"column":6},"end":{"line":74,"column":7}},"18":{"start":{"line":62,"column":29},"end":{"line":62,"column":71}},"19":{"start":{"line":63,"column":27},"end":{"line":64,"column":72}},"20":{"start":{"line":66,"column":8},"end":{"line":66,"column":50}},"21":{"start":{"line":68,"column":8},"end":{"line":68,"column":52}},"22":{"start":{"line":69,"column":8},"end":{"line":73,"column":11}},"23":{"start":{"line":78,"column":4},"end":{"line":100,"column":7}},"24":{"start":{"line":79,"column":6},"end":{"line":99,"column":7}},"25":{"start":{"line":80,"column":52},"end":{"line":84,"column":10}},"26":{"start":{"line":86,"column":8},"end":{"line":92,"column":11}},"27":{"start":{"line":94,"column":8},"end":{"line":94,"column":61}},"28":{"start":{"line":95,"column":8},"end":{"line":98,"column":11}},"29":{"start":{"line":103,"column":4},"end":{"line":106,"column":7}},"30":{"start":{"line":104,"column":21},"end":{"line":104,"column":41}},"31":{"start":{"line":105,"column":6},"end":{"line":105,"column":23}},"32":{"start":{"line":109,"column":4},"end":{"line":119,"column":7}},"33":{"start":{"line":110,"column":6},"end":{"line":118,"column":7}},"34":{"start":{"line":111,"column":24},"end":{"line":111,"column":63}},"35":{"start":{"line":112,"column":8},"end":{"line":112,"column":26}},"36":{"start":{"line":114,"column":8},"end":{"line":114,"column":61}},"37":{"start":{"line":115,"column":8},"end":{"line":117,"column":11}},"38":{"start":{"line":122,"column":4},"end":{"line":133,"column":7}},"39":{"start":{"line":123,"column":6},"end":{"line":132,"column":7}},"40":{"start":{"line":124,"column":29},"end":{"line":124,"column":39}},"41":{"start":{"line":125,"column":24},"end":{"line":125,"column":79}},"42":{"start":{"line":126,"column":8},"end":{"line":126,"column":26}},"43":{"start":{"line":128,"column":8},"end":{"line":128,"column":61}},"44":{"start":{"line":129,"column":8},"end":{"line":131,"column":11}},"45":{"start":{"line":136,"column":23},"end":{"line":136,"column":53}},"46":{"start":{"line":137,"column":22},"end":{"line":137,"column":46}},"47":{"start":{"line":138,"column":26},"end":{"line":138,"column":70}},"48":{"start":{"line":140,"column":4},"end":{"line":140,"column":62}},"49":{"start":{"line":143,"column":4},"end":{"line":145,"column":7}},"50":{"start":{"line":144,"column":6},"end":{"line":144,"column":59}},"51":{"start":{"line":148,"column":4},"end":{"line":161,"column":7}},"52":{"start":{"line":149,"column":6},"end":{"line":160,"column":9}},"53":{"start":{"line":164,"column":4},"end":{"line":169,"column":7}},"54":{"start":{"line":165,"column":6},"end":{"line":168,"column":9}},"55":{"start":{"line":172,"column":4},"end":{"line":184,"column":7}},"56":{"start":{"line":173,"column":6},"end":{"line":178,"column":9}},"57":{"start":{"line":180,"column":6},"end":{"line":183,"column":9}},"58":{"start":{"line":188,"column":4},"end":{"line":188,"column":25}},"59":{"start":{"line":188,"column":18},"end":{"line":188,"column":25}},"60":{"start":{"line":191,"column":4},"end":{"line":221,"column":7}},"61":{"start":{"line":192,"column":6},"end":{"line":220,"column":7}},"62":{"start":{"line":193,"column":22},"end":{"line":193,"column":49}},"63":{"start":{"line":194,"column":8},"end":{"line":196,"column":9}},"64":{"start":{"line":195,"column":10},"end":{"line":195,"column":76}},"65":{"start":{"line":198,"column":24},"end":{"line":198,"column":70}},"66":{"start":{"line":199,"column":27},"end":{"line":199,"column":91}},"67":{"start":{"line":201,"column":8},"end":{"line":203,"column":9}},"68":{"start":{"line":202,"column":10},"end":{"line":202,"column":76}},"69":{"start":{"line":205,"column":28},"end":{"line":205,"column":96}},"70":{"start":{"line":206,"column":8},"end":{"line":208,"column":9}},"71":{"start":{"line":207,"column":10},"end":{"line":207,"column":83}},"72":{"start":{"line":210,"column":8},"end":{"line":214,"column":10}},"73":{"start":{"line":216,"column":8},"end":{"line":216,"column":15}},"74":{"start":{"line":218,"column":8},"end":{"line":218,"column":60}},"75":{"start":{"line":219,"column":8},"end":{"line":219,"column":48}},"76":{"start":{"line":224,"column":4},"end":{"line":246,"column":7}},"77":{"start":{"line":225,"column":19},"end":{"line":225,"column":35}},"78":{"start":{"line":226,"column":6},"end":{"line":226,"column":88}},"79":{"start":{"line":229,"column":6},"end":{"line":229,"column":31}},"80":{"start":{"line":232,"column":6},"end":{"line":234,"column":9}},"81":{"start":{"line":233,"column":8},"end":{"line":233,"column":90}},"82":{"start":{"line":237,"column":6},"end":{"line":240,"column":9}},"83":{"start":{"line":238,"column":8},"end":{"line":238,"column":42}},"84":{"start":{"line":239,"column":8},"end":{"line":239,"column":89}},"85":{"start":{"line":242,"column":6},"end":{"line":245,"column":9}},"86":{"start":{"line":243,"column":8},"end":{"line":243,"column":43}},"87":{"start":{"line":244,"column":8},"end":{"line":244,"column":87}},"88":{"start":{"line":248,"column":4},"end":{"line":248,"column":62}},"89":{"start":{"line":253,"column":4},"end":{"line":253,"column":25}},"90":{"start":{"line":253,"column":18},"end":{"line":253,"column":25}},"91":{"start":{"line":255,"column":4},"end":{"line":259,"column":5}},"92":{"start":{"line":256,"column":6},"end":{"line":256,"column":57}},"93":{"start":{"line":258,"column":6},"end":{"line":258,"column":48}},"94":{"start":{"line":261,"column":4},"end":{"line":261,"column":66}},"95":{"start":{"line":265,"column":4},"end":{"line":279,"column":7}},"96":{"start":{"line":266,"column":6},"end":{"line":266,"column":43}},"97":{"start":{"line":267,"column":6},"end":{"line":272,"column":9}},"98":{"start":{"line":273,"column":6},"end":{"line":273,"column":27}},"99":{"start":{"line":275,"column":6},"end":{"line":278,"column":9}},"100":{"start":{"line":276,"column":8},"end":{"line":276,"column":68}},"101":{"start":{"line":277,"column":8},"end":{"line":277,"column":18}},"102":{"start":{"line":283,"column":4},"end":{"line":290,"column":5}},"103":{"start":{"line":284,"column":6},"end":{"line":289,"column":9}},"104":{"start":{"line":285,"column":8},"end":{"line":288,"column":11}},"105":{"start":{"line":286,"column":10},"end":{"line":286,"column":44}},"106":{"start":{"line":287,"column":10},"end":{"line":287,"column":20}}},"fnMap":{"0":{"name":"(anonymous_0)","decl":{"start":{"line":27,"column":2},"end":{"line":27,"column":22}},"loc":{"start":{"line":27,"column":37},"end":{"line":33,"column":3}}},"1":{"name":"(anonymous_1)","decl":{"start":{"line":35,"column":10},"end":{"line":35,"column":25}},"loc":{"start":{"line":35,"column":25},"end":{"line":51,"column":3}}},"2":{"name":"(anonymous_2)","decl":{"start":{"line":42,"column":17},"end":{"line":42,"column":18}},"loc":{"start":{"line":42,"column":36},"end":{"line":50,"column":5}}},"3":{"name":"(anonymous_3)","decl":{"start":{"line":53,"column":10},"end":{"line":53,"column":21}},"loc":{"start":{"line":53,"column":21},"end":{"line":185,"column":3}}},"4":{"name":"(anonymous_4)","decl":{"start":{"line":60,"column":28},"end":{"line":60,"column":33}},"loc":{"start":{"line":60,"column":47},"end":{"line":75,"column":5}}},"5":{"name":"(anonymous_5)","decl":{"start":{"line":78,"column":41},"end":{"line":78,"column":46}},"loc":{"start":{"line":78,"column":60},"end":{"line":100,"column":5}}},"6":{"name":"(anonymous_6)","decl":{"start":{"line":103,"column":36},"end":{"line":103,"column":37}},"loc":{"start":{"line":103,"column":49},"end":{"line":106,"column":5}}},"7":{"name":"(anonymous_7)","decl":{"start":{"line":109,"column":33},"end":{"line":109,"column":38}},"loc":{"start":{"line":109,"column":52},"end":{"line":119,"column":5}}},"8":{"name":"(anonymous_8)","decl":{"start":{"line":122,"column":50},"end":{"line":122,"column":55}},"loc":{"start":{"line":122,"column":69},"end":{"line":133,"column":5}}},"9":{"name":"(anonymous_9)","decl":{"start":{"line":143,"column":33},"end":{"line":143,"column":34}},"loc":{"start":{"line":143,"column":46},"end":{"line":145,"column":5}}},"10":{"name":"(anonymous_10)","decl":{"start":{"line":148,"column":22},"end":{"line":148,"column":23}},"loc":{"start":{"line":148,"column":35},"end":{"line":161,"column":5}}},"11":{"name":"(anonymous_11)","decl":{"start":{"line":164,"column":22},"end":{"line":164,"column":23}},"loc":{"start":{"line":164,"column":35},"end":{"line":169,"column":5}}},"12":{"name":"(anonymous_12)","decl":{"start":{"line":172,"column":17},"end":{"line":172,"column":18}},"loc":{"start":{"line":172,"column":107},"end":{"line":184,"column":5}}},"13":{"name":"(anonymous_13)","decl":{"start":{"line":187,"column":10},"end":{"line":187,"column":23}},"loc":{"start":{"line":187,"column":23},"end":{"line":249,"column":3}}},"14":{"name":"(anonymous_14)","decl":{"start":{"line":191,"column":16},"end":{"line":191,"column":21}},"loc":{"start":{"line":191,"column":39},"end":{"line":221,"column":5}}},"15":{"name":"(anonymous_15)","decl":{"start":{"line":224,"column":29},"end":{"line":224,"column":30}},"loc":{"start":{"line":224,"column":40},"end":{"line":246,"column":5}}},"16":{"name":"(anonymous_16)","decl":{"start":{"line":232,"column":30},"end":{"line":232,"column":31}},"loc":{"start":{"line":232,"column":41},"end":{"line":234,"column":7}}},"17":{"name":"(anonymous_17)","decl":{"start":{"line":237,"column":36},"end":{"line":237,"column":37}},"loc":{"start":{"line":237,"column":57},"end":{"line":240,"column":7}}},"18":{"name":"(anonymous_18)","decl":{"start":{"line":242,"column":37},"end":{"line":242,"column":38}},"loc":{"start":{"line":242,"column":58},"end":{"line":245,"column":7}}},"19":{"name":"(anonymous_19)","decl":{"start":{"line":252,"column":9},"end":{"line":252,"column":28}},"loc":{"start":{"line":252,"column":72},"end":{"line":262,"column":3}}},"20":{"name":"(anonymous_20)","decl":{"start":{"line":264,"column":9},"end":{"line":264,"column":14}},"loc":{"start":{"line":264,"column":20},"end":{"line":280,"column":3}}},"21":{"name":"(anonymous_21)","decl":{"start":{"line":265,"column":23},"end":{"line":265,"column":24}},"loc":{"start":{"line":265,"column":35},"end":{"line":279,"column":5}}},"22":{"name":"(anonymous_22)","decl":{"start":{"line":275,"column":41},"end":{"line":275,"column":44}},"loc":{"start":{"line":275,"column":46},"end":{"line":278,"column":7}}},"23":{"name":"(anonymous_23)","decl":{"start":{"line":282,"column":9},"end":{"line":282,"column":14}},"loc":{"start":{"line":282,"column":19},"end":{"line":291,"column":3}}},"24":{"name":"(anonymous_24)","decl":{"start":{"line":284,"column":25},"end":{"line":284,"column":26}},"loc":{"start":{"line":284,"column":37},"end":{"line":289,"column":7}}},"25":{"name":"(anonymous_25)","decl":{"start":{"line":285,"column":26},"end":{"line":285,"column":29}},"loc":{"start":{"line":285,"column":31},"end":{"line":288,"column":9}}}},"branchMap":{"0":{"loc":{"start":{"line":63,"column":27},"end":{"line":64,"column":72}},"type":"cond-expr","locations":[{"start":{"line":63,"column":63},"end":{"line":63,"column":66}},{"start":{"line":64,"column":26},"end":{"line":64,"column":72}}]},"1":{"loc":{"start":{"line":64,"column":26},"end":{"line":64,"column":72}},"type":"cond-expr","locations":[{"start":{"line":64,"column":63},"end":{"line":64,"column":66}},{"start":{"line":64,"column":69},"end":{"line":64,"column":72}}]},"2":{"loc":{"start":{"line":188,"column":4},"end":{"line":188,"column":25}},"type":"if","locations":[{"start":{"line":188,"column":4},"end":{"line":188,"column":25}}]},"3":{"loc":{"start":{"line":194,"column":8},"end":{"line":196,"column":9}},"type":"if","locations":[{"start":{"line":194,"column":8},"end":{"line":196,"column":9}}]},"4":{"loc":{"start":{"line":201,"column":8},"end":{"line":203,"column":9}},"type":"if","locations":[{"start":{"line":201,"column":8},"end":{"line":203,"column":9}}]},"5":{"loc":{"start":{"line":206,"column":8},"end":{"line":208,"column":9}},"type":"if","locations":[{"start":{"line":206,"column":8},"end":{"line":208,"column":9}}]},"6":{"loc":{"start":{"line":253,"column":4},"end":{"line":253,"column":25}},"type":"if","locations":[{"start":{"line":253,"column":4},"end":{"line":253,"column":25}}]},"7":{"loc":{"start":{"line":255,"column":4},"end":{"line":259,"column":5}},"type":"if","locations":[{"start":{"line":255,"column":4},"end":{"line":259,"column":5}},{"start":{"line":257,"column":11},"end":{"line":259,"column":5}}]},"8":{"loc":{"start":{"line":283,"column":4},"end":{"line":290,"column":5}},"type":"if","locations":[{"start":{"line":283,"column":4},"end":{"line":290,"column":5}}]}},"s":{"0":0,"1":0,"2":0,"3":0,"4":0,"5":0,"6":0,"7":0,"8":0,"9":0,"10":0,"11":0,"12":0,"13":0,"14":0,"15":0,"16":0,"17":0,"18":0,"19":0,"20":0,"21":0,"22":0,"23":0,"24":0,"25":0,"26":0,"27":0,"28":0,"29":0,"30":0,"31":0,"32":0,"33":0,"34":0,"35":0,"36":0,"37":0,"38":0,"39":0,"40":0,"41":0,"42":0,"43":0,"44":0,"45":0,"46":0,"47":0,"48":0,"49":0,"50":0,"51":0,"52":0,"53":0,"54":0,"55":0,"56":0,"57":0,"58":0,"59":0,"60":0,"61":0,"62":0,"63":0,"64":0,"65":0,"66":0,"67":0,"68":0,"69":0,"70":0,"71":0,"72":0,"73":0,"74":0,"75":0,"76":0,"77":0,"78":0,"79":0,"80":0,"81":0,"82":0,"83":0,"84":0,"85":0,"86":0,"87":0,"88":0,"89":0,"90":0,"91":0,"92":0,"93":0,"94":0,"95":0,"96":0,"97":0,"98":0,"99":0,"100":0,"101":0,"102":0,"103":0,"104":0,"105":0,"106":0},"f":{"0":0,"1":0,"2":0,"3":0,"4":0,"5":0,"6":0,"7":0,"8":0,"9":0,"10":0,"11":0,"12":0,"13":0,"14":0,"15":0,"16":0,"17":0,"18":0,"19":0,"20":0,"21":0,"22":0,"23":0,"24":0,"25":0},"b":{"0":[0,0],"1":[0,0],"2":[0],"3":[0],"4":[0],"5":[0],"6":[0],"7":[0,0],"8":[0]}}
,"/Users/mike/code/opennotes-ai/multiverse/communitynotes/opennotes-discord/src/api/routes/analytics.ts": {"path":"/Users/mike/code/opennotes-ai/multiverse/communitynotes/opennotes-discord/src/api/routes/analytics.ts","statementMap":{"0":{"start":{"line":12,"column":17},"end":{"line":12,"column":25}},"1":{"start":{"line":14,"column":2},"end":{"line":14,"column":59}},"2":{"start":{"line":16,"column":2},"end":{"line":25,"column":5}},"3":{"start":{"line":17,"column":4},"end":{"line":24,"column":5}},"4":{"start":{"line":18,"column":21},"end":{"line":18,"column":52}},"5":{"start":{"line":19,"column":22},"end":{"line":19,"column":73}},"6":{"start":{"line":20,"column":6},"end":{"line":20,"column":24}},"7":{"start":{"line":22,"column":6},"end":{"line":22,"column":63}},"8":{"start":{"line":23,"column":6},"end":{"line":23,"column":74}},"9":{"start":{"line":27,"column":2},"end":{"line":36,"column":5}},"10":{"start":{"line":28,"column":4},"end":{"line":35,"column":5}},"11":{"start":{"line":29,"column":21},"end":{"line":29,"column":52}},"12":{"start":{"line":30,"column":22},"end":{"line":30,"column":73}},"13":{"start":{"line":31,"column":6},"end":{"line":31,"column":24}},"14":{"start":{"line":33,"column":6},"end":{"line":33,"column":63}},"15":{"start":{"line":34,"column":6},"end":{"line":34,"column":74}},"16":{"start":{"line":38,"column":2},"end":{"line":47,"column":5}},"17":{"start":{"line":39,"column":4},"end":{"line":46,"column":5}},"18":{"start":{"line":40,"column":21},"end":{"line":40,"column":52}},"19":{"start":{"line":41,"column":22},"end":{"line":41,"column":73}},"20":{"start":{"line":42,"column":6},"end":{"line":42,"column":24}},"21":{"start":{"line":44,"column":6},"end":{"line":44,"column":71}},"22":{"start":{"line":45,"column":6},"end":{"line":45,"column":82}},"23":{"start":{"line":49,"column":2},"end":{"line":58,"column":5}},"24":{"start":{"line":50,"column":4},"end":{"line":57,"column":5}},"25":{"start":{"line":51,"column":21},"end":{"line":51,"column":52}},"26":{"start":{"line":52,"column":22},"end":{"line":52,"column":73}},"27":{"start":{"line":53,"column":6},"end":{"line":53,"column":24}},"28":{"start":{"line":55,"column":6},"end":{"line":55,"column":71}},"29":{"start":{"line":56,"column":6},"end":{"line":56,"column":82}},"30":{"start":{"line":60,"column":2},"end":{"line":69,"column":5}},"31":{"start":{"line":61,"column":4},"end":{"line":68,"column":5}},"32":{"start":{"line":62,"column":21},"end":{"line":62,"column":52}},"33":{"start":{"line":63,"column":21},"end":{"line":63,"column":65}},"34":{"start":{"line":64,"column":6},"end":{"line":64,"column":23}},"35":{"start":{"line":66,"column":6},"end":{"line":66,"column":53}},"36":{"start":{"line":67,"column":6},"end":{"line":67,"column":66}},"37":{"start":{"line":71,"column":2},"end":{"line":92,"column":5}},"38":{"start":{"line":72,"column":4},"end":{"line":91,"column":5}},"39":{"start":{"line":73,"column":39},"end":{"line":73,"column":47}},"40":{"start":{"line":74,"column":21},"end":{"line":74,"column":53}},"41":{"start":{"line":76,"column":21},"end":{"line":76,"column":73}},"42":{"start":{"line":78,"column":6},"end":{"line":87,"column":9}},"43":{"start":{"line":89,"column":6},"end":{"line":89,"column":64}},"44":{"start":{"line":90,"column":6},"end":{"line":90,"column":77}},"45":{"start":{"line":94,"column":2},"end":{"line":111,"column":5}},"46":{"start":{"line":95,"column":4},"end":{"line":110,"column":5}},"47":{"start":{"line":96,"column":27},"end":{"line":96,"column":37}},"48":{"start":{"line":98,"column":6},"end":{"line":106,"column":9}},"49":{"start":{"line":108,"column":6},"end":{"line":108,"column":61}},"50":{"start":{"line":109,"column":6},"end":{"line":109,"column":72}},"51":{"start":{"line":113,"column":2},"end":{"line":149,"column":5}},"52":{"start":{"line":114,"column":4},"end":{"line":148,"column":5}},"53":{"start":{"line":115,"column":27},"end":{"line":115,"column":37}},"54":{"start":{"line":116,"column":25},"end":{"line":116,"column":33}},"55":{"start":{"line":118,"column":6},"end":{"line":120,"column":7}},"56":{"start":{"line":119,"column":8},"end":{"line":119,"column":72}},"57":{"start":{"line":122,"column":21},"end":{"line":122,"column":51}},"58":{"start":{"line":123,"column":21},"end":{"line":123,"column":95}},"59":{"start":{"line":126,"column":6},"end":{"line":138,"column":7}},"60":{"start":{"line":128,"column":10},"end":{"line":128,"column":63}},"61":{"start":{"line":129,"column":10},"end":{"line":129,"column":16}},"62":{"start":{"line":131,"column":10},"end":{"line":131,"column":63}},"63":{"start":{"line":132,"column":10},"end":{"line":132,"column":16}},"64":{"start":{"line":134,"column":10},"end":{"line":134,"column":64}},"65":{"start":{"line":135,"column":10},"end":{"line":135,"column":16}},"66":{"start":{"line":137,"column":10},"end":{"line":137,"column":48}},"67":{"start":{"line":140,"column":6},"end":{"line":144,"column":9}},"68":{"start":{"line":146,"column":6},"end":{"line":146,"column":63}},"69":{"start":{"line":147,"column":6},"end":{"line":147,"column":75}},"70":{"start":{"line":151,"column":2},"end":{"line":172,"column":5}},"71":{"start":{"line":152,"column":4},"end":{"line":171,"column":5}},"72":{"start":{"line":153,"column":35},"end":{"line":153,"column":45}},"73":{"start":{"line":155,"column":6},"end":{"line":157,"column":7}},"74":{"start":{"line":156,"column":8},"end":{"line":156,"column":74}},"75":{"start":{"line":159,"column":23},"end":{"line":159,"column":46}},"76":{"start":{"line":160,"column":23},"end":{"line":160,"column":44}},"77":{"start":{"line":162,"column":6},"end":{"line":167,"column":9}},"78":{"start":{"line":163,"column":8},"end":{"line":166,"column":9}},"79":{"start":{"line":164,"column":10},"end":{"line":164,"column":57}},"80":{"start":{"line":165,"column":10},"end":{"line":165,"column":62}},"81":{"start":{"line":169,"column":6},"end":{"line":169,"column":65}},"82":{"start":{"line":170,"column":6},"end":{"line":170,"column":77}},"83":{"start":{"line":174,"column":2},"end":{"line":202,"column":5}},"84":{"start":{"line":175,"column":4},"end":{"line":201,"column":5}},"85":{"start":{"line":176,"column":27},"end":{"line":176,"column":37}},"86":{"start":{"line":177,"column":21},"end":{"line":180,"column":8}},"87":{"start":{"line":182,"column":67},"end":{"line":187,"column":8}},"88":{"start":{"line":189,"column":6},"end":{"line":197,"column":9}},"89":{"start":{"line":199,"column":6},"end":{"line":199,"column":70}},"90":{"start":{"line":200,"column":6},"end":{"line":200,"column":81}},"91":{"start":{"line":204,"column":2},"end":{"line":228,"column":5}},"92":{"start":{"line":205,"column":4},"end":{"line":227,"column":5}},"93":{"start":{"line":206,"column":21},"end":{"line":206,"column":52}},"94":{"start":{"line":208,"column":75},"end":{"line":214,"column":8}},"95":{"start":{"line":216,"column":6},"end":{"line":223,"column":9}},"96":{"start":{"line":225,"column":6},"end":{"line":225,"column":69}},"97":{"start":{"line":226,"column":6},"end":{"line":226,"column":80}},"98":{"start":{"line":230,"column":2},"end":{"line":230,"column":16}},"99":{"start":{"line":234,"column":14},"end":{"line":234,"column":24}},"100":{"start":{"line":235,"column":23},"end":{"line":235,"column":73}},"101":{"start":{"line":237,"column":2},"end":{"line":246,"column":4}}},"fnMap":{"0":{"name":"createAnalyticsRoutes","decl":{"start":{"line":8,"column":16},"end":{"line":8,"column":37}},"loc":{"start":{"line":10,"column":48},"end":{"line":231,"column":1}}},"1":{"name":"(anonymous_1)","decl":{"start":{"line":16,"column":28},"end":{"line":16,"column":33}},"loc":{"start":{"line":16,"column":47},"end":{"line":25,"column":3}}},"2":{"name":"(anonymous_2)","decl":{"start":{"line":27,"column":28},"end":{"line":27,"column":33}},"loc":{"start":{"line":27,"column":47},"end":{"line":36,"column":3}}},"3":{"name":"(anonymous_3)","decl":{"start":{"line":38,"column":31},"end":{"line":38,"column":36}},"loc":{"start":{"line":38,"column":50},"end":{"line":47,"column":3}}},"4":{"name":"(anonymous_4)","decl":{"start":{"line":49,"column":29},"end":{"line":49,"column":34}},"loc":{"start":{"line":49,"column":48},"end":{"line":58,"column":3}}},"5":{"name":"(anonymous_5)","decl":{"start":{"line":60,"column":24},"end":{"line":60,"column":29}},"loc":{"start":{"line":60,"column":43},"end":{"line":69,"column":3}}},"6":{"name":"(anonymous_6)","decl":{"start":{"line":71,"column":25},"end":{"line":71,"column":30}},"loc":{"start":{"line":71,"column":44},"end":{"line":92,"column":3}}},"7":{"name":"(anonymous_7)","decl":{"start":{"line":94,"column":34},"end":{"line":94,"column":39}},"loc":{"start":{"line":94,"column":53},"end":{"line":111,"column":3}}},"8":{"name":"(anonymous_8)","decl":{"start":{"line":113,"column":42},"end":{"line":113,"column":47}},"loc":{"start":{"line":113,"column":61},"end":{"line":149,"column":3}}},"9":{"name":"(anonymous_9)","decl":{"start":{"line":151,"column":51},"end":{"line":151,"column":56}},"loc":{"start":{"line":151,"column":70},"end":{"line":172,"column":3}}},"10":{"name":"(anonymous_10)","decl":{"start":{"line":162,"column":39},"end":{"line":162,"column":40}},"loc":{"start":{"line":162,"column":47},"end":{"line":167,"column":7}}},"11":{"name":"(anonymous_11)","decl":{"start":{"line":174,"column":43},"end":{"line":174,"column":48}},"loc":{"start":{"line":174,"column":62},"end":{"line":202,"column":3}}},"12":{"name":"(anonymous_12)","decl":{"start":{"line":204,"column":32},"end":{"line":204,"column":37}},"loc":{"start":{"line":204,"column":51},"end":{"line":228,"column":3}}},"13":{"name":"parseAnalyticsFilter","decl":{"start":{"line":233,"column":9},"end":{"line":233,"column":29}},"loc":{"start":{"line":233,"column":40},"end":{"line":247,"column":1}}}},"branchMap":{"0":{"loc":{"start":{"line":118,"column":6},"end":{"line":120,"column":7}},"type":"if","locations":[{"start":{"line":118,"column":6},"end":{"line":120,"column":7}}]},"1":{"loc":{"start":{"line":126,"column":6},"end":{"line":138,"column":7}},"type":"switch","locations":[{"start":{"line":127,"column":8},"end":{"line":129,"column":16}},{"start":{"line":130,"column":8},"end":{"line":132,"column":16}},{"start":{"line":133,"column":8},"end":{"line":135,"column":16}},{"start":{"line":136,"column":8},"end":{"line":137,"column":48}}]},"2":{"loc":{"start":{"line":155,"column":6},"end":{"line":157,"column":7}},"type":"if","locations":[{"start":{"line":155,"column":6},"end":{"line":157,"column":7}}]},"3":{"loc":{"start":{"line":163,"column":8},"end":{"line":166,"column":9}},"type":"if","locations":[{"start":{"line":163,"column":8},"end":{"line":166,"column":9}}]},"4":{"loc":{"start":{"line":239,"column":13},"end":{"line":239,"column":71}},"type":"cond-expr","locations":[{"start":{"line":239,"column":31},"end":{"line":239,"column":56}},{"start":{"line":239,"column":59},"end":{"line":239,"column":71}}]},"5":{"loc":{"start":{"line":240,"column":11},"end":{"line":240,"column":56}},"type":"cond-expr","locations":[{"start":{"line":240,"column":27},"end":{"line":240,"column":50}},{"start":{"line":240,"column":53},"end":{"line":240,"column":56}}]},"6":{"loc":{"start":{"line":242,"column":14},"end":{"line":242,"column":41}},"type":"binary-expr","locations":[{"start":{"line":242,"column":14},"end":{"line":242,"column":28}},{"start":{"line":242,"column":32},"end":{"line":242,"column":41}}]},"7":{"loc":{"start":{"line":243,"column":12},"end":{"line":243,"column":37}},"type":"binary-expr","locations":[{"start":{"line":243,"column":12},"end":{"line":243,"column":24}},{"start":{"line":243,"column":28},"end":{"line":243,"column":37}}]},"8":{"loc":{"start":{"line":244,"column":20},"end":{"line":244,"column":86}},"type":"cond-expr","locations":[{"start":{"line":244,"column":43},"end":{"line":244,"column":74}},{"start":{"line":244,"column":77},"end":{"line":244,"column":86}}]},"9":{"loc":{"start":{"line":245,"column":17},"end":{"line":245,"column":43}},"type":"binary-expr","locations":[{"start":{"line":245,"column":17},"end":{"line":245,"column":34}},{"start":{"line":245,"column":38},"end":{"line":245,"column":43}}]}},"s":{"0":0,"1":0,"2":0,"3":0,"4":0,"5":0,"6":0,"7":0,"8":0,"9":0,"10":0,"11":0,"12":0,"13":0,"14":0,"15":0,"16":0,"17":0,"18":0,"19":0,"20":0,"21":0,"22":0,"23":0,"24":0,"25":0,"26":0,"27":0,"28":0,"29":0,"30":0,"31":0,"32":0,"33":0,"34":0,"35":0,"36":0,"37":0,"38":0,"39":0,"40":0,"41":0,"42":0,"43":0,"44":0,"45":0,"46":0,"47":0,"48":0,"49":0,"50":0,"51":0,"52":0,"53":0,"54":0,"55":0,"56":0,"57":0,"58":0,"59":0,"60":0,"61":0,"62":0,"63":0,"64":0,"65":0,"66":0,"67":0,"68":0,"69":0,"70":0,"71":0,"72":0,"73":0,"74":0,"75":0,"76":0,"77":0,"78":0,"79":0,"80":0,"81":0,"82":0,"83":0,"84":0,"85":0,"86":0,"87":0,"88":0,"89":0,"90":0,"91":0,"92":0,"93":0,"94":0,"95":0,"96":0,"97":0,"98":0,"99":0,"100":0,"101":0},"f":{"0":0,"1":0,"2":0,"3":0,"4":0,"5":0,"6":0,"7":0,"8":0,"9":0,"10":0,"11":0,"12":0,"13":0},"b":{"0":[0],"1":[0,0,0,0],"2":[0],"3":[0],"4":[0,0],"5":[0,0],"6":[0,0],"7":[0,0],"8":[0,0],"9":[0,0]}}
,"/Users/mike/code/opennotes-ai/multiverse/communitynotes/opennotes-discord/src/api/routes/dashboard.ts": {"path":"/Users/mike/code/opennotes-ai/multiverse/communitynotes/opennotes-discord/src/api/routes/dashboard.ts","statementMap":{"0":{"start":{"line":21,"column":15},"end":{"line":21,"column":31}},"1":{"start":{"line":24,"column":23},"end":{"line":24,"column":43}},"2":{"start":{"line":25,"column":27},"end":{"line":25,"column":51}},"3":{"start":{"line":26,"column":29},"end":{"line":26,"column":50}},"4":{"start":{"line":27,"column":22},"end":{"line":27,"column":41}},"5":{"start":{"line":28,"column":20},"end":{"line":28,"column":37}},"6":{"start":{"line":29,"column":21},"end":{"line":29,"column":39}},"7":{"start":{"line":33,"column":34},"end":{"line":66,"column":3}},"8":{"start":{"line":34,"column":4},"end":{"line":65,"column":5}},"9":{"start":{"line":35,"column":20},"end":{"line":35,"column":71}},"10":{"start":{"line":37,"column":6},"end":{"line":39,"column":7}},"11":{"start":{"line":38,"column":8},"end":{"line":38,"column":84}},"12":{"start":{"line":41,"column":22},"end":{"line":41,"column":68}},"13":{"start":{"line":42,"column":19},"end":{"line":42,"column":71}},"14":{"start":{"line":44,"column":6},"end":{"line":46,"column":7}},"15":{"start":{"line":45,"column":8},"end":{"line":45,"column":81}},"16":{"start":{"line":49,"column":25},"end":{"line":49,"column":84}},"17":{"start":{"line":50,"column":6},"end":{"line":52,"column":7}},"18":{"start":{"line":51,"column":8},"end":{"line":51,"column":84}},"19":{"start":{"line":55,"column":26},"end":{"line":55,"column":89}},"20":{"start":{"line":56,"column":6},"end":{"line":58,"column":7}},"21":{"start":{"line":57,"column":8},"end":{"line":57,"column":91}},"22":{"start":{"line":60,"column":6},"end":{"line":60,"column":42}},"23":{"start":{"line":61,"column":6},"end":{"line":61,"column":13}},"24":{"start":{"line":63,"column":6},"end":{"line":63,"column":61}},"25":{"start":{"line":64,"column":6},"end":{"line":64,"column":56}},"26":{"start":{"line":69,"column":2},"end":{"line":197,"column":5}},"27":{"start":{"line":70,"column":4},"end":{"line":196,"column":5}},"28":{"start":{"line":79,"column":10},"end":{"line":79,"column":19}},"29":{"start":{"line":81,"column":29},"end":{"line":81,"column":58}},"30":{"start":{"line":82,"column":30},"end":{"line":82,"column":61}},"31":{"start":{"line":83,"column":27},"end":{"line":83,"column":67}},"32":{"start":{"line":84,"column":28},"end":{"line":84,"column":54}},"33":{"start":{"line":87,"column":31},"end":{"line":87,"column":33}},"34":{"start":{"line":88,"column":6},"end":{"line":96,"column":7}},"35":{"start":{"line":89,"column":23},"end":{"line":89,"column":78}},"36":{"start":{"line":90,"column":8},"end":{"line":92,"column":9}},"37":{"start":{"line":91,"column":10},"end":{"line":91,"column":33}},"38":{"start":{"line":95,"column":8},"end":{"line":95,"column":58}},"39":{"start":{"line":98,"column":6},"end":{"line":109,"column":7}},"40":{"start":{"line":99,"column":8},"end":{"line":108,"column":11}},"41":{"start":{"line":112,"column":35},"end":{"line":112,"column":37}},"42":{"start":{"line":113,"column":6},"end":{"line":164,"column":7}},"43":{"start":{"line":114,"column":25},"end":{"line":117,"column":null}},"44":{"start":{"line":120,"column":8},"end":{"line":163,"column":9}},"45":{"start":{"line":121,"column":31},"end":{"line":121,"column":93}},"46":{"start":{"line":122,"column":33},"end":{"line":122,"column":97}},"47":{"start":{"line":125,"column":29},
[...]
s":[{"start":{"line":91,"column":6},"end":{"line":98,"column":7}}]},"5":{"loc":{"start":{"line":91,"column":10},"end":{"line":91,"column":71}},"type":"binary-expr","locations":[{"start":{"line":91,"column":10},"end":{"line":91,"column":30}},{"start":{"line":91,"column":34},"end":{"line":91,"column":71}}]},"6":{"loc":{"start":{"line":126,"column":6},"end":{"line":131,"column":7}},"type":"if","locations":[{"start":{"line":126,"column":6},"end":{"line":131,"column":7}}]},"7":{"loc":{"start":{"line":139,"column":17},"end":{"line":139,"column":116}},"type":"cond-expr","locations":[{"start":{"line":139,"column":48},"end":{"line":139,"column":83}},{"start":{"line":139,"column":86},"end":{"line":139,"column":116}}]},"8":{"loc":{"start":{"line":171,"column":6},"end":{"line":176,"column":7}},"type":"if","locations":[{"start":{"line":171,"column":6},"end":{"line":176,"column":7}}]},"9":{"loc":{"start":{"line":179,"column":6},"end":{"line":189,"column":7}},"type":"if","locations":[{"start":{"line":179,"column":6},"end":{"line":189,"column":7}}]},"10":{"loc":{"start":{"line":192,"column":6},"end":{"line":201,"column":7}},"type":"if","locations":[{"start":{"line":192,"column":6},"end":{"line":201,"column":7}}]},"11":{"loc":{"start":{"line":204,"column":6},"end":{"line":211,"column":7}},"type":"if","locations":[{"start":{"line":204,"column":6},"end":{"line":211,"column":7}}]},"12":{"loc":{"start":{"line":209,"column":22},"end":{"line":209,"column":60}},"type":"binary-expr","locations":[{"start":{"line":209,"column":22},"end":{"line":209,"column":47}},{"start":{"line":209,"column":51},"end":{"line":209,"column":60}}]},"13":{"loc":{"start":{"line":214,"column":6},"end":{"line":231,"column":7}},"type":"if","locations":[{"start":{"line":214,"column":6},"end":{"line":231,"column":7}}]},"14":{"loc":{"start":{"line":241,"column":6},"end":{"line":255,"column":7}},"type":"if","locations":[{"start":{"line":241,"column":6},"end":{"line":255,"column":7}}]},"15":{"loc":{"start":{"line":242,"column":30},"end":{"line":242,"column":106}},"type":"cond-expr","locations":[{"start":{"line":242,"column":86},"end":{"line":242,"column":94}},{"start":{"line":242,"column":97},"end":{"line":242,"column":106}}]},"16":{"loc":{"start":{"line":246,"column":24},"end":{"line":248,"column":67}},"type":"cond-expr","locations":[{"start":{"line":247,"column":12},"end":{"line":247,"column":81}},{"start":{"line":248,"column":12},"end":{"line":248,"column":67}}]},"17":{"loc":{"start":{"line":294,"column":11},"end":{"line":294,"column":36}},"type":"binary-expr","locations":[{"start":{"line":294,"column":11},"end":{"line":294,"column":27}},{"start":{"line":294,"column":31},"end":{"line":294,"column":36}}]},"18":{"loc":{"start":{"line":299,"column":11},"end":{"line":306,"column":6}},"type":"binary-expr","locations":[{"start":{"line":299,"column":11},"end":{"line":299,"column":28}},{"start":{"line":299,"column":32},"end":{"line":306,"column":6}}]},"19":{"loc":{"start":{"line":310,"column":11},"end":{"line":310,"column":48}},"type":"binary-expr","locations":[{"start":{"line":310,"column":11},"end":{"line":310,"column":40}},{"start":{"line":310,"column":44},"end":{"line":310,"column":48}}]},"20":{"loc":{"start":{"line":331,"column":27},"end":{"line":331,"column":66}},"type":"binary-expr","locations":[{"start":{"line":331,"column":27},"end":{"line":331,"column":60}},{"start":{"line":331,"column":64},"end":{"line":331,"column":66}}]},"21":{"loc":{"start":{"line":345,"column":6},"end":{"line":351,"column":7}},"type":"if","locations":[{"start":{"line":345,"column":6},"end":{"line":351,"column":7}}]},"22":{"loc":{"start":{"line":346,"column":8},"end":{"line":348,"column":41}},"type":"binary-expr","locations":[{"start":{"line":346,"column":8},"end":{"line":346,"column":52}},{"start":{"line":347,"column":8},"end":{"line":347,"column":38}},{"start":{"line":348,"column":8},"end":{"line":348,"column":41}}]},"23":{"loc":{"start":{"line":393,"column":4},"end":{"line":404,"column":5}},"type":"switch","locations":[{"start":{"line":394,"column":6},"end":{"line":395,"column":21}},{"start":{"line":396,"column":6},"end":{"line":397,"column":24}},{"start":{"line":398,"column":6},"end":{"line":399,"column":22}},{"start":{"line":400,"column":6},"end":{"line":401,"column":26}},{"start":{"line":402,"column":6},"end":{"line":403,"column":21}}]}},"s":{"0":0,"1":0,"2":0,"3":0,"4":0,"5":0,"6":0,"7":0,"8":0,"9":0,"10":0,"11":0,"12":0,"13":0,"14":0,"15":0,"16":0,"17":0,"18":0,"19":0,"20":0,"21":0,"22":0,"23":0,"24":0,"25":0,"26":0,"27":0,"28":0,"29":0,"30":0,"31":0,"32":0,"33":0,"34":0,"35":0,"36":0,"37":0,"38":0,"39":0,"40":0,"41":0,"42":0,"43":0,"44":0,"45":0,"46":0,"47":0,"48":0,"49":0,"50":0,"51":0,"52":0,"53":0,"54":0,"55":0,"56":0,"57":0,"58":0,"59":0,"60":0,"61":0,"62":0,"63":0,"64":0,"65":0,"66":0,"67":0,"68":0,"69":0,"70":0,"71":0,"72":0,"73":0,"74":0,"75":0,"76":0,"77":0,"78":0,"79":0,"80":0,"81":0,"82":0,"83":0,"84":0,"85":0,"86":0,"87":0,"88":0,"89":0,"90":0,"91":0,"92":0,"93":0,"94":0,"95":0,"96":0,"97":0,"98":0,"99":0,"100":0,"101":0,"102":0,"103":0},"f":{"0":0,"1":0,"2":0,"3":0,"4":0,"5":0,"6":0,"7":0,"8":0,"9":0,"10":0,"11":0,"12":0,"13":0},"b":{"0":[0],"1":[0],"2":[0],"3":[0],"4":[0],"5":[0,0],"6":[0],"7":[0,0],"8":[0],"9":[0],"10":[0],"11":[0],"12":[0,0],"13":[0],"14":[0],"15":[0,0],"16":[0,0],"17":[0,0],"18":[0,0],"19":[0,0],"20":[0,0],"21":[0],"22":[0,0,0],"23":[0,0,0,0,0]}}
,"/Users/mike/code/opennotes-ai/multiverse/communitynotes/opennotes-discord/src/verification/providers/BaseProvider.ts": {"path":"/Users/mike/code/opennotes-ai/multiverse/communitynotes/opennotes-discord/src/verification/providers/BaseProvider.ts","statementMap":{"0":{"start":{"line":12,"column":23},"end":{"line":12,"column":24}},"1":{"start":{"line":13,"column":23},"end":{"line":13,"column":35}},"2":{"start":{"line":14,"column":17},"end":{"line":14,"column":19}},"3":{"start":{"line":15,"column":4},"end":{"line":17,"column":5}},"4":{"start":{"line":15,"column":17},"end":{"line":15,"column":18}},"5":{"start":{"line":16,"column":6},"end":{"line":16,"column":81}},"6":{"start":{"line":18,"column":4},"end":{"line":18,"column":18}},"7":{"start":{"line":22,"column":4},"end":{"line":22,"column":14}},"8":{"start":{"line":26,"column":4},"end":{"line":32,"column":7}},"9":{"start":{"line":36,"column":4},"end":{"line":46,"column":5}},"10":{"start":{"line":38,"column":30},"end":{"line":38,"column":47}},"11":{"start":{"line":39,"column":26},"end":{"line":41,"column":15}},"12":{"start":{"line":42,"column":6},"end":{"line":42,"column":40}},"13":{"start":{"line":43,"column":11},"end":{"line":46,"column":5}},"14":{"start":{"line":45,"column":6},"end":{"line":45,"column":106}},"15":{"start":{"line":47,"column":4},"end":{"line":47,"column":130}}},"fnMap":{"0":{"name":"(anonymous_0)","decl":{"start":{"line":11,"column":2},"end":{"line":11,"column":14}},"loc":{"start":{"line":11,"column":14},"end":{"line":19,"column":3}}},"1":{"name":"(anonymous_1)","decl":{"start":{"line":21,"column":2},"end":{"line":21,"column":15}},"loc":{"start":{"line":21,"column":15},"end":{"line":23,"column":3}}},"2":{"name":"(anonymous_2)","decl":{"start":{"line":25,"column":12},"end":{"line":25,"column":22}},"loc":{"start":{"line":25,"column":70},"end":{"line":33,"column":3}}},"3":{"name":"(anonymous_3)","decl":{"start":{"line":35,"column":12},"end":{"line":35,"column":22}},"loc":{"start":{"line":35,"column":37},"end":{"line":48,"column":3}}}},"branchMap":{"0":{"loc":{"start":{"line":36,"column":4},"end":{"line":46,"column":5}},"type":"if","locations":[{"start":{"line":36,"column":4},"end":{"line":46,"column":5}},{"start":{"line":43,"column":11},"end":{"line":46,"column":5}}]},"1":{"loc":{"start":{"line":39,"column":26},"end":{"line":41,"column":15}},"type":"cond-expr","locations":[{"start":{"line":40,"column":10},"end":{"line":40,"column":62}},{"start":{"line":41,"column":10},"end":{"line":41,"column":15}}]},"2":{"loc":{"start":{"line":43,"column":11},"end":{"line":46,"column":5}},"type":"if","locations":[{"start":{"line":43,"column":11},"end":{"line":46,"column":5}}]}},"s":{"0":36,"1":36,"2":36,"3":36,"4":36,"5":216,"6":36,"7":3,"8":0,"9":16,"10":5,"11":5,"12":5,"13":11,"14":4,"15":7},"f":{"0":36,"1":3,"2":0,"3":16},"b":{"0":[5,11],"1":[4,1],"2":[4]}}
,"/Users/mike/code/opennotes-ai/multiverse/communitynotes/opennotes-discord/src/verification/providers/EmailProvider.ts": {"path":"/Users/mike/code/opennotes-ai/multiverse/communitynotes/opennotes-discord/src/verification/providers/EmailProvider.ts","statementMap":{"0":{"start":{"line":8,"column":18},"end":{"line":8,"column":25}},"1":{"start":{"line":9,"column":40},"end":{"line":9,"column":47}},"2":{"start":{"line":10,"column":55},"end":{"line":10,"column":59}},"3":{"start":{"line":13,"column":4},"end":{"line":13,"column":12}},"4":{"start":{"line":14,"column":4},"end":{"line":14,"column":33}},"5":{"start":{"line":18,"column":4},"end":{"line":21,"column":5}},"6":{"start":{"line":19,"column":6},"end":{"line":19,"column":82}},"7":{"start":{"line":20,"column":6},"end":{"line":20,"column":13}},"8":{"start":{"line":23,"column":4},"end":{"line":37,"column":5}},"9":{"start":{"line":24,"column":6},"end":{"line":32,"column":9}},"10":{"start":{"line":34,"column":6},"end":{"line":34,"column":61}},"11":{"start":{"line":36,"column":6},"end":{"line":36,"column":69}},"12":{"start":{"line":41,"column":23},"end":{"line":41,"column":51}},"13":{"start":{"line":42,"column":4},"end":{"line":42,"column":34}},"14":{"start":{"line":46,"column":4},"end":{"line":49,"column":5}},"15":{"start":{"line":47,"column":6},"end":{"line":47,"column":56}},"16":{"start":{"line":48,"column":6},"end":{"line":48,"column":19}},"17":{"start":{"line":51,"column":4},"end":{"line":54,"column":5}},"18":{"start":{"line":52,"column":6},"end":{"line":52,"column":79}},"19":{"start":{"line":53,"column":6},"end":{"line":53,"column":19}},"20":{"start":{"line":56,"column":4},"end":{"line":77,"column":5}},"21":{"start":{"line":57,"column":22},"end":{"line":57,"column":71}},"22":{"start":{"line":58,"column":23},"end":{"line":58,"column":56}},"23":{"start":{"line":60,"column":26},"end":{"line":69,"column":8}},"24":{"start":{"line":71,"column":6},"end":{"line":71,"column":51}},"25":{"start":{"line":72,"column":6},"end":{"line":72,"column":35}},"26":{"start":{"line":73,"column":6},"end":{"line":73,"column":18}},"27":{"start":{"line":75,"column":6},"end":{"line":75,"column":52}},"28":{"start":{"line":76,"column":6},"end":{"line":76,"column":19}},"29":{"start":{"line":81,"column":21},"end":{"line":81,"column":48}},"30":{"start":{"line":83,"column":4},"end":{"line":116,"column":5}},"31":{"start":{"line":84,"column":6},"end":{"line":115,"column":8}},"32":{"start":{"line":118,"column":4},"end":{"line":118,"column":20}},"33":{"start":{"line":122,"column":4},"end":{"line":134,"column":13}}},"fnMap":{"0":{"name":"(anonymous_0)","decl":{"start":{"line":12,"column":2},"end":{"line":12,"column":null}},"loc":{"start":{"line":12,"column":2},"end":{"line":15,"column":3}}},"1":{"name":"(anonymous_1)","decl":{"start":{"line":17,"column":10},"end":{"line":17,"column":31}},"loc":{"start":{"line":17,"column":31},"end":{"line":38,"column":3}}},"2":{"name":"(anonymous_2)","decl":{"start":{"line":40,"column":2},"end":{"line":40,"column":16}},"loc":{"start":{"line":40,"column":30},"end":{"line":43,"column":3}}},"3":{"name":"(anonymous_3)","decl":{"start":{"line":45,"column":2},"end":{"line":45,"column":7}},"loc":{"start":{"line":45,"column":64},"end":{"line":78,"column":3}}},"4":{"name":"(anonymous_4)","decl":{"start":{"line":80,"column":10},"end":{"line":80,"column":26}},"loc":{"start":{"line":80,"column":51},"end":{"line":119,"column":3}}},"5":{"name":"(anonymous_5)","decl":{"start":{"line":121,"column":10},"end":{"line":121,"column":25}},"loc":{"start":{"line":121,"column":38},"end":{"line":135,"column":3}}}},"branchMap":{"0":{"loc":{"start":{"line":18,"column":4},"end":{"line":21,"column":5}},"type":"if","locations":[{"start":{"line":18,"column":4},"end":{"line":21,"column":5}}]},"1":{"loc":{"start":{"line":18,"column":8},"end":{"line":18,"column":76}},"type":"binary-expr","locations":[{"start":{"line":18,"column":8},"end":{"line":18,"column":28}},{"start":{"line":18,"column":32},"end":{"line":18,"column":52}},{"start":{"line":18,"column":56},"end":{"line":18,"column":76}}]},"2":{"loc":{"start":{"line":26,"column":14},"end":{"line":26,"column":40}},"type":"binary-expr","locations":[{"start":{"line":26,"column":14},"end":{"line":26,"column":33}},{"start":{"line":26,"column":37},"end":{"line":26,"column":40}}]},"3":{"loc":{"start":{"line":27,"column":17},"end":{"line":27,"column":43}},"type":"binary-expr","locations":[{"start":{"line":27,"column":17},"end":{"line":27,"column":36}},{"start":{"line":27,"column":40},"end":{"line":27,"column":43}}]},"4":{"loc":{"start":{"line":46,"column":4},"end":{"line":49,"column":5}},"type":"if","locations":[{"start":{"line":46,"column":4},"end":{"line":49,"column":5}}]},"5":{"loc":{"start":{"line":51,"column":4},"end":{"line":54,"column":5}},"type":"if","locations":[{"start":{"line":51,"column":4},"end":{"line":54,"column":5}}]},"6":{"loc":{"start":{"line":57,"column":22},"end":{"line":57,"column":71}},"type":"binary-expr","locations":[{"start":{"line":57,"column":22},"end":{"line":57,"column":35}},{"start":{"line":57,"column":39},"end":{"line":57,"column":71}}]},"7":{"loc":{"start":{"line":62,"column":16},"end":{"line":62,"column":56}},"type":"binary-expr","locations":[{"start":{"line":62,"column":16},"end":{"line":62,"column":40}},{"start":{"line":62,"column":44},"end":{"line":62,"column":56}}]},"8":{"loc":{"start":{"line":63,"column":19},"end":{"line":63,"column":70}},"type":"binary-expr","locations":[{"start":{"line":63,"column":19},"end":{"line":63,"column":46}},{"start":{"line":63,"column":50},"end":{"line":63,"column":70}}]},"9":{"loc":{"start":{"line":81,"column":21},"end":{"line":81,"column":48}},"type":"binary-expr","locations":[{"start":{"line":81,"column":21},"end":{"line":81,"column":35}},{"start":{"line":81,"column":39},"end":{"line":81,"column":48}}]},"10":{"loc":{"start":{"line":83,"column":4},"end":{"line":116,"column":5}},"type":"if","locations":[{"start":{"line":83,"column":4},"end":{"line":116,"column":5}}]}},"s":{"0":27,"1":27,"2":27,"3":27,"4":27,"5":27,"6":0,"7":0,"8":27,"9":27,"10":27,"11":0,"12":23,"13":23,"14":0,"15":0,"16":0,"17":0,"18":0,"19":0,"20":0,"21":0,"22":0,"23":0,"24":0,"25":0,"26":0,"27":0,"28":0,"29":13,"30":13,"31":12,"32":1,"33":6},"f":{"0":27,"1":27,"2":23,"3":0,"4":13,"5":6},"b":{"0":[0],"1":[27,27,27],"2":[27,0],"3":[27,0],"4":[0],"5":[0],"6":[0,0],"7":[0,0],"8":[0,0],"9":[13,11],"10":[12]}}
,"/Users/mike/code/opennotes-ai/multiverse/communitynotes/opennotes-discord/src/verification/providers/PhoneProvider.ts": {"path":"/Users/mike/code/opennotes-ai/multiverse/communitynotes/opennotes-discord/src/verification/providers/PhoneProvider.ts","statementMap":{"0":{"start":{"line":8,"column":18},"end":{"line":8,"column":25}},"1":{"start":{"line":9,"column":40},"end":{"line":9,"column":47}},"2":{"start":{"line":10,"column":37},"end":{"line":10,"column":41}},"3":{"start":{"line":13,"column":4},"end":{"line":13,"column":12}},"4":{"start":{"line":14,"column":4},"end":{"line":14,"column":28}},"5":{"start":{"line":18,"column":4},"end":{"line":21,"column":5}},"6":{"start":{"line":19,"column":6},"end":{"line":19,"column":84}},"7":{"start":{"line":20,"column":6},"end":{"line":20,"column":13}},"8":{"start":{"line":23,"column":4},"end":{"line":31,"column":5}},"9":{"start":{"line":24,"column":6},"end":{"line":27,"column":8}},"10":{"start":{"line":28,"column":6},"end":{"line":28,"column":61}},"11":{"start":{"line":30,"column":6},"end":{"line":30,"column":69}},"12":{"start":{"line":36,"column":23},"end":{"line":36,"column":42}},"13":{"start":{"line":37,"column":4},"end":{"line":37,"column":40}},"14":{"start":{"line":41,"column":4},"end":{"line":44,"column":5}},"15":{"start":{"line":42,"column":6},"end":{"line":42,"column":52}},"16":{"start":{"line":43,"column":6},"end":{"line":43,"column":19}},"17":{"start":{"line":46,"column":4},"end":{"line":49,"column":5}},"18":{"start":{"line":47,"column":6},"end":{"line":47,"column":91}},"19":{"start":{"line":48,"column":6},"end":{"line":48,"column":19}},"20":{"start":{"line":51,"column":4},"end":{"line":54,"column":5}},"21":{"start":{"line":52,"column":6},"end":{"line":52,"column":57}},"22":{"start":{"line":53,"column":6},"end":{"line":53,"column":19}},"23":{"start":{"line":56,"column":4},"end":{"line":70,"column":5}},"24":{"start":{"line":57,"column":22},"end":{"line":57,"column":53}},"25":{"start":{"line":59,"column":6},"end":{"line":63,"column":9}},"26":{"start":{"line":65,"column":6},"end":{"line":65,"column":41}},"27":{"start":{"line":66,"column":6},"end":{"line":66,"column":18}},"28":{"start":{"line":68,"column":6},"end":{"line":68,"column":58}},"29":{"start":{"line":69,"column":6},"end":{"line":69,"column":19}},"30":{"start":{"line":74,"column":21},"end":{"line":74,"column":48}},"31":{"start":{"line":76,"column":4},"end":{"line":78,"column":5}},"32":{"start":{"line":77,"column":6},"end":{"line":77,"column":138}},"33":{"start":{"line":80,"column":4},"end":{"line":80,"column":46}},"34":{"start":{"line":84,"column":4},"end":{"line":84,"column":14}}},"fnMap":{"0":{"name":"(anonymous_0)","decl":{"start":{"line":12,"column":2},"end":{"line":12,"column":null}},"loc":{"start":{"line":12,"column":2},"end":{"line":15,"column":3}}},"1":{"name":"(anonymous_1)","decl":{"start":{"line":17,"column":10},"end":{"line":17,"column":26}},"loc":{"start":{"line":17,"column":26},"end":{"line":32,"column":3}}},"2":{"name":"(anonymous_2)","decl":{"start":{"line":34,"column":2},"end":{"line":34,"column":16}},"loc":{"start":{"line":34,"column":36},"end":{"line":38,"column":3}}},"3":{"name":"(anonymous_3)","decl":{"start":{"line":40,"column":2},"end":{"line":40,"column":7}},"loc":{"start":{"line":40,"column":70},"end":{"line":71,"column":3}}},"4":{"name":"(anonymous_4)","decl":{"start":{"line":73,"column":10},"end":{"line":73,"column":24}},"loc":{"start":{"line":73,"column":49},"end":{"line":81,"column":3}}},"5":{"name":"(anonymous_5)","decl":{"start":{"line":83,"column":2},"end":{"line":83,"column":15}},"loc":{"start":{"line":83,"column":15},"end":{"line":85,"column":3}}}},"branchMap":{"0":{"loc":{"start":{"line":18,"column":4},"end":{"line":21,"column":5}},"type":"if","locations":[{"start":{"line":18,"column":4},"end":{"line":21,"column":5}}]},"1":{"loc":{"start":{"line":18,"column":8},"end":{"line":18,"column":69}},"type":"binary-expr","locations":[{"start":{"line":18,"column":8},"end":{"line":18,"column":37}},{"start":{"line":18,"column":41},"end":{"line":18,"column":69}}]},"2":{"loc":{"start":{"line":41,"column":4},"end":{"line":44,"column":5}},"type":"if","locations":[{"start":{"line":41,"column":4},"end":{"line":44,"column":5}}]},"3":{"loc":{"start":{"line":46,"column":4},"end":{"line":49,"column":5}},"type":"if","locations":[{"start":{"line":46,"column":4},"end":{"line":49,"column":5}}]},"4":{"loc":{"start":{"line":51,"column":4},"end":{"line":54,"column":5}},"type":"if","locations":[{"start":{"line":51,"column":4},"end":{"line":54,"column":5}}]},"5":{"loc":{"start":{"line":74,"column":21},"end":{"line":74,"column":48}},"type":"binary-expr","locations":[{"start":{"line":74,"column":21},"end":{"line":74,"column":35}},{"start":{"line":74,"column":39},"end":{"line":74,"column":48}}]},"6":{"loc":{"start":{"line":76,"column":4},"end":{"line":78,"column":5}},"type":"if","locations":[{"start":{"line":76,"column":4},"end":{"line":78,"column":5}}]}},"s":{"0":28,"1":28,"2":28,"3":28,"4":28,"5":28,"6":0,"7":0,"8":28,"9":28,"10":0,"11":28,"12":32,"13":32,"14":0,"15":0,"16":0,"17":0,"18":0,"19":0,"20":0,"21":0,"22":0,"23":0,"24":0,"25":0,"26":0,"27":0,"28":0,"29":0,"30":11,"31":11,"32":9,"33":2,"34":4},"f":{"0":28,"1":28,"2":32,"3":0,"4":11,"5":4},"b":{"0":[0],"1":[28,28],"2":[0],"3":[0],"4":[0],"5":[11,8],"6":[9]}}
}
