TN:
SF:src/analytics/NatsTimeSeriesCollector.ts
FN:9,(anonymous_0)
FN:34,(anonymous_1)
FN:45,(anonymous_2)
FN:60,(anonymous_3)
FN:70,(anonymous_4)
FN:90,(anonymous_5)
FN:115,(anonymous_6)
FN:122,(anonymous_7)
FN:128,(anonymous_8)
FN:132,(anonymous_9)
FN:134,(anonymous_10)
FN:148,(anonymous_11)
FN:165,(anonymous_12)
FN:196,(anonymous_13)
FN:202,(anonymous_14)
FN:221,(anonymous_15)
FN:225,(anonymous_16)
FN:229,(anonymous_17)
FN:235,(anonymous_18)
FN:241,(anonymous_19)
FNF:20
FNH:0
FNDA:0,(anonymous_0)
FNDA:0,(anonymous_1)
FNDA:0,(anonymous_2)
FNDA:0,(anonymous_3)
FNDA:0,(anonymous_4)
FNDA:0,(anonymous_5)
FNDA:0,(anonymous_6)
FNDA:0,(anonymous_7)
FNDA:0,(anonymous_8)
FNDA:0,(anonymous_9)
FNDA:0,(anonymous_10)
FNDA:0,(anonymous_11)
FNDA:0,(anonymous_12)
FNDA:0,(anonymous_13)
FNDA:0,(anonymous_14)
FNDA:0,(anonymous_15)
FNDA:0,(anonymous_16)
FNDA:0,(anonymous_17)
FNDA:0,(anonymous_18)
FNDA:0,(anonymous_19)
DA:7,0
DA:10,0
DA:11,0
DA:12,0
DA:14,0
DA:26,0
DA:28,0
DA:30,0
DA:35,0
DA:37,0
DA:46,0
DA:48,0
DA:53,0
DA:54,0
DA:57,0
DA:61,0
DA:63,0
DA:71,0
DA:73,0
DA:80,0
DA:81,0
DA:87,0
DA:91,0
DA:92,0
DA:94,0
DA:100,0
DA:102,0
DA:103,0
DA:106,0
DA:107,0
DA:115,0
DA:117,0
DA:118,0
DA:123,0
DA:124,0
DA:126,0
DA:128,0
DA:130,0
DA:132,0
DA:134,0
DA:136,0
DA:138,0
DA:140,0
DA:143,0
DA:144,0
DA:149,0
DA:150,0
DA:151,0
DA:153,0
DA:158,0
DA:160,0
DA:161,0
DA:170,0
DA:171,0
DA:172,0
DA:173,0
DA:175,0
DA:181,0
DA:187,0
DA:188,0
DA:199,0
DA:203,0
DA:204,0
DA:205,0
DA:207,0
DA:209,0
DA:210,0
DA:211,0
DA:213,0
DA:214,0
DA:217,0
DA:222,0
DA:226,0
DA:230,0
DA:231,0
DA:232,0
DA:236,0
DA:237,0
DA:238,0
DA:242,0
DA:243,0
DA:244,0
DA:248,0
LF:83
LH:0
BRDA:11,0,0,0
BRDA:11,0,1,0
BRDA:18,1,0,0
BRDA:18,1,1,0
BRDA:35,2,0,0
BRDA:35,2,1,0
BRDA:46,3,0,0
BRDA:46,3,1,0
BRDA:53,4,0,0
BRDA:61,5,0,0
BRDA:61,5,1,0
BRDA:71,6,0,0
BRDA:71,6,1,0
BRDA:75,7,0,0
BRDA:75,7,1,0
BRDA:77,8,0,0
BRDA:77,8,1,0
BRDA:80,9,0,0
BRDA:83,10,0,0
BRDA:83,10,1,0
BRDA:90,11,0,0
BRDA:106,12,0,0
BRDA:110,13,0,0
BRDA:110,13,1,0
BRDA:122,14,0,0
BRDA:126,15,0,0
BRDA:130,16,0,0
BRDA:130,16,1,0
BRDA:130,16,2,0
BRDA:130,16,3,0
BRDA:130,16,4,0
BRDA:150,17,0,0
BRDA:150,17,1,0
BRDA:151,18,0,0
BRDA:151,18,1,0
BRDA:158,19,0,0
BRDA:158,19,1,0
BRDA:171,20,0,0
BRDA:171,20,1,0
BRDA:172,21,0,0
BRDA:172,21,1,0
BRDA:173,22,0,0
BRDA:173,22,1,0
BRDA:199,23,0,0
BRDA:199,23,1,0
BRDA:202,24,0,0
BRDA:207,25,0,0
BRDA:207,25,1,0
BRDA:207,25,2,0
BRDA:207,25,3,0
BRF:50
BRH:0
end_of_record
TN:
SF:src/analytics/ReportGenerator.ts
FN:10,(anonymous_0)
FN:14,(anonymous_1)
FN:33,(anonymous_2)
FN:51,(anonymous_3)
FN:69,(anonymous_4)
FN:84,(anonymous_5)
FN:262,(anonymous_6)
FN:287,(anonymous_7)
FN:303,(anonymous_8)
FN:325,(anonymous_9)
FN:341,(anonymous_10)
FN:355,(anonymous_11)
FN:372,(anonymous_12)
FN:387,(anonymous_13)
FN:402,(anonymous_14)
FN:414,(anonymous_15)
FNF:16
FNH:0
FNDA:0,(anonymous_0)
FNDA:0,(anonymous_1)
FNDA:0,(anonymous_2)
FNDA:0,(anonymous_3)
FNDA:0,(anonymous_4)
FNDA:0,(anonymous_5)
FNDA:0,(anonymous_6)
FNDA:0,(anonymous_7)
FNDA:0,(anonymous_8)
FNDA:0,(anonymous_9)
FNDA:0,(anonymous_10)
FNDA:0,(anonymous_11)
FNDA:0,(anonymous_12)
FNDA:0,(anonymous_13)
FNDA:0,(anonymous_14)
FNDA:0,(anonymous_15)
DA:8,0
DA:11,0
DA:15,0
DA:16,0
DA:17,0
DA:19,0
DA:21,0
DA:23,0
DA:25,0
DA:26,0
DA:28,0
DA:29,0
DA:34,0
DA:35,0
DA:36,0
DA:38,0
DA:39,0
DA:41,0
DA:43,0
DA:44,0
DA:46,0
DA:47,0
DA:52,0
DA:53,0
DA:54,0
DA:56,0
DA:57,0
DA:59,0
DA:61,0
DA:62,0
DA:64,0
DA:65,0
DA:70,0
DA:71,0
DA:77,0
DA:79,0
DA:80,0
DA:85,0
DA:87,0
DA:263,0
DA:264,0
DA:266,0
DA:267,0
DA:268,0
DA:269,0
DA:270,0
DA:271,0
DA:272,0
DA:273,0
DA:275,0
DA:277,0
DA:278,0
DA:279,0
DA:280,0
DA:281,0
DA:282,0
DA:284,0
DA:285,0
DA:286,0
DA:287,0
DA:288,0
DA:290,0
DA:293,0
DA:294,0
DA:295,0
DA:296,0
DA:297,0
DA:298,0
DA:299,0
DA:301,0
DA:302,0
DA:303,0
DA:304,0
DA:306,0
DA:308,0
DA:309,0
DA:310,0
DA:311,0
DA:312,0
DA:313,0
DA:314,0
DA:316,0
DA:317,0
DA:318,0
DA:319,0
DA:320,0
DA:322,0
DA:326,0
DA:328,0
DA:341,0
DA:356,0
DA:358,0
DA:372,0
DA:388,0
DA:389,0
DA:391,0
DA:402,0
DA:415,0
DA:416,0
DA:418,0
DA:419,0
DA:424,0
LF:102
LH:0
BRDA:167,0,0,0
BRDA:167,0,1,0
BRDA:272,1,0,0
BRDA:284,2,0,0
BRDA:326,3,0,0
BRDA:356,4,0,0
BRDA:389,5,0,0
BRF:7
BRH:0
end_of_record
TN:
SF:src/analytics/TimeSeriesCollector.ts
FN:9,(anonymous_0)
FN:29,(anonymous_1)
FN:40,(anonymous_2)
FN:55,(anonymous_3)
FN:65,(anonymous_4)
FN:85,(anonymous_5)
FN:108,(anonymous_6)
FN:115,(anonymous_7)
FN:121,(anonymous_8)
FN:125,(anonymous_9)
FN:127,(anonymous_10)
FN:141,(anonymous_11)
FN:158,(anonymous_12)
FN:189,(anonymous_13)
FN:221,(anonymous_14)
FN:244,(anonymous_15)
FN:263,(anonymous_16)
FN:269,(anonymous_17)
FN:275,(anonymous_18)
FNF:19
FNH:0
FNDA:0,(anonymous_0)
FNDA:0,(anonymous_1)
FNDA:0,(anonymous_2)
FNDA:0,(anonymous_3)
FNDA:0,(anonymous_4)
FNDA:0,(anonymous_5)
FNDA:0,(anonymous_6)
FNDA:0,(anonymous_7)
FNDA:0,(anonymous_8)
FNDA:0,(anonymous_9)
FNDA:0,(anonymous_10)
FNDA:0,(anonymous_11)
FNDA:0,(anonymous_12)
FNDA:0,(anonymous_13)
FNDA:0,(anonymous_14)
FNDA:0,(anonymous_15)
FNDA:0,(anonymous_16)
FNDA:0,(anonymous_17)
FNDA:0,(anonymous_18)
DA:6,0
DA:7,0
DA:10,0
DA:11,0
DA:12,0
DA:14,0
DA:20,0
DA:21,0
DA:23,0
DA:25,0
DA:30,0
DA:32,0
DA:41,0
DA:43,0
DA:48,0
DA:49,0
DA:52,0
DA:56,0
DA:58,0
DA:66,0
DA:68,0
DA:75,0
DA:76,0
DA:82,0
DA:86,0
DA:87,0
DA:88,0
DA:90,0
DA:91,0
DA:98,0
DA:99,0
DA:100,0
DA:108,0
DA:110,0
DA:111,0
DA:116,0
DA:117,0
DA:119,0
DA:121,0
DA:123,0
DA:125,0
DA:127,0
DA:129,0
DA:131,0
DA:133,0
DA:136,0
DA:137,0
DA:142,0
DA:143,0
DA:144,0
DA:146,0
DA:151,0
DA:153,0
DA:154,0
DA:163,0
DA:164,0
DA:165,0
DA:166,0
DA:168,0
DA:174,0
DA:180,0
DA:181,0
DA:190,0
DA:191,0
DA:192,0
DA:194,0
DA:195,0
DA:197,0
DA:198,0
DA:199,0
DA:200,0
DA:202,0
DA:203,0
DA:204,0
DA:205,0
DA:208,0
DA:209,0
DA:210,0
DA:215,0
DA:217,0
DA:222,0
DA:223,0
DA:225,0
DA:226,0
DA:228,0
DA:230,0
DA:231,0
DA:233,0
DA:234,0
DA:236,0
DA:237,0
DA:241,0
DA:245,0
DA:246,0
DA:247,0
DA:249,0
DA:251,0
DA:252,0
DA:253,0
DA:255,0
DA:256,0
DA:259,0
DA:264,0
DA:265,0
DA:266,0
DA:270,0
DA:271,0
DA:272,0
DA:276,0
DA:277,0
DA:278,0
DA:282,0
LF:112
LH:0
BRDA:11,0,0,0
BRDA:11,0,1,0
BRDA:17,1,0,0
BRDA:17,1,1,0
BRDA:30,2,0,0
BRDA:30,2,1,0
BRDA:41,3,0,0
BRDA:41,3,1,0
BRDA:48,4,0,0
BRDA:56,5,0,0
BRDA:56,5,1,0
BRDA:66,6,0,0
BRDA:66,6,1,0
BRDA:70,7,0,0
BRDA:70,7,1,0
BRDA:72,8,0,0
BRDA:72,8,1,0
BRDA:75,9,0,0
BRDA:78,10,0,0
BRDA:78,10,1,0
BRDA:85,11,0,0
BRDA:115,12,0,0
BRDA:119,13,0,0
BRDA:123,14,0,0
BRDA:123,14,1,0
BRDA:123,14,2,0
BRDA:123,14,3,0
BRDA:123,14,4,0
BRDA:143,15,0,0
BRDA:143,15,1,0
BRDA:144,16,0,0
BRDA:144,16,1,0
BRDA:151,17,0,0
BRDA:151,17,1,0
BRDA:164,18,0,0
BRDA:164,18,1,0
BRDA:165,19,0,0
BRDA:165,19,1,0
BRDA:166,20,0,0
BRDA:166,20,1,0
BRDA:191,21,0,0
BRDA:191,21,1,0
BRDA:204,22,0,0
BRDA:209,23,0,0
BRDA:228,24,0,0
BRDA:228,24,1,0
BRDA:228,24,2,0
BRDA:244,25,0,0
BRDA:249,26,0,0
BRDA:249,26,1,0
BRDA:249,26,2,0
BRDA:249,26,3,0
BRF:52
BRH:0
end_of_record
TN:
SF:src/api/server.ts
FN:27,(anonymous_0)
FN:35,(anonymous_1)
FN:42,(anonymous_2)
FN:53,(anonymous_3)
FN:60,(anonymous_4)
FN:78,(anonymous_5)
FN:103,(anonymous_6)
FN:109,(anonymous_7)
FN:122,(anonymous_8)
FN:143,(anonymous_9)
FN:148,(anonymous_10)
FN:164,(anonymous_11)
FN:172,(anonymous_12)
FN:187,(anonymous_13)
FN:191,(anonymous_14)
FN:224,(anonymous_15)
FN:232,(anonymous_16)
FN:237,(anonymous_17)
FN:242,(anonymous_18)
FN:252,(anonymous_19)
FN:264,(anonymous_20)
FN:265,(anonymous_21)
FN:275,(anonymous_22)
FN:282,(anonymous_23)
FN:284,(anonymous_24)
FN:285,(anonymous_25)
FNF:26
FNH:0
FNDA:0,(anonymous_0)
FNDA:0,(anonymous_1)
FNDA:0,(anonymous_2)
FNDA:0,(anonymous_3)
FNDA:0,(anonymous_4)
FNDA:0,(anonymous_5)
FNDA:0,(anonymous_6)
FNDA:0,(anonymous_7)
FNDA:0,(anonymous_8)
FNDA:0,(anonymous_9)
FNDA:0,(anonymous_10)
FNDA:0,(anonymous_11)
FNDA:0,(anonymous_12)
FNDA:0,(anonymous_13)
FNDA:0,(anonymous_14)
FNDA:0,(anonymous_15)
FNDA:0,(anonymous_16)
FNDA:0,(anonymous_17)
FNDA:0,(anonymous_18)
FNDA:0,(anonymous_19)
FNDA:0,(anonymous_20)
FNDA:0,(anonymous_21)
FNDA:0,(anonymous_22)
FNDA:0,(anonymous_23)
FNDA:0,(anonymous_24)
FNDA:0,(anonymous_25)
DA:27,0
DA:28,0
DA:29,0
DA:30,0
DA:31,0
DA:32,0
DA:36,0
DA:37,0
DA:38,0
DA:39,0
DA:42,0
DA:43,0
DA:49,0
DA:55,0
DA:56,0
DA:57,0
DA:60,0
DA:61,0
DA:62,0
DA:63,0
DA:66,0
DA:68,0
DA:69,0
DA:78,0
DA:79,0
DA:80,0
DA:86,0
DA:94,0
DA:95,0
DA:103,0
DA:104,0
DA:105,0
DA:109,0
DA:110,0
DA:111,0
DA:112,0
DA:114,0
DA:115,0
DA:122,0
DA:123,0
DA:124,0
DA:125,0
DA:126,0
DA:128,0
DA:129,0
DA:136,0
DA:137,0
DA:138,0
DA:140,0
DA:143,0
DA:144,0
DA:148,0
DA:149,0
DA:164,0
DA:165,0
DA:172,0
DA:173,0
DA:180,0
DA:188,0
DA:191,0
DA:192,0
DA:193,0
DA:194,0
DA:195,0
DA:198,0
DA:199,0
DA:201,0
DA:202,0
DA:205,0
DA:206,0
DA:207,0
DA:210,0
DA:216,0
DA:218,0
DA:219,0
DA:224,0
DA:225,0
DA:226,0
DA:229,0
DA:232,0
DA:233,0
DA:237,0
DA:238,0
DA:239,0
DA:242,0
DA:243,0
DA:244,0
DA:248,0
DA:253,0
DA:255,0
DA:256,0
DA:258,0
DA:261,0
DA:265,0
DA:266,0
DA:267,0
DA:273,0
DA:275,0
DA:276,0
DA:277,0
DA:283,0
DA:284,0
DA:285,0
DA:286,0
DA:287,0
LF:105
LH:0
BRDA:63,0,0,0
BRDA:63,0,1,0
BRDA:64,1,0,0
BRDA:64,1,1,0
BRDA:188,2,0,0
BRDA:194,3,0,0
BRDA:201,4,0,0
BRDA:206,5,0,0
BRDA:253,6,0,0
BRDA:255,7,0,0
BRDA:255,7,1,0
BRDA:283,8,0,0
BRF:12
BRH:0
end_of_record
TN:
SF:src/api/routes/analytics.ts
FN:8,createAnalyticsRoutes
FN:16,(anonymous_1)
FN:27,(anonymous_2)
FN:38,(anonymous_3)
FN:49,(anonymous_4)
FN:60,(anonymous_5)
FN:71,(anonymous_6)
FN:94,(anonymous_7)
FN:113,(anonymous_8)
FN:151,(anonymous_9)
FN:162,(anonymous_10)
FN:174,(anonymous_11)
FN:204,(anonymous_12)
FN:233,parseAnalyticsFilter
FNF:14
FNH:0
FNDA:0,createAnalyticsRoutes
FNDA:0,(anonymous_1)
FNDA:0,(anonymous_2)
FNDA:0,(anonymous_3)
FNDA:0,(anonymous_4)
FNDA:0,(anonymous_5)
FNDA:0,(anonymous_6)
FNDA:0,(anonymous_7)
FNDA:0,(anonymous_8)
FNDA:0,(anonymous_9)
FNDA:0,(anonymous_10)
FNDA:0,(anonymous_11)
FNDA:0,(anonymous_12)
FNDA:0,parseAnalyticsFilter
DA:12,0
DA:14,0
DA:16,0
DA:17,0
DA:18,0
DA:19,0
DA:20,0
DA:22,0
DA:23,0
DA:27,0
DA:28,0
DA:29,0
DA:30,0
DA:31,0
DA:33,0
DA:34,0
DA:38,0
DA:39,0
DA:40,0
DA:41,0
DA:42,0
DA:44,0
DA:45,0
DA:49,0
DA:50,0
DA:51,0
DA:52,0
DA:53,0
DA:55,0
DA:56,0
DA:60,0
DA:61,0
DA:62,0
DA:63,0
DA:64,0
DA:66,0
DA:67,0
DA:71,0
DA:72,0
DA:73,0
DA:74,0
DA:76,0
DA:78,0
DA:89,0
DA:90,0
DA:94,0
DA:95,0
DA:96,0
DA:98,0
DA:108,0
DA:109,0
DA:113,0
DA:114,0
DA:115,0
DA:116,0
DA:118,0
DA:119,0
DA:122,0
DA:123,0
DA:126,0
DA:128,0
DA:129,0
DA:131,0
DA:132,0
DA:134,0
DA:135,0
DA:137,0
DA:140,0
DA:146,0
DA:147,0
DA:151,0
DA:152,0
DA:153,0
DA:155,0
DA:156,0
DA:159,0
DA:160,0
DA:162,0
DA:163,0
DA:164,0
DA:165,0
DA:169,0
DA:170,0
DA:174,0
DA:175,0
DA:176,0
DA:177,0
DA:182,0
DA:189,0
DA:199,0
DA:200,0
DA:204,0
DA:205,0
DA:206,0
DA:208,0
DA:216,0
DA:225,0
DA:226,0
DA:230,0
DA:234,0
DA:235,0
DA:237,0
LF:102
LH:0
BRDA:118,0,0,0
BRDA:126,1,0,0
BRDA:126,1,1,0
BRDA:126,1,2,0
BRDA:126,1,3,0
BRDA:155,2,0,0
BRDA:163,3,0,0
BRDA:239,4,0,0
BRDA:239,4,1,0
BRDA:240,5,0,0
BRDA:240,5,1,0
BRDA:242,6,0,0
BRDA:242,6,1,0
BRDA:243,7,0,0
BRDA:243,7,1,0
BRDA:244,8,0,0
BRDA:244,8,1,0
BRDA:245,9,0,0
BRDA:245,9,1,0
BRF:19
BRH:0
end_of_record
TN:
SF:src/api/routes/dashboard.ts
FN:31,createDashboardRoutes
FN:33,(anonymous_1)
FN:69,(anonymous_2)
FN:126,(anonymous_3)
FN:149,(anonymous_4)
FN:167,(anonymous_5)
FN:185,(anonymous_6)
FN:200,(anonymous_7)
FN:222,(anonymous_8)
FN:244,(anonymous_9)
FN:250,(anonymous_10)
FN:265,(anonymous_11)
FN:275,(anonymous_12)
FN:276,(anonymous_13)
FN:277,(anonymous_14)
FN:284,(anonymous_15)
FN:294,(anonymous_16)
FN:301,(anonymous_17)
FN:322,(anonymous_18)
FN:338,(anonymous_19)
FN:374,(anonymous_20)
FN:383,(anonymous_21)
FN:412,(anonymous_22)
FN:450,(anonymous_23)
FN:470,(anonymous_24)
FN:500,(anonymous_25)
FN:554,(anonymous_26)
FN:590,(anonymous_27)
FN:613,(anonymous_28)
FN:636,(anonymous_29)
FN:655,(anonymous_30)
FN:685,(anonymous_31)
FN:715,(anonymous_32)
FN:750,(anonymous_33)
FNF:34
FNH:0
FNDA:0,createDashboardRoutes
FNDA:0,(anonymous_1)
FNDA:0,(anonymous_2)
FNDA:0,(anonymous_3)
FNDA:0,(anonymous_4)
FNDA:0,(anonymous_5)
FNDA:0,(anonymous_6)
FNDA:0,(anonymous_7)
FNDA:0,(anonymous_8)
FNDA:0,(anonymous_9)
FNDA:0,(anonymous_10)
FNDA:0,(anonymous_11)
FNDA:0,(anonymous_12)
FNDA:0,(anonymous_13)
FNDA:0,(anonymous_14)
FNDA:0,(anonymous_15)
FNDA:0,(anonymous_16)
FNDA:0,(anonymous_17)
FNDA:0,(anonymous_18)
FNDA:0,(anonymous_19)
FNDA:0,(anonymous_20)
FNDA:0,(anonymous_21)
FNDA:0,(anonymous_22)
FNDA:0,(anonymous_23)
FNDA:0,(anonymous_24)
FNDA:0,(anonymous_25)
FNDA:0,(anonymous_26)
FNDA:0,(anonymous_27)
FNDA:0,(anonymous_28)
FNDA:0,(anonymous_29)
FNDA:0,(anonymous_30)
FNDA:0,(anonymous_31)
FNDA:0,(anonymous_32)
FNDA:0,(anonymous_33)
DA:21,0
DA:24,0
DA:25,0
DA:26,0
DA:27,0
DA:28,0
DA:29,0
DA:33,0
DA:34,0
DA:35,0
DA:37,0
DA:38,0
DA:41,0
DA:42,0
DA:44,0
DA:45,0
DA:49,0
DA:50,0
DA:51,0
DA:55,0
DA:56,0
DA:57,0
DA:60,0
DA:61,0
DA:63,0
DA:64,0
DA:69,0
DA:70,0
DA:79,0
DA:81,0
DA:82,0
DA:83,0
DA:84,0
DA:87,0
DA:88,0
DA:89,0
DA:90,0
DA:91,0
DA:95,0
DA:98,0
DA:99,0
DA:112,0
DA:113,0
DA:114,0
DA:120,0
DA:121,0
DA:122,0
DA:125,0
DA:126,0
DA:127,0
DA:130,0
DA:131,0
DA:149,0
DA:167,0
DA:168,0
DA:169,0
DA:171,0
DA:175,0
DA:176,0
DA:178,0
DA:185,0
DA:194,0
DA:195,0
DA:200,0
DA:201,0
DA:202,0
DA:204,0
DA:205,0
DA:206,0
DA:209,0
DA:210,0
DA:212,0
DA:222,0
DA:238,0
DA:239,0
DA:244,0
DA:245,0
DA:247,0
DA:249,0
DA:250,0
DA:259,0
DA:260,0
DA:265,0
DA:266,0
DA:267,0
DA:268,0
DA:270,0
DA:271,0
DA:274,0
DA:275,0
DA:276,0
DA:277,0
DA:278,0
DA:280,0
DA:284,0
DA:289,0
DA:290,0
DA:291,0
DA:292,0
DA:294,0
DA:295,0
DA:298,0
DA:301,0
DA:305,0
DA:316,0
DA:317,0
DA:322,0
DA:323,0
DA:324,0
DA:326,0
DA:327,0
DA:331,0
DA:332,0
DA:333,0
DA:337,0
DA:338,0
DA:340,0
DA:341,0
DA:345,0
DA:354,0
DA:356,0
DA:368,0
DA:369,0
DA:374,0
DA:375,0
DA:376,0
DA:377,0
DA:378,0
DA:380,0
DA:382,0
DA:383,0
DA:406,0
DA:407,0
DA:412,0
DA:413,0
DA:414,0
DA:416,0
DA:417,0
DA:418,0
DA:421,0
DA:450,0
DA:464,0
DA:465,0
DA:470,0
DA:471,0
DA:472,0
DA:474,0
DA:475,0
DA:476,0
DA:480,0
DA:481,0
DA:485,0
DA:486,0
DA:489,0
DA:491,0
DA:494,0
DA:495,0
DA:500,0
DA:501,0
DA:502,0
DA:504,0
DA:505,0
DA:509,0
DA:510,0
DA:511,0
DA:515,0
DA:516,0
DA:517,0
DA:521,0
DA:522,0
DA:523,0
DA:527,0
DA:537,0
DA:548,0
DA:549,0
DA:554,0
DA:555,0
DA:556,0
DA:558,0
DA:559,0
DA:562,0
DA:563,0
DA:565,0
DA:566,0
DA:570,0
DA:571,0
DA:572,0
DA:576,0
DA:577,0
DA:578,0
DA:581,0
DA:582,0
DA:584,0
DA:585,0
DA:590,0
DA:591,0
DA:592,0
DA:594,0
DA:595,0
DA:598,0
DA:599,0
DA:600,0
DA:603,0
DA:604,0
DA:607,0
DA:608,0
DA:613,0
DA:614,0
DA:615,0
DA:617,0
DA:618,0
DA:621,0
DA:622,0
DA:623,0
DA:626,0
DA:627,0
DA:630,0
DA:631,0
DA:636,0
DA:637,0
DA:638,0
DA:639,0
DA:641,0
DA:642,0
DA:645,0
DA:646,0
DA:649,0
DA:650,0
DA:655,0
DA:656,0
DA:657,0
DA:659,0
DA:660,0
DA:663,0
DA:664,0
DA:665,0
DA:668,0
DA:669,0
DA:670,0
DA:671,0
DA:673,0
DA:676,0
DA:679,0
DA:680,0
DA:685,0
DA:686,0
DA:687,0
DA:689,0
DA:690,0
DA:693,0
DA:694,0
DA:695,0
DA:698,0
DA:699,0
DA:700,0
DA:701,0
DA:703,0
DA:706,0
DA:709,0
DA:710,0
DA:715,0
DA:716,0
DA:717,0
DA:719,0
DA:720,0
DA:723,0
DA:724,0
DA:725,0
DA:728,0
DA:730,0
DA:731,0
DA:732,0
DA:733,0
DA:735,0
DA:738,0
DA:744,0
DA:745,0
DA:750,0
DA:751,0
DA:752,0
DA:754,0
DA:755,0
DA:758,0
DA:759,0
DA:760,0
DA:763,0
DA:764,0
DA:766,0
DA:769,0
DA:770,0
DA:774,0
LF:291
LH:0
BRDA:37,0,0,0
BRDA:44,1,0,0
BRDA:50,2,0,0
BRDA:56,3,0,0
BRDA:74,4,0,0
BRDA:75,5,0,0
BRDA:76,6,0,0
BRDA:77,7,0,0
BRDA:78,8,0,0
BRDA:88,9,0,0
BRDA:88,9,1,0
BRDA:90,10,0,0
BRDA:98,11,0,0
BRDA:130,12,0,0
BRDA:154,13,0,0
BRDA:154,13,1,0
BRDA:168,14,0,0
BRDA:205,15,0,0
BRDA:227,16,0,0
BRDA:227,16,1,0
BRDA:267,17,0,0
BRDA:295,18,0,0
BRDA:295,18,1,0
BRDA:326,19,0,0
BRDA:326,20,0,0
BRDA:326,20,1,0
BRDA:326,20,2,0
BRDA:332,21,0,0
BRDA:340,22,0,0
BRDA:350,23,0,0
BRDA:350,23,1,0
BRDA:376,24,0,0
BRDA:376,25,0,0
BRDA:395,26,0,0
BRDA:395,26,1,0
BRDA:417,27,0,0
BRDA:434,28,0,0
BRDA:434,28,1,0
BRDA:440,29,0,0
BRDA:440,29,1,0
BRDA:445,30,0,0
BRDA:445,30,1,0
BRDA:450,31,0,0
BRDA:450,31,1,0
BRDA:455,32,0,0
BRDA:455,32,1,0
BRDA:475,33,0,0
BRDA:480,34,0,0
BRDA:485,35,0,0
BRDA:504,36,0,0
BRDA:504,37,0,0
BRDA:504,37,1,0
BRDA:510,38,0,0
BRDA:516,39,0,0
BRDA:522,40,0,0
BRDA:558,41,0,0
BRDA:565,42,0,0
BRDA:571,43,0,0
BRDA:577,44,0,0
BRDA:594,45,0,0
BRDA:599,46,0,0
BRDA:617,47,0,0
BRDA:622,48,0,0
BRDA:641,49,0,0
BRDA:659,50,0,0
BRDA:659,51,0,0
BRDA:659,51,1,0
BRDA:659,51,2,0
BRDA:664,52,0,0
BRDA:668,53,0,0
BRDA:668,53,1,0
BRDA:670,54,0,0
BRDA:670,54,1,0
BRDA:689,55,0,0
BRDA:689,56,0,0
BRDA:689,56,1,0
BRDA:694,57,0,0
BRDA:698,58,0,0
BRDA:698,58,1,0
BRDA:700,59,0,0
BRDA:700,59,1,0
BRDA:719,60,0,0
BRDA:719,61,0,0
BRDA:719,61,1,0
BRDA:719,61,2,0
BRDA:719,61,3,0
BRDA:719,61,4,0
BRDA:724,62,0,0
BRDA:730,63,0,0
BRDA:730,63,1,0
BRDA:730,64,0,0
BRDA:730,64,1,0
BRDA:732,65,0,0
BRDA:732,65,1,0
BRDA:732,66,0,0
BRDA:732,66,1,0
BRDA:754,67,0,0
BRDA:759,68,0,0
BRDA:763,69,0,0
BRDA:763,69,1,0
BRF:100
BRH:0
end_of_record
TN:
SF:src/api/routes/verification.ts
FN:11,createVerificationRoutes
FN:18,(anonymous_1)
FN:25,(anonymous_2)
FN:67,(anonymous_3)
FN:108,(anonymous_4)
FN:146,(anonymous_5)
FN:181,(anonymous_6)
FN:211,(anonymous_7)
FN:249,(anonymous_8)
FNF:9
FNH:0
FNDA:0,createVerificationRoutes
FNDA:0,(anonymous_1)
FNDA:0,(anonymous_2)
FNDA:0,(anonymous_3)
FNDA:0,(anonymous_4)
FNDA:0,(anonymous_5)
FNDA:0,(anonymous_6)
FNDA:0,(anonymous_7)
FNDA:0,(anonymous_8)
DA:15,0
DA:18,0
DA:21,0
DA:25,0
DA:26,0
DA:27,0
DA:28,0
DA:30,0
DA:31,0
DA:38,0
DA:46,0
DA:47,0
DA:54,0
DA:59,0
DA:67,0
DA:68,0
DA:69,0
DA:70,0
DA:72,0
DA:73,0
DA:79,0
DA:87,0
DA:88,0
DA:95,0
DA:100,0
DA:108,0
DA:109,0
DA:110,0
DA:112,0
DA:113,0
DA:118,0
DA:119,0
DA:120,0
DA:122,0
DA:134,0
DA:139,0
DA:146,0
DA:147,0
DA:148,0
DA:149,0
DA:152,0
DA:153,0
DA:154,0
DA:155,0
DA:162,0
DA:164,0
DA:169,0
DA:174,0
DA:181,0
DA:182,0
DA:183,0
DA:185,0
DA:186,0
DA:193,0
DA:199,0
DA:204,0
DA:211,0
DA:212,0
DA:213,0
DA:214,0
DA:216,0
DA:217,0
DA:224,0
DA:230,0
DA:237,0
DA:242,0
DA:249,0
DA:250,0
DA:257,0
LF:69
LH:0
BRDA:30,0,0,0
BRDA:30,0,1,0
BRDA:46,1,0,0
BRDA:72,2,0,0
BRDA:72,2,1,0
BRDA:87,3,0,0
BRDA:112,4,0,0
BRDA:126,5,0,0
BRDA:126,5,1,0
BRDA:152,6,0,0
BRDA:154,7,0,0
BRDA:185,8,0,0
BRDA:185,9,0,0
BRDA:185,9,1,0
BRDA:216,10,0,0
BRF:15
BRH:0
end_of_record
TN:
SF:src/benchmarks/RedisVsNatsBenchmark.ts
FN:23,(anonymous_0)
FN:81,(anonymous_1)
FN:108,(anonymous_2)
FN:115,(anonymous_3)
FN:146,(anonymous_4)
FN:153,(anonymous_5)
FN:186,(anonymous_6)
FN:193,(anonymous_7)
FN:224,(anonymous_8)
FN:231,(anonymous_9)
FN:254,(anonymous_10)
FN:276,(anonymous_11)
FN:277,(anonymous_12)
FN:300,(anonymous_13)
FN:318,(anonymous_14)
FN:325,(anonymous_15)
FN:326,(anonymous_16)
FN:329,(anonymous_17)
FN:330,(anonymous_18)
FN:331,(anonymous_19)
FN:337,(anonymous_20)
FN:338,(anonymous_21)
FN:339,(anonymous_22)
FNF:23
FNH:0
FNDA:0,(anonymous_0)
FNDA:0,(anonymous_1)
FNDA:0,(anonymous_2)
FNDA:0,(anonymous_3)
FNDA:0,(anonymous_4)
FNDA:0,(anonymous_5)
FNDA:0,(anonymous_6)
FNDA:0,(anonymous_7)
FNDA:0,(anonymous_8)
FNDA:0,(anonymous_9)
FNDA:0,(anonymous_10)
FNDA:0,(anonymous_11)
FNDA:0,(anonymous_12)
FNDA:0,(anonymous_13)
FNDA:0,(anonymous_14)
FNDA:0,(anonymous_15)
FNDA:0,(anonymous_16)
FNDA:0,(anonymous_17)
FNDA:0,(anonymous_18)
FNDA:0,(anonymous_19)
FNDA:0,(anonymous_20)
FNDA:0,(anonymous_21)
FNDA:0,(anonymous_22)
DA:20,0
DA:21,0
DA:31,0
DA:33,0
DA:36,0
DA:37,0
DA:40,0
DA:41,0
DA:45,0
DA:46,0
DA:47,0
DA:48,0
DA:51,0
DA:52,0
DA:53,0
DA:58,0
DA:59,0
DA:60,0
DA:61,0
DA:64,0
DA:65,0
DA:66,0
DA:71,0
DA:73,0
DA:78,0
DA:82,0
DA:83,0
DA:84,0
DA:86,0
DA:87,0
DA:89,0
DA:90,0
DA:91,0
DA:92,0
DA:93,0
DA:95,0
DA:96,0
DA:100,0
DA:102,0
DA:108,0
DA:116,0
DA:117,0
DA:118,0
DA:120,0
DA:121,0
DA:123,0
DA:124,0
DA:125,0
DA:126,0
DA:131,0
DA:133,0
DA:134,0
DA:138,0
DA:140,0
DA:146,0
DA:154,0
DA:155,0
DA:156,0
DA:158,0
DA:160,0
DA:161,0
DA:162,0
DA:163,0
DA:164,0
DA:170,0
DA:171,0
DA:173,0
DA:174,0
DA:178,0
DA:180,0
DA:186,0
DA:194,0
DA:195,0
DA:196,0
DA:198,0
DA:200,0
DA:201,0
DA:202,0
DA:203,0
DA:209,0
DA:211,0
DA:212,0
DA:216,0
DA:218,0
DA:224,0
DA:232,0
DA:246,0
DA:247,0
DA:248,0
DA:251,0
DA:259,0
DA:260,0
DA:261,0
DA:264,0
DA:266,0
DA:267,0
DA:268,0
DA:269,0
DA:271,0
DA:275,0
DA:276,0
DA:277,0
DA:279,0
DA:281,0
DA:282,0
DA:284,0
DA:285,0
DA:287,0
DA:288,0
DA:289,0
DA:290,0
DA:292,0
DA:297,0
DA:301,0
DA:303,0
DA:304,0
DA:305,0
DA:306,0
DA:308,0
DA:312,0
DA:314,0
DA:319,0
DA:321,0
DA:322,0
DA:323,0
DA:325,0
DA:326,0
DA:328,0
DA:329,0
DA:330,0
DA:331,0
DA:333,0
DA:336,0
DA:337,0
DA:338,0
DA:339,0
DA:341,0
DA:344,0
DA:346,0
DA:347,0
DA:348,0
DA:349,0
DA:350,0
DA:351,0
DA:352,0
DA:353,0
DA:356,0
DA:360,0
LF:148
LH:0
BRDA:36,0,0,0
BRDA:40,1,0,0
BRDA:46,2,0,0
BRDA:51,3,0,0
BRDA:59,4,0,0
BRDA:64,5,0,0
BRDA:247,6,0,0
BRDA:268,7,0,0
BRDA:279,8,0,0
BRDA:279,9,0,0
BRDA:279,9,1,0
BRDA:287,10,0,0
BRDA:287,10,1,0
BRDA:289,11,0,0
BRDA:289,11,1,0
BRDA:303,12,0,0
BRDA:328,13,0,0
BRDA:336,14,0,0
BRF:18
BRH:0
end_of_record
TN:
SF:src/bot/client.ts
FN:40,(anonymous_0)
FN:76,(anonymous_1)
FN:86,(anonymous_2)
FN:118,(anonymous_3)
FN:152,(anonymous_4)
FN:156,(anonymous_5)
FN:160,(anonymous_6)
FN:171,(anonymous_7)
FN:181,(anonymous_8)
FN:191,(anonymous_9)
FN:203,(anonymous_10)
FN:213,(anonymous_11)
FN:217,(anonymous_12)
FN:221,(anonymous_13)
FN:225,(anonymous_14)
FN:229,(anonymous_15)
FNF:16
FNH:0
FNDA:0,(anonymous_0)
FNDA:0,(anonymous_1)
FNDA:0,(anonymous_2)
FNDA:0,(anonymous_3)
FNDA:0,(anonymous_4)
FNDA:0,(anonymous_5)
FNDA:0,(anonymous_6)
FNDA:0,(anonymous_7)
FNDA:0,(anonymous_8)
FNDA:0,(anonymous_9)
FNDA:0,(anonymous_10)
FNDA:0,(anonymous_11)
FNDA:0,(anonymous_12)
FNDA:0,(anonymous_13)
FNDA:0,(anonymous_14)
FNDA:0,(anonymous_15)
DA:38,0
DA:41,0
DA:56,0
DA:57,0
DA:58,0
DA:59,0
DA:60,0
DA:61,0
DA:62,0
DA:67,0
DA:68,0
DA:69,0
DA:70,0
DA:71,0
DA:73,0
DA:77,0
DA:78,0
DA:79,0
DA:80,0
DA:81,0
DA:82,0
DA:83,0
DA:87,0
DA:88,0
DA:91,0
DA:93,0
DA:100,0
DA:109,0
DA:112,0
DA:115,0
DA:119,0
DA:120,0
DA:143,0
DA:144,0
DA:145,0
DA:148,0
DA:153,0
DA:157,0
DA:161,0
DA:172,0
DA:182,0
DA:183,0
DA:184,0
DA:186,0
DA:187,0
DA:192,0
DA:194,0
DA:195,0
DA:197,0
DA:198,0
DA:199,0
DA:204,0
DA:214,0
DA:218,0
DA:222,0
DA:226,0
DA:230,0
LF:57
LH:0
BRDA:87,0,0,0
BRDA:143,1,0,0
BRDA:192,2,0,0
BRF:3
BRH:0
end_of_record
TN:
SF:src/bot/commands/NotificationCommands.ts
FN:17,(anonymous_0)
FN:22,(anonymous_1)
FN:26,(anonymous_2)
FN:31,(anonymous_3)
FN:35,(anonymous_4)
FN:44,(anonymous_5)
FN:49,(anonymous_6)
FN:56,(anonymous_7)
FN:103,(anonymous_8)
FN:191,(anonymous_9)
FN:195,(anonymous_10)
FN:206,(anonymous_11)
FN:258,(anonymous_12)
FN:262,(anonymous_13)
FN:289,(anonymous_14)
FN:323,(anonymous_15)
FN:327,(anonymous_16)
FN:348,(anonymous_17)
FN:393,(anonymous_18)
FN:397,(anonymous_19)
FN:420,(anonymous_20)
FN:439,(anonymous_21)
FN:455,(anonymous_22)
FNF:23
FNH:0
FNDA:0,(anonymous_0)
FNDA:0,(anonymous_1)
FNDA:0,(anonymous_2)
FNDA:0,(anonymous_3)
FNDA:0,(anonymous_4)
FNDA:0,(anonymous_5)
FNDA:0,(anonymous_6)
FNDA:0,(anonymous_7)
FNDA:0,(anonymous_8)
FNDA:0,(anonymous_9)
FNDA:0,(anonymous_10)
FNDA:0,(anonymous_11)
FNDA:0,(anonymous_12)
FNDA:0,(anonymous_13)
FNDA:0,(anonymous_14)
FNDA:0,(anonymous_15)
FNDA:0,(anonymous_16)
FNDA:0,(anonymous_17)
FNDA:0,(anonymous_18)
FNDA:0,(anonymous_19)
FNDA:0,(anonymous_20)
FNDA:0,(anonymous_21)
FNDA:0,(anonymous_22)
DA:18,0
DA:19,0
DA:23,0
DA:27,0
DA:32,0
DA:36,0
DA:45,0
DA:50,0
DA:57,0
DA:59,0
DA:61,0
DA:62,0
DA:63,0
DA:67,0
DA:70,0
DA:72,0
DA:73,0
DA:75,0
DA:76,0
DA:78,0
DA:79,0
DA:81,0
DA:82,0
DA:84,0
DA:90,0
DA:96,0
DA:104,0
DA:105,0
DA:106,0
DA:110,0
DA:113,0
DA:155,0
DA:156,0
DA:163,0
DA:182,0
DA:189,0
DA:191,0
DA:195,0
DA:196,0
DA:197,0
DA:198,0
DA:199,0
DA:200,0
DA:201,0
DA:207,0
DA:208,0
DA:210,0
DA:248,0
DA:250,0
DA:256,0
DA:258,0
DA:262,0
DA:263,0
DA:265,0
DA:273,0
DA:275,0
DA:276,0
DA:281,0
DA:290,0
DA:291,0
DA:293,0
DA:313,0
DA:315,0
DA:321,0
DA:323,0
DA:327,0
DA:328,0
DA:330,0
DA:334,0
DA:335,0
DA:340,0
DA:349,0
DA:350,0
DA:352,0
DA:383,0
DA:385,0
DA:391,0
DA:393,0
DA:397,0
DA:398,0
DA:400,0
DA:404,0
DA:406,0
DA:407,0
DA:412,0
DA:421,0
DA:422,0
DA:424,0
DA:426,0
DA:427,0
DA:432,0
DA:440,0
DA:442,0
DA:443,0
DA:448,0
DA:456,0
DA:461,0
DA:472,0
DA:473,0
DA:478,0
LF:100
LH:0
BRDA:62,0,0,0
BRDA:70,1,0,0
BRDA:70,1,1,0
BRDA:70,1,2,0
BRDA:70,1,3,0
BRDA:70,1,4,0
BRDA:93,2,0,0
BRDA:93,2,1,0
BRDA:105,3,0,0
BRDA:120,4,0,0
BRDA:120,4,1,0
BRDA:125,5,0,0
BRDA:125,5,1,0
BRDA:130,6,0,0
BRDA:130,6,1,0
BRDA:135,7,0,0
BRDA:135,7,1,0
BRDA:140,8,0,0
BRDA:140,8,1,0
BRDA:145,9,0,0
BRDA:145,9,1,0
BRDA:155,10,0,0
BRDA:155,11,0,0
BRDA:155,11,1,0
BRDA:196,12,0,0
BRDA:196,12,1,0
BRDA:198,13,0,0
BRDA:198,13,1,0
BRDA:200,14,0,0
BRDA:208,15,0,0
BRDA:258,16,0,0
BRDA:258,16,1,0
BRDA:275,17,0,0
BRDA:275,17,1,0
BRDA:291,18,0,0
BRDA:323,19,0,0
BRDA:323,19,1,0
BRDA:334,20,0,0
BRDA:334,20,1,0
BRDA:350,21,0,0
BRDA:393,22,0,0
BRDA:393,22,1,0
BRDA:400,23,0,0
BRDA:400,23,1,0
BRDA:406,24,0,0
BRDA:406,24,1,0
BRDA:421,25,0,0
BRDA:421,25,1,0
BRDA:426,26,0,0
BRDA:426,26,1,0
BRDA:442,27,0,0
BRDA:442,27,1,0
BRDA:472,28,0,0
BRDA:472,28,1,0
BRF:54
BRH:0
end_of_record
TN:
SF:src/bot/commands/VerificationCommands.ts
FN:18,(anonymous_0)
FN:21,(anonymous_1)
FN:25,(anonymous_2)
FN:37,(anonymous_3)
FN:75,(anonymous_4)
FN:121,(anonymous_5)
FN:129,(anonymous_6)
FN:160,(anonymous_7)
FN:227,(anonymous_8)
FN:231,(anonymous_9)
FN:239,(anonymous_10)
FN:247,(anonymous_11)
FN:311,(anonymous_12)
FN:317,(anonymous_13)
FNF:14
FNH:0
FNDA:0,(anonymous_0)
FNDA:0,(anonymous_1)
FNDA:0,(anonymous_2)
FNDA:0,(anonymous_3)
FNDA:0,(anonymous_4)
FNDA:0,(anonymous_5)
FNDA:0,(anonymous_6)
FNDA:0,(anonymous_7)
FNDA:0,(anonymous_8)
FNDA:0,(anonymous_9)
FNDA:0,(anonymous_10)
FNDA:0,(anonymous_11)
FNDA:0,(anonymous_12)
FNDA:0,(anonymous_13)
DA:18,0
DA:22,0
DA:26,0
DA:38,0
DA:39,0
DA:40,0
DA:43,0
DA:44,0
DA:45,0
DA:51,0
DA:52,0
DA:55,0
DA:57,0
DA:60,0
DA:63,0
DA:68,0
DA:76,0
DA:102,0
DA:114,0
DA:122,0
DA:124,0
DA:125,0
DA:133,0
DA:137,0
DA:148,0
DA:149,0
DA:151,0
DA:154,0
DA:155,0
DA:157,0
DA:161,0
DA:162,0
DA:163,0
DA:164,0
DA:167,0
DA:173,0
DA:174,0
DA:196,0
DA:198,0
DA:204,0
DA:205,0
DA:211,0
DA:214,0
DA:219,0
DA:228,0
DA:232,0
DA:240,0
DA:248,0
DA:249,0
DA:250,0
DA:251,0
DA:255,0
DA:256,0
DA:260,0
DA:263,0
DA:269,0
DA:270,0
DA:287,0
DA:289,0
DA:295,0
DA:298,0
DA:303,0
DA:312,0
DA:318,0
DA:319,0
DA:320,0
DA:321,0
DA:323,0
DA:327,0
DA:328,0
DA:360,0
DA:369,0
DA:371,0
DA:376,0
LF:74
LH:0
BRDA:44,0,0,0
BRDA:55,1,0,0
BRDA:55,1,1,0
BRDA:124,2,0,0
BRDA:135,3,0,0
BRDA:135,3,1,0
BRDA:139,4,0,0
BRDA:139,4,1,0
BRDA:141,5,0,0
BRDA:141,5,1,0
BRDA:148,6,0,0
BRDA:148,6,1,0
BRDA:173,7,0,0
BRDA:173,7,1,0
BRDA:179,8,0,0
BRDA:179,8,1,0
BRDA:184,9,0,0
BRDA:184,9,1,0
BRDA:204,10,0,0
BRDA:255,11,0,0
BRDA:269,12,0,0
BRDA:269,12,1,0
BRDA:327,13,0,0
BRDA:327,13,1,0
BRDA:334,14,0,0
BRDA:334,14,1,0
BRDA:339,15,0,0
BRDA:339,15,1,0
BRDA:346,16,0,0
BRDA:346,16,1,0
BRDA:352,17,0,0
BRDA:352,17,1,0
BRDA:353,18,0,0
BRDA:353,18,1,0
BRDA:354,19,0,0
BRDA:354,19,1,0
BRDA:355,20,0,0
BRDA:355,20,1,0
BRF:38
BRH:0
end_of_record
TN:
SF:src/bot/commands/noteCommands.ts
FN:31,(anonymous_0)
FN:44,(anonymous_1)
FN:48,(anonymous_2)
FN:59,(anonymous_3)
FN:162,(anonymous_4)
FN:299,(anonymous_5)
FN:341,(anonymous_6)
FNF:7
FNH:0
FNDA:0,(anonymous_0)
FNDA:0,(anonymous_1)
FNDA:0,(anonymous_2)
FNDA:0,(anonymous_3)
FNDA:0,(anonymous_4)
FNDA:0,(anonymous_5)
FNDA:0,(anonymous_6)
DA:32,0
DA:33,0
DA:34,0
DA:35,0
DA:36,0
DA:37,0
DA:38,0
DA:45,0
DA:49,0
DA:60,0
DA:61,0
DA:62,0
DA:64,0
DA:65,0
DA:69,0
DA:72,0
DA:73,0
DA:76,0
DA:77,0
DA:78,0
DA:81,0
DA:85,0
DA:87,0
DA:88,0
DA:91,0
DA:95,0
DA:96,0
DA:97,0
DA:104,0
DA:105,0
DA:106,0
DA:108,0
DA:115,0
DA:117,0
DA:123,0
DA:126,0
DA:128,0
DA:134,0
DA:142,0
DA:149,0
DA:151,0
DA:152,0
DA:154,0
DA:163,0
DA:164,0
DA:167,0
DA:169,0
DA:170,0
DA:174,0
DA:177,0
DA:179,0
DA:180,0
DA:181,0
DA:185,0
DA:192,0
DA:193,0
DA:194,0
DA:201,0
DA:202,0
DA:203,0
DA:206,0
DA:210,0
DA:211,0
DA:214,0
DA:218,0
DA:221,0
DA:229,0
DA:232,0
DA:237,0
DA:243,0
DA:244,0
DA:248,0
DA:249,0
DA:256,0
DA:259,0
DA:265,0
DA:266,0
DA:270,0
DA:279,0
DA:286,0
DA:288,0
DA:289,0
DA:291,0
DA:300,0
DA:301,0
DA:302,0
DA:303,0
DA:307,0
DA:310,0
DA:311,0
DA:315,0
DA:318,0
DA:320,0
DA:326,0
DA:331,0
DA:342,0
DA:349,0
DA:356,0
DA:362,0
LF:99
LH:0
BRDA:64,0,0,0
BRDA:77,1,0,0
BRDA:87,2,0,0
BRDA:96,3,0,0
BRDA:104,4,0,0
BRDA:104,4,1,0
BRDA:143,5,0,0
BRDA:143,5,1,0
BRDA:151,6,0,0
BRDA:151,6,1,0
BRDA:169,7,0,0
BRDA:179,8,0,0
BRDA:193,9,0,0
BRDA:202,10,0,0
BRDA:210,11,0,0
BRDA:241,12,0,0
BRDA:241,12,1,0
BRDA:243,13,0,0
BRDA:265,14,0,0
BRDA:265,14,1,0
BRDA:280,15,0,0
BRDA:280,15,1,0
BRDA:288,16,0,0
BRDA:288,16,1,0
BRDA:302,17,0,0
BRDA:310,18,0,0
BRDA:327,19,0,0
BRDA:327,19,1,0
BRF:28
BRH:0
end_of_record
TN:
SF:src/bot/handlers/messageHandler.ts
FN:14,(anonymous_0)
FN:20,(anonymous_1)
FN:48,(anonymous_2)
FN:70,(anonymous_3)
FN:88,(anonymous_4)
FN:106,(anonymous_5)
FN:138,(anonymous_6)
FN:154,(anonymous_7)
FN:171,(anonymous_8)
FNF:9
FNH:0
FNDA:0,(anonymous_0)
FNDA:0,(anonymous_1)
FNDA:0,(anonymous_2)
FNDA:0,(anonymous_3)
FNDA:0,(anonymous_4)
FNDA:0,(anonymous_5)
FNDA:0,(anonymous_6)
FNDA:0,(anonymous_7)
FNDA:0,(anonymous_8)
DA:14,0
DA:15,0
DA:16,0
DA:17,0
DA:21,0
DA:23,0
DA:26,0
DA:29,0
DA:41,0
DA:48,0
DA:55,0
DA:58,0
DA:59,0
DA:63,0
DA:71,0
DA:72,0
DA:74,0
DA:76,0
DA:77,0
DA:79,0
DA:80,0
DA:82,0
DA:89,0
DA:90,0
DA:103,0
DA:107,0
DA:135,0
DA:139,0
DA:141,0
DA:142,0
DA:143,0
DA:144,0
DA:146,0
DA:147,0
DA:148,0
DA:155,0
DA:157,0
DA:158,0
DA:160,0
DA:164,0
DA:166,0
DA:167,0
DA:171,0
DA:172,0
DA:175,0
DA:176,0
DA:180,0
DA:181,0
DA:184,0
DA:189,0
DA:199,0
LF:51
LH:0
BRDA:23,0,0,0
BRDA:26,1,0,0
BRDA:58,2,0,0
BRDA:65,3,0,0
BRDA:65,3,1,0
BRDA:74,4,0,0
BRDA:74,4,1,0
BRDA:74,4,2,0
BRDA:94,5,0,0
BRDA:94,5,1,0
BRDA:139,6,0,0
BRDA:146,7,0,0
BRDA:147,8,0,0
BRDA:158,9,0,0
BRDA:166,10,0,0
BRDA:175,11,0,0
BRDA:200,12,0,0
BRDA:200,12,1,0
BRF:18
BRH:0
end_of_record
TN:
SF:src/bot/services/noteDisplayService.ts
FN:27,(anonymous_0)
FN:34,(anonymous_1)
FN:117,(anonymous_2)
FN:143,(anonymous_3)
FN:150,(anonymous_4)
FN:158,(anonymous_5)
FN:162,(anonymous_6)
FN:186,(anonymous_7)
FN:204,(anonymous_8)
FN:213,(anonymous_9)
FN:228,(anonymous_10)
FN:262,(anonymous_11)
FN:276,(anonymous_12)
FN:299,(anonymous_13)
FN:317,(anonymous_14)
FNF:15
FNH:7
FNDA:31,(anonymous_0)
FNDA:0,(anonymous_1)
FNDA:0,(anonymous_2)
FNDA:0,(anonymous_3)
FNDA:0,(anonymous_4)
FNDA:0,(anonymous_5)
FNDA:0,(anonymous_6)
FNDA:0,(anonymous_7)
FNDA:5,(anonymous_8)
FNDA:5,(anonymous_9)
FNDA:5,(anonymous_10)
FNDA:5,(anonymous_11)
FNDA:10,(anonymous_12)
FNDA:5,(anonymous_13)
FNDA:0,(anonymous_14)
DA:28,31
DA:40,0
DA:42,0
DA:47,0
DA:48,0
DA:51,0
DA:55,0
DA:58,0
DA:65,0
DA:66,0
DA:67,0
DA:75,0
DA:76,0
DA:77,0
DA:85,0
DA:86,0
DA:87,0
DA:95,0
DA:96,0
DA:97,0
DA:99,0
DA:107,0
DA:111,0
DA:118,0
DA:124,0
DA:130,0
DA:136,0
DA:144,0
DA:150,0
DA:151,0
DA:152,0
DA:153,0
DA:154,0
DA:158,0
DA:159,0
DA:160,0
DA:163,0
DA:164,0
DA:165,0
DA:169,0
DA:176,0
DA:180,0
DA:187,0
DA:188,0
DA:191,0
DA:192,0
DA:194,0
DA:205,5
DA:206,5
DA:207,5
DA:214,5
DA:221,5
DA:229,5
DA:252,5
DA:263,5
DA:270,5
DA:277,10
DA:278,1
DA:282,9
DA:283,9
DA:284,9
DA:287,9
DA:288,6
DA:289,5
DA:290,5
DA:291,4
DA:293,9
DA:306,5
DA:307,2
DA:310,3
DA:311,3
DA:318,0
DA:319,0
DA:321,0
DA:325,0
LF:75
LH:25
BRDA:34,0,0,0
BRDA:36,1,0,0
BRDA:37,2,0,0
BRDA:38,3,0,0
BRDA:39,4,0,0
BRDA:51,5,0,0
BRDA:51,5,1,0
BRDA:65,6,0,0
BRDA:75,7,0,0
BRDA:75,8,0,0
BRDA:75,8,1,0
BRDA:85,9,0,0
BRDA:95,10,0,0
BRDA:95,11,0,0
BRDA:95,11,1,0
BRDA:122,12,0,0
BRDA:122,12,1,0
BRDA:128,13,0,0
BRDA:128,13,1,0
BRDA:152,14,0,0
BRDA:165,15,0,0
BRDA:165,15,1,0
BRDA:171,16,0,0
BRDA:171,16,1,0
BRDA:187,17,0,0
BRDA:204,18,0,0
BRDA:221,19,0,5
BRDA:221,19,1,1
BRDA:252,20,0,5
BRDA:252,20,1,1
BRDA:270,21,0,5
BRDA:270,21,1,1
BRDA:277,22,0,1
BRDA:287,23,0,3
BRDA:287,23,1,6
BRDA:288,24,0,1
BRDA:288,24,1,5
BRDA:289,25,0,0
BRDA:289,25,1,5
BRDA:290,26,0,1
BRDA:290,26,1,4
BRDA:306,27,0,2
BRDA:306,28,0,5
BRDA:306,28,1,4
BRDA:311,29,0,3
BRDA:311,29,1,1
BRDA:321,30,0,0
BRDA:321,30,1,0
BRF:48
BRH:19
end_of_record
TN:
SF:src/bot/services/sourceHandlingService.ts
FN:51,(anonymous_0)
FN:52,(anonymous_1)
FN:58,(anonymous_2)
FN:75,(anonymous_3)
FN:110,(anonymous_4)
FN:119,(anonymous_5)
FN:143,(anonymous_6)
FN:160,(anonymous_7)
FN:161,(anonymous_8)
FN:188,(anonymous_9)
FN:201,(anonymous_10)
FN:202,(anonymous_11)
FN:212,(anonymous_12)
FN:221,(anonymous_13)
FN:241,(anonymous_14)
FN:245,(anonymous_15)
FN:260,(anonymous_16)
FN:267,(anonymous_17)
FN:275,(anonymous_18)
FN:308,(anonymous_19)
FNF:20
FNH:14
FNDA:16,(anonymous_0)
FNDA:51,(anonymous_1)
FNDA:60,(anonymous_2)
FNDA:316,(anonymous_3)
FNDA:6,(anonymous_4)
FNDA:17,(anonymous_5)
FNDA:0,(anonymous_6)
FNDA:0,(anonymous_7)
FNDA:0,(anonymous_8)
FNDA:0,(anonymous_9)
FNDA:21,(anonymous_10)
FNDA:218,(anonymous_11)
FNDA:13,(anonymous_12)
FNDA:140,(anonymous_13)
FNDA:0,(anonymous_14)
FNDA:0,(anonymous_15)
FNDA:67,(anonymous_16)
FNDA:9,(anonymous_17)
FNDA:19,(anonymous_18)
FNDA:2,(anonymous_19)
DA:20,2
DA:36,2
DA:45,2
DA:46,2
DA:52,51
DA:59,60
DA:62,60
DA:63,4
DA:70,56
DA:71,56
DA:72,56
DA:75,56
DA:76,316
DA:79,56
DA:80,5
DA:87,51
DA:94,0
DA:99,0
DA:111,6
DA:112,1
DA:115,5
DA:116,5
DA:117,5
DA:119,5
DA:120,17
DA:122,17
DA:123,1
DA:126,16
DA:127,16
DA:129,16
DA:132,5
DA:133,5
DA:137,5
DA:144,0
DA:150,0
DA:151,0
DA:156,0
DA:159,0
DA:160,0
DA:161,0
DA:164,0
DA:165,0
DA:167,0
DA:173,0
DA:185,0
DA:186,0
DA:189,0
DA:195,0
DA:202,21
DA:203,218
DA:206,21
DA:217,13
DA:218,13
DA:220,13
DA:221,22
DA:222,140
DA:225,22
DA:226,13
DA:228,9
DA:232,13
DA:233,13
DA:235,13
DA:242,0
DA:243,0
DA:245,0
DA:246,0
DA:247,0
DA:250,0
DA:251,0
DA:254,0
DA:261,67
DA:274,9
DA:275,19
DA:277,9
DA:283,9
DA:284,9
DA:285,9
DA:287,9
DA:290,9
DA:291,6
DA:292,4
DA:293,2
DA:294,1
DA:296,9
DA:309,2
DA:310,1
DA:313,1
DA:315,1
LF:88
LH:63
BRDA:62,0,0,4
BRDA:79,1,0,5
BRDA:96,2,0,0
BRDA:96,2,1,0
BRDA:110,3,0,5
BRDA:111,4,0,1
BRDA:116,5,0,1
BRDA:116,5,1,4
BRDA:122,6,0,1
BRDA:127,7,0,16
BRDA:127,7,1,0
BRDA:133,8,0,2
BRDA:133,8,1,3
BRDA:150,9,0,0
BRDA:164,10,0,0
BRDA:185,11,0,0
BRDA:189,12,0,0
BRDA:189,12,1,0
BRDA:206,13,0,6
BRDA:206,13,1,15
BRDA:225,14,0,13
BRDA:225,14,1,9
BRDA:233,15,0,10
BRDA:233,15,1,3
BRDA:250,16,0,0
BRDA:290,17,0,3
BRDA:290,17,1,6
BRDA:291,18,0,2
BRDA:291,18,1,4
BRDA:292,19,0,2
BRDA:292,19,1,2
BRDA:293,20,0,1
BRDA:293,20,1,1
BRDA:309,21,0,1
BRF:34
BRH:25
end_of_record
TN:
SF:src/cache/cacheService.ts
FN:13,(anonymous_0)
FN:14,(anonymous_1)
FN:15,(anonymous_2)
FN:16,(anonymous_3)
FN:17,(anonymous_4)
FN:18,(anonymous_5)
FN:19,(anonymous_6)
FN:20,(anonymous_7)
FN:21,(anonymous_8)
FN:22,(anonymous_9)
FN:24,(anonymous_10)
FN:28,(anonymous_11)
FN:37,(anonymous_12)
FN:47,(anonymous_13)
FN:56,(anonymous_14)
FN:66,(anonymous_15)
FN:75,(anonymous_16)
FN:86,(anonymous_17)
FN:95,(anonymous_18)
FN:105,(anonymous_19)
FN:114,(anonymous_20)
FN:124,(anonymous_21)
FN:133,(anonymous_22)
FN:144,(anonymous_23)
FN:153,(anonymous_24)
FN:163,(anonymous_25)
FN:172,(anonymous_26)
FN:183,(anonymous_27)
FN:192,(anonymous_28)
FN:203,(anonymous_29)
FN:212,(anonymous_30)
FN:223,(anonymous_31)
FN:232,(anonymous_32)
FN:242,(anonymous_33)
FN:251,(anonymous_34)
FN:262,(anonymous_35)
FN:270,(anonymous_36)
FN:276,(anonymous_37)
FN:285,(anonymous_38)
FN:291,(anonymous_39)
FN:299,(anonymous_40)
FN:305,(anonymous_41)
FN:314,(anonymous_42)
FN:321,(anonymous_43)
FN:328,(anonymous_44)
FN:360,(anonymous_45)
FN:373,(anonymous_46)
FNF:47
FNH:0
FNDA:0,(anonymous_0)
FNDA:0,(anonymous_1)
FNDA:0,(anonymous_2)
FNDA:0,(anonymous_3)
FNDA:0,(anonymous_4)
FNDA:0,(anonymous_5)
FNDA:0,(anonymous_6)
FNDA:0,(anonymous_7)
FNDA:0,(anonymous_8)
FNDA:0,(anonymous_9)
FNDA:0,(anonymous_10)
FNDA:0,(anonymous_11)
FNDA:0,(anonymous_12)
FNDA:0,(anonymous_13)
FNDA:0,(anonymous_14)
FNDA:0,(anonymous_15)
FNDA:0,(anonymous_16)
FNDA:0,(anonymous_17)
FNDA:0,(anonymous_18)
FNDA:0,(anonymous_19)
FNDA:0,(anonymous_20)
FNDA:0,(anonymous_21)
FNDA:0,(anonymous_22)
FNDA:0,(anonymous_23)
FNDA:0,(anonymous_24)
FNDA:0,(anonymous_25)
FNDA:0,(anonymous_26)
FNDA:0,(anonymous_27)
FNDA:0,(anonymous_28)
FNDA:0,(anonymous_29)
FNDA:0,(anonymous_30)
FNDA:0,(anonymous_31)
FNDA:0,(anonymous_32)
FNDA:0,(anonymous_33)
FNDA:0,(anonymous_34)
FNDA:0,(anonymous_35)
FNDA:0,(anonymous_36)
FNDA:0,(anonymous_37)
FNDA:0,(anonymous_38)
FNDA:0,(anonymous_39)
FNDA:0,(anonymous_40)
FNDA:0,(anonymous_41)
FNDA:0,(anonymous_42)
FNDA:0,(anonymous_43)
FNDA:0,(anonymous_44)
FNDA:0,(anonymous_45)
FNDA:0,(anonymous_46)
DA:5,0
DA:12,0
DA:13,0
DA:14,0
DA:15,0
DA:16,0
DA:17,0
DA:18,0
DA:19,0
DA:20,0
DA:21,0
DA:22,0
DA:24,0
DA:29,0
DA:30,0
DA:31,0
DA:33,0
DA:38,0
DA:39,0
DA:40,0
DA:42,0
DA:43,0
DA:48,0
DA:49,0
DA:50,0
DA:52,0
DA:57,0
DA:58,0
DA:59,0
DA:61,0
DA:62,0
DA:67,0
DA:68,0
DA:69,0
DA:71,0
DA:76,0
DA:77,0
DA:78,0
DA:80,0
DA:81,0
DA:87,0
DA:88,0
DA:89,0
DA:91,0
DA:96,0
DA:97,0
DA:98,0
DA:100,0
DA:101,0
DA:106,0
DA:107,0
DA:108,0
DA:110,0
DA:115,0
DA:116,0
DA:117,0
DA:119,0
DA:120,0
DA:125,0
DA:126,0
DA:127,0
DA:129,0
DA:134,0
DA:135,0
DA:136,0
DA:138,0
DA:139,0
DA:145,0
DA:146,0
DA:147,0
DA:149,0
DA:154,0
DA:155,0
DA:156,0
DA:158,0
DA:159,0
DA:164,0
DA:165,0
DA:166,0
DA:168,0
DA:173,0
DA:174,0
DA:175,0
DA:177,0
DA:178,0
DA:184,0
DA:185,0
DA:186,0
DA:188,0
DA:193,0
DA:194,0
DA:195,0
DA:197,0
DA:198,0
DA:204,0
DA:205,0
DA:206,0
DA:208,0
DA:213,0
DA:214,0
DA:215,0
DA:217,0
DA:218,0
DA:224,0
DA:225,0
DA:226,0
DA:228,0
DA:233,0
DA:234,0
DA:235,0
DA:237,0
DA:238,0
DA:243,0
DA:244,0
DA:245,0
DA:247,0
DA:252,0
DA:253,0
DA:254,0
DA:256,0
DA:257,0
DA:263,0
DA:264,0
DA:270,0
DA:272,0
DA:277,0
DA:278,0
DA:285,0
DA:287,0
DA:292,0
DA:293,0
DA:299,0
DA:301,0
DA:306,0
DA:307,0
DA:308,0
DA:310,0
DA:315,0
DA:316,0
DA:321,0
DA:323,0
DA:333,0
DA:334,0
DA:335,0
DA:338,0
DA:339,0
DA:342,0
DA:344,0
DA:345,0
DA:348,0
DA:349,0
DA:350,0
DA:352,0
DA:354,0
DA:355,0
DA:361,0
DA:362,0
DA:363,0
DA:366,0
DA:367,0
DA:369,0
DA:378,0
DA:379,0
DA:380,0
DA:383,0
DA:384,0
DA:390,0
DA:391,0
DA:396,0
LF:169
LH:0
BRDA:24,0,0,0
BRDA:24,0,1,0
BRDA:334,1,0,0
BRDA:344,2,0,0
BRDA:348,3,0,0
BRDA:348,3,1,0
BRDA:349,4,0,0
BRDA:349,4,1,0
BRDA:362,5,0,0
BRDA:379,6,0,0
BRF:10
BRH:0
end_of_record
TN:
SF:src/cache/redis.ts
FN:9,(anonymous_0)
FN:20,(anonymous_1)
FN:25,(anonymous_2)
FN:30,(anonymous_3)
FN:43,(anonymous_4)
FN:56,(anonymous_5)
FN:74,(anonymous_6)
FN:95,(anonymous_7)
FN:109,(anonymous_8)
FN:123,(anonymous_9)
FN:136,(anonymous_10)
FN:150,(anonymous_11)
FN:163,(anonymous_12)
FN:177,(anonymous_13)
FN:190,(anonymous_14)
FN:203,(anonymous_15)
FN:217,(anonymous_16)
FN:230,(anonymous_17)
FN:252,(anonymous_18)
FN:274,(anonymous_19)
FN:287,(anonymous_20)
FN:300,(anonymous_21)
FN:314,(anonymous_22)
FNF:23
FNH:0
FNDA:0,(anonymous_0)
FNDA:0,(anonymous_1)
FNDA:0,(anonymous_2)
FNDA:0,(anonymous_3)
FNDA:0,(anonymous_4)
FNDA:0,(anonymous_5)
FNDA:0,(anonymous_6)
FNDA:0,(anonymous_7)
FNDA:0,(anonymous_8)
FNDA:0,(anonymous_9)
FNDA:0,(anonymous_10)
FNDA:0,(anonymous_11)
FNDA:0,(anonymous_12)
FNDA:0,(anonymous_13)
FNDA:0,(anonymous_14)
FNDA:0,(anonymous_15)
FNDA:0,(anonymous_16)
FNDA:0,(anonymous_17)
FNDA:0,(anonymous_18)
FNDA:0,(anonymous_19)
FNDA:0,(anonymous_20)
FNDA:0,(anonymous_21)
FNDA:0,(anonymous_22)
DA:6,0
DA:7,0
DA:10,0
DA:11,0
DA:12,0
DA:13,0
DA:16,0
DA:20,0
DA:21,0
DA:22,0
DA:25,0
DA:26,0
DA:27,0
DA:30,0
DA:31,0
DA:32,0
DA:35,0
DA:37,0
DA:38,0
DA:39,0
DA:44,0
DA:45,0
DA:46,0
DA:47,0
DA:48,0
DA:49,0
DA:52,0
DA:57,0
DA:58,0
DA:59,0
DA:62,0
DA:63,0
DA:64,0
DA:67,0
DA:69,0
DA:70,0
DA:75,0
DA:76,0
DA:77,0
DA:80,0
DA:82,0
DA:83,0
DA:85,0
DA:88,0
DA:90,0
DA:91,0
DA:96,0
DA:97,0
DA:98,0
DA:101,0
DA:102,0
DA:104,0
DA:105,0
DA:110,0
DA:111,0
DA:112,0
DA:115,0
DA:116,0
DA:118,0
DA:119,0
DA:124,0
DA:125,0
DA:126,0
DA:129,0
DA:131,0
DA:132,0
DA:137,0
DA:138,0
DA:139,0
DA:142,0
DA:143,0
DA:145,0
DA:146,0
DA:151,0
DA:152,0
DA:153,0
DA:156,0
DA:158,0
DA:159,0
DA:164,0
DA:165,0
DA:166,0
DA:169,0
DA:170,0
DA:172,0
DA:173,0
DA:178,0
DA:179,0
DA:180,0
DA:183,0
DA:185,0
DA:186,0
DA:191,0
DA:192,0
DA:193,0
DA:196,0
DA:198,0
DA:199,0
DA:204,0
DA:205,0
DA:206,0
DA:209,0
DA:210,0
DA:212,0
DA:213,0
DA:218,0
DA:219,0
DA:220,0
DA:223,0
DA:225,0
DA:226,0
DA:231,0
DA:232,0
DA:233,0
DA:236,0
DA:237,0
DA:238,0
DA:239,0
DA:240,0
DA:242,0
DA:244,0
DA:247,0
DA:248,0
DA:253,0
DA:254,0
DA:255,0
DA:258,0
DA:259,0
DA:260,0
DA:262,0
DA:263,0
DA:266,0
DA:267,0
DA:269,0
DA:270,0
DA:275,0
DA:276,0
DA:277,0
DA:280,0
DA:282,0
DA:283,0
DA:288,0
DA:289,0
DA:290,0
DA:293,0
DA:295,0
DA:296,0
DA:301,0
DA:302,0
DA:303,0
DA:306,0
DA:307,0
DA:309,0
DA:310,0
DA:315,0
DA:319,0
LF:156
LH:0
BRDA:11,0,0,0
BRDA:45,1,0,0
BRDA:58,2,0,0
BRDA:58,3,0,0
BRDA:58,3,1,0
BRDA:63,4,0,0
BRDA:76,5,0,0
BRDA:76,6,0,0
BRDA:76,6,1,0
BRDA:82,7,0,0
BRDA:82,7,1,0
BRDA:97,8,0,0
BRDA:97,9,0,0
BRDA:97,9,1,0
BRDA:111,10,0,0
BRDA:111,11,0,0
BRDA:111,11,1,0
BRDA:125,12,0,0
BRDA:125,13,0,0
BRDA:125,13,1,0
BRDA:138,14,0,0
BRDA:138,15,0,0
BRDA:138,15,1,0
BRDA:152,16,0,0
BRDA:152,17,0,0
BRDA:152,17,1,0
BRDA:156,18,0,0
BRDA:156,18,1,0
BRDA:165,19,0,0
BRDA:165,20,0,0
BRDA:165,20,1,0
BRDA:179,21,0,0
BRDA:179,22,0,0
BRDA:179,22,1,0
BRDA:192,23,0,0
BRDA:192,24,0,0
BRDA:192,24,1,0
BRDA:205,25,0,0
BRDA:205,26,0,0
BRDA:205,26,1,0
BRDA:219,27,0,0
BRDA:219,28,0,0
BRDA:219,28,1,0
BRDA:232,29,0,0
BRDA:232,30,0,0
BRDA:232,30,1,0
BRDA:236,31,0,0
BRDA:236,31,1,0
BRDA:254,32,0,0
BRDA:254,33,0,0
BRDA:254,33,1,0
BRDA:259,34,0,0
BRDA:259,35,0,0
BRDA:259,35,1,0
BRDA:262,36,0,0
BRDA:262,37,0,0
BRDA:262,37,1,0
BRDA:276,38,0,0
BRDA:276,39,0,0
BRDA:276,39,1,0
BRDA:289,40,0,0
BRDA:289,41,0,0
BRDA:289,41,1,0
BRDA:302,42,0,0
BRDA:302,43,0,0
BRDA:302,43,1,0
BRDA:315,44,0,0
BRDA:315,44,1,0
BRF:68
BRH:0
end_of_record
TN:
SF:src/database/client.ts
FN:23,connectDatabase
FN:33,disconnectDatabase
FN:42,healthCheck
FNF:3
FNH:0
FNDA:0,connectDatabase
FNDA:0,disconnectDatabase
FNDA:0,healthCheck
DA:10,0
DA:11,0
DA:15,0
DA:16,0
DA:20,0
DA:24,0
DA:25,0
DA:26,0
DA:28,0
DA:29,0
DA:34,0
DA:35,0
DA:36,0
DA:38,0
DA:43,0
DA:44,0
DA:45,0
DA:47,0
DA:48,0
LF:19
LH:0
BRDA:10,0,0,0
BRDA:10,0,1,0
BRDA:15,1,0,0
BRF:3
BRH:0
end_of_record
TN:
SF:src/database/index.ts
FNF:0
FNH:0
DA:26,0
DA:27,0
DA:28,0
DA:29,0
DA:30,0
DA:31,0
DA:32,0
DA:33,0
LF:8
LH:0
BRF:0
BRH:0
end_of_record
TN:
SF:src/database/services/messageService.ts
FN:7,(anonymous_0)
FN:31,(anonymous_1)
FN:58,(anonymous_2)
FN:75,(anonymous_3)
FN:91,(anonymous_4)
FN:119,(anonymous_5)
FN:141,(anonymous_6)
FN:153,(anonymous_7)
FN:173,(anonymous_8)
FN:176,(anonymous_9)
FN:190,(anonymous_10)
FNF:11
FNH:0
FNDA:0,(anonymous_0)
FNDA:0,(anonymous_1)
FNDA:0,(anonymous_2)
FNDA:0,(anonymous_3)
FNDA:0,(anonymous_4)
FNDA:0,(anonymous_5)
FNDA:0,(anonymous_6)
FNDA:0,(anonymous_7)
FNDA:0,(anonymous_8)
FNDA:0,(anonymous_9)
FNDA:0,(anonymous_10)
DA:8,0
DA:9,0
DA:26,0
DA:27,0
DA:32,0
DA:33,0
DA:37,0
DA:38,0
DA:41,0
DA:53,0
DA:54,0
DA:59,0
DA:60,0
DA:70,0
DA:71,0
DA:74,0
DA:75,0
DA:78,0
DA:86,0
DA:87,0
DA:92,0
DA:93,0
DA:114,0
DA:115,0
DA:120,0
DA:121,0
DA:123,0
DA:136,0
DA:137,0
DA:142,0
DA:143,0
DA:148,0
DA:149,0
DA:159,0
DA:160,0
DA:168,0
DA:169,0
DA:172,0
DA:173,0
DA:176,0
DA:178,0
DA:185,0
DA:186,0
DA:191,0
DA:192,0
DA:197,0
DA:198,0
DA:201,0
DA:233,0
DA:234,0
LF:50
LH:0
BRDA:37,0,0,0
BRDA:48,1,0,0
BRDA:48,1,1,0
BRDA:70,2,0,0
BRDA:91,3,0,0
BRDA:119,4,0,0
BRDA:126,5,0,0
BRDA:126,5,1,0
BRDA:168,6,0,0
BRDA:190,7,0,0
BRDA:197,8,0,0
BRF:11
BRH:0
end_of_record
TN:
SF:src/database/services/noteRatingService.ts
FN:6,(anonymous_0)
FN:52,(anonymous_1)
FN:75,(anonymous_2)
FN:101,(anonymous_3)
FN:132,(anonymous_4)
FN:158,(anonymous_5)
FN:210,(anonymous_6)
FN:223,(anonymous_7)
FN:243,(anonymous_8)
FN:244,(anonymous_9)
FN:247,(anonymous_10)
FN:269,(anonymous_11)
FNF:12
FNH:0
FNDA:0,(anonymous_0)
FNDA:0,(anonymous_1)
FNDA:0,(anonymous_2)
FNDA:0,(anonymous_3)
FNDA:0,(anonymous_4)
FNDA:0,(anonymous_5)
FNDA:0,(anonymous_6)
FNDA:0,(anonymous_7)
FNDA:0,(anonymous_8)
FNDA:0,(anonymous_9)
FNDA:0,(anonymous_10)
FNDA:0,(anonymous_11)
DA:13,0
DA:15,0
DA:24,0
DA:26,0
DA:37,0
DA:47,0
DA:48,0
DA:53,0
DA:54,0
DA:70,0
DA:71,0
DA:76,0
DA:77,0
DA:96,0
DA:97,0
DA:102,0
DA:103,0
DA:127,0
DA:128,0
DA:133,0
DA:134,0
DA:143,0
DA:144,0
DA:147,0
DA:151,0
DA:153,0
DA:154,0
DA:164,0
DA:165,0
DA:177,0
DA:178,0
DA:179,0
DA:181,0
DA:183,0
DA:184,0
DA:185,0
DA:187,0
DA:189,0
DA:190,0
DA:192,0
DA:196,0
DA:198,0
DA:205,0
DA:206,0
DA:211,0
DA:213,0
DA:215,0
DA:217,0
DA:219,0
DA:231,0
DA:232,0
DA:243,0
DA:244,0
DA:245,0
DA:246,0
DA:247,0
DA:249,0
DA:250,0
DA:251,0
DA:252,0
DA:255,0
DA:264,0
DA:265,0
DA:270,0
DA:271,0
DA:273,0
DA:307,0
DA:308,0
LF:68
LH:0
BRDA:24,0,0,0
BRDA:31,1,0,0
BRDA:31,1,1,0
BRDA:43,2,0,0
BRDA:43,2,1,0
BRDA:101,3,0,0
BRDA:143,4,0,0
BRDA:189,5,0,0
BRDA:189,5,1,0
BRDA:196,6,0,0
BRDA:196,6,1,0
BRDA:211,7,0,0
BRDA:211,7,1,0
BRDA:211,7,2,0
BRDA:211,7,3,0
BRDA:246,8,0,0
BRDA:246,8,1,0
BRDA:247,9,0,0
BRDA:247,9,1,0
BRDA:252,10,0,0
BRDA:252,10,1,0
BRDA:269,11,0,0
BRDA:269,12,0,0
BRF:23
BRH:0
end_of_record
TN:
SF:src/database/services/noteRequestService.ts
FN:8,(anonymous_0)
FN:86,(anonymous_1)
FN:111,(anonymous_2)
FN:137,(anonymous_3)
FN:160,(anonymous_4)
FN:175,(anonymous_5)
FN:177,(anonymous_6)
FN:194,(anonymous_7)
FN:227,(anonymous_8)
FN:246,(anonymous_9)
FN:279,(anonymous_10)
FN:283,(anonymous_11)
FNF:12
FNH:0
FNDA:0,(anonymous_0)
FNDA:0,(anonymous_1)
FNDA:0,(anonymous_2)
FNDA:0,(anonymous_3)
FNDA:0,(anonymous_4)
FNDA:0,(anonymous_5)
FNDA:0,(anonymous_6)
FNDA:0,(anonymous_7)
FNDA:0,(anonymous_8)
FNDA:0,(anonymous_9)
FNDA:0,(anonymous_10)
FNDA:0,(anonymous_11)
DA:15,0
DA:17,0
DA:22,0
DA:23,0
DA:27,0
DA:36,0
DA:37,0
DA:38,0
DA:41,0
DA:52,0
DA:59,0
DA:62,0
DA:72,0
DA:79,0
DA:81,0
DA:82,0
DA:87,0
DA:88,0
DA:97,0
DA:98,0
DA:101,0
DA:106,0
DA:107,0
DA:112,0
DA:113,0
DA:132,0
DA:133,0
DA:138,0
DA:139,0
DA:155,0
DA:156,0
DA:166,0
DA:167,0
DA:174,0
DA:175,0
DA:177,0
DA:180,0
DA:182,0
DA:189,0
DA:190,0
DA:195,0
DA:196,0
DA:198,0
DA:222,0
DA:223,0
DA:228,0
DA:229,0
DA:239,0
DA:241,0
DA:242,0
DA:251,0
DA:252,0
DA:254,0
DA:267,0
DA:269,0
DA:270,0
DA:271,0
DA:272,0
DA:274,0
DA:275,0
DA:276,0
DA:279,0
DA:283,0
DA:285,0
DA:286,0
LF:65
LH:0
BRDA:22,0,0,0
BRDA:36,1,0,0
BRDA:37,2,0,0
BRDA:46,3,0,0
BRDA:46,3,1,0
BRDA:67,4,0,0
BRDA:67,4,1,0
BRDA:97,5,0,0
BRDA:111,6,0,0
BRDA:116,7,0,0
BRDA:116,7,1,0
BRDA:137,8,0,0
BRDA:137,9,0,0
BRDA:142,10,0,0
BRDA:142,10,1,0
BRDA:194,11,0,0
BRDA:194,12,0,0
BRDA:246,13,0,0
BRDA:271,14,0,0
BRF:19
BRH:0
end_of_record
TN:
SF:src/database/services/requestAggregationService.ts
FN:7,(anonymous_0)
FN:18,(anonymous_1)
FN:51,(anonymous_2)
FN:62,(anonymous_3)
FN:77,(anonymous_4)
FN:92,(anonymous_5)
FN:124,(anonymous_6)
FN:144,(anonymous_7)
FN:167,(anonymous_8)
FN:168,(anonymous_9)
FN:184,(anonymous_10)
FN:238,(anonymous_11)
FN:243,(anonymous_12)
FN:250,(anonymous_13)
FN:287,(anonymous_14)
FN:303,(anonymous_15)
FN:305,(anonymous_16)
FN:306,(anonymous_17)
FNF:18
FNH:0
FNDA:0,(anonymous_0)
FNDA:0,(anonymous_1)
FNDA:0,(anonymous_2)
FNDA:0,(anonymous_3)
FNDA:0,(anonymous_4)
FNDA:0,(anonymous_5)
FNDA:0,(anonymous_6)
FNDA:0,(anonymous_7)
FNDA:0,(anonymous_8)
FNDA:0,(anonymous_9)
FNDA:0,(anonymous_10)
FNDA:0,(anonymous_11)
FNDA:0,(anonymous_12)
FNDA:0,(anonymous_13)
FNDA:0,(anonymous_14)
FNDA:0,(anonymous_15)
FNDA:0,(anonymous_16)
FNDA:0,(anonymous_17)
DA:8,0
DA:9,0
DA:17,0
DA:18,0
DA:19,0
DA:20,0
DA:23,0
DA:25,0
DA:46,0
DA:47,0
DA:52,0
DA:53,0
DA:57,0
DA:58,0
DA:63,0
DA:64,0
DA:72,0
DA:73,0
DA:78,0
DA:79,0
DA:87,0
DA:88,0
DA:98,0
DA:99,0
DA:101,0
DA:102,0
DA:110,0
DA:112,0
DA:119,0
DA:120,0
DA:125,0
DA:126,0
DA:128,0
DA:133,0
DA:144,0
DA:145,0
DA:166,0
DA:168,0
DA:169,0
DA:171,0
DA:179,0
DA:180,0
DA:190,0
DA:191,0
DA:193,0
DA:211,0
DA:217,0
DA:218,0
DA:219,0
DA:220,0
DA:227,0
DA:228,0
DA:229,0
DA:232,0
DA:233,0
DA:234,0
DA:238,0
DA:243,0
DA:245,0
DA:246,0
DA:251,0
DA:252,0
DA:255,0
DA:266,0
DA:275,0
DA:276,0
DA:279,0
DA:280,0
DA:282,0
DA:283,0
DA:294,0
DA:295,0
DA:301,0
DA:302,0
DA:303,0
DA:305,0
DA:306,0
DA:308,0
DA:309,0
DA:311,0
DA:319,0
DA:320,0
LF:82
LH:0
BRDA:19,0,0,0
BRDA:19,0,1,0
BRDA:20,1,0,0
BRDA:20,1,1,0
BRDA:33,2,0,0
BRDA:33,2,1,0
BRDA:42,3,0,0
BRDA:42,3,1,0
BRDA:101,4,0,0
BRDA:110,5,0,0
BRDA:110,5,1,0
BRDA:124,6,0,0
BRDA:124,7,0,0
BRDA:148,8,0,0
BRDA:148,8,1,0
BRDA:169,9,0,0
BRDA:184,10,0,0
BRDA:197,11,0,0
BRDA:197,11,1,0
BRDA:219,12,0,0
BRDA:233,13,0,0
BRDA:308,14,0,0
BRDA:308,14,1,0
BRDA:309,15,0,0
BRDA:309,15,1,0
BRF:25
BRH:0
end_of_record
TN:
SF:src/database/services/serverService.ts
FN:7,(anonymous_0)
FN:25,(anonymous_1)
FN:61,(anonymous_2)
FN:88,(anonymous_3)
FN:112,(anonymous_4)
FN:138,(anonymous_5)
FN:155,(anonymous_6)
FN:191,(anonymous_7)
FN:234,(anonymous_8)
FN:263,(anonymous_9)
FN:288,(anonymous_10)
FN:295,(anonymous_11)
FN:320,(anonymous_12)
FN:327,(anonymous_13)
FN:365,(anonymous_14)
FN:401,(anonymous_15)
FNF:16
FNH:0
FNDA:0,(anonymous_0)
FNDA:0,(anonymous_1)
FNDA:0,(anonymous_2)
FNDA:0,(anonymous_3)
FNDA:0,(anonymous_4)
FNDA:0,(anonymous_5)
FNDA:0,(anonymous_6)
FNDA:0,(anonymous_7)
FNDA:0,(anonymous_8)
FNDA:0,(anonymous_9)
FNDA:0,(anonymous_10)
FNDA:0,(anonymous_11)
FNDA:0,(anonymous_12)
FNDA:0,(anonymous_13)
FNDA:0,(anonymous_14)
FNDA:0,(anonymous_15)
DA:8,0
DA:9,0
DA:20,0
DA:21,0
DA:31,0
DA:32,0
DA:38,0
DA:39,0
DA:40,0
DA:41,0
DA:42,0
DA:43,0
DA:46,0
DA:47,0
DA:48,0
DA:49,0
DA:52,0
DA:56,0
DA:57,0
DA:77,0
DA:78,0
DA:83,0
DA:84,0
DA:89,0
DA:90,0
DA:107,0
DA:108,0
DA:113,0
DA:114,0
DA:123,0
DA:124,0
DA:127,0
DA:131,0
DA:133,0
DA:134,0
DA:139,0
DA:140,0
DA:150,0
DA:151,0
DA:156,0
DA:157,0
DA:159,0
DA:160,0
DA:165,0
DA:186,0
DA:187,0
DA:192,0
DA:193,0
DA:198,0
DA:199,0
DA:202,0
DA:229,0
DA:230,0
DA:235,0
DA:236,0
DA:245,0
DA:246,0
DA:250,0
DA:251,0
DA:256,0
DA:258,0
DA:259,0
DA:264,0
DA:265,0
DA:270,0
DA:271,0
DA:274,0
DA:284,0
DA:285,0
DA:288,0
DA:290,0
DA:291,0
DA:296,0
DA:297,0
DA:302,0
DA:303,0
DA:306,0
DA:316,0
DA:317,0
DA:320,0
DA:322,0
DA:323,0
DA:334,0
DA:335,0
DA:352,0
DA:360,0
DA:361,0
DA:366,0
DA:367,0
DA:369,0
DA:394,0
DA:396,0
DA:397,0
DA:402,0
DA:403,0
DA:412,0
DA:413,0
LF:97
LH:0
BRDA:38,0,0,0
BRDA:39,1,0,0
BRDA:40,2,0,0
BRDA:40,2,1,0
BRDA:41,3,0,0
BRDA:41,3,1,0
BRDA:42,4,0,0
BRDA:42,4,1,0
BRDA:43,5,0,0
BRDA:43,5,1,0
BRDA:46,6,0,0
BRDA:46,6,1,0
BRDA:47,7,0,0
BRDA:47,7,1,0
BRDA:48,8,0,0
BRDA:48,8,1,0
BRDA:49,9,0,0
BRDA:49,9,1,0
BRDA:88,10,0,0
BRDA:123,11,0,0
BRDA:159,12,0,0
BRDA:198,13,0,0
BRDA:198,14,0,0
BRDA:198,14,1,0
BRDA:245,15,0,0
BRDA:245,16,0,0
BRDA:245,16,1,0
BRDA:250,17,0,0
BRDA:256,18,0,0
BRDA:256,18,1,0
BRDA:270,19,0,0
BRDA:270,20,0,0
BRDA:270,20,1,0
BRDA:284,21,0,0
BRDA:302,22,0,0
BRDA:302,23,0,0
BRDA:302,23,1,0
BRDA:316,24,0,0
BRF:38
BRH:0
end_of_record
TN:
SF:src/database/services/userService.ts
FN:6,(anonymous_0)
FN:24,(anonymous_1)
FN:45,(anonymous_2)
FN:63,(anonymous_3)
FN:79,(anonymous_4)
FN:108,(anonymous_5)
FN:135,(anonymous_6)
FN:147,(anonymous_7)
FN:166,(anonymous_8)
FN:204,(anonymous_9)
FNF:10
FNH:0
FNDA:0,(anonymous_0)
FNDA:0,(anonymous_1)
FNDA:0,(anonymous_2)
FNDA:0,(anonymous_3)
FNDA:0,(anonymous_4)
FNDA:0,(anonymous_5)
FNDA:0,(anonymous_6)
FNDA:0,(anonymous_7)
FNDA:0,(anonymous_8)
FNDA:0,(anonymous_9)
DA:7,0
DA:8,0
DA:19,0
DA:20,0
DA:30,0
DA:31,0
DA:40,0
DA:41,0
DA:49,0
DA:50,0
DA:58,0
DA:59,0
DA:64,0
DA:65,0
DA:74,0
DA:75,0
DA:80,0
DA:81,0
DA:82,0
DA:84,0
DA:88,0
DA:89,0
DA:92,0
DA:93,0
DA:95,0
DA:103,0
DA:104,0
DA:109,0
DA:110,0
DA:111,0
DA:113,0
DA:121,0
DA:122,0
DA:125,0
DA:126,0
DA:128,0
DA:130,0
DA:131,0
DA:136,0
DA:137,0
DA:142,0
DA:143,0
DA:148,0
DA:149,0
DA:161,0
DA:162,0
DA:173,0
DA:174,0
DA:187,0
DA:188,0
DA:191,0
DA:199,0
DA:200,0
DA:205,0
DA:206,0
DA:214,0
DA:215,0
LF:57
LH:0
BRDA:88,0,0,0
BRDA:92,1,0,0
BRDA:92,1,1,0
BRDA:93,2,0,0
BRDA:93,2,1,0
BRDA:98,3,0,0
BRDA:98,3,1,0
BRDA:121,4,0,0
BRDA:121,5,0,0
BRDA:121,5,1,0
BRDA:128,6,0,0
BRDA:128,6,1,0
BRDA:147,7,0,0
BRDA:187,8,0,0
BRF:14
BRH:0
end_of_record
TN:
SF:src/events/RequestAggregationEventService.ts
FN:42,(anonymous_0)
FN:73,(anonymous_1)
FN:103,(anonymous_2)
FN:129,(anonymous_3)
FN:137,(anonymous_4)
FN:167,(anonymous_5)
FN:175,(anonymous_6)
FN:206,(anonymous_7)
FN:214,(anonymous_8)
FN:243,(anonymous_9)
FN:256,(anonymous_10)
FN:257,(anonymous_11)
FN:269,(anonymous_12)
FNF:13
FNH:0
FNDA:0,(anonymous_0)
FNDA:0,(anonymous_1)
FNDA:0,(anonymous_2)
FNDA:0,(anonymous_3)
FNDA:0,(anonymous_4)
FNDA:0,(anonymous_5)
FNDA:0,(anonymous_6)
FNDA:0,(anonymous_7)
FNDA:0,(anonymous_8)
FNDA:0,(anonymous_9)
FNDA:0,(anonymous_10)
FNDA:0,(anonymous_11)
FNDA:0,(anonymous_12)
DA:38,0
DA:39,0
DA:40,0
DA:43,0
DA:44,0
DA:58,0
DA:60,0
DA:66,0
DA:74,0
DA:75,0
DA:88,0
DA:90,0
DA:96,0
DA:104,0
DA:105,0
DA:114,0
DA:116,0
DA:122,0
DA:133,0
DA:134,0
DA:138,0
DA:139,0
DA:148,0
DA:157,0
DA:159,0
DA:163,0
DA:171,0
DA:172,0
DA:176,0
DA:177,0
DA:187,0
DA:196,0
DA:198,0
DA:202,0
DA:210,0
DA:211,0
DA:215,0
DA:216,0
DA:224,0
DA:233,0
DA:235,0
DA:239,0
DA:248,0
DA:249,0
DA:251,0
DA:256,0
DA:257,0
DA:259,0
DA:265,0
DA:275,0
DA:276,0
DA:282,0
DA:289,0
DA:293,0
DA:303,0
LF:55
LH:0
BRDA:68,0,0,0
BRDA:68,0,1,0
BRDA:98,1,0,0
BRDA:98,1,1,0
BRDA:124,2,0,0
BRDA:124,2,1,0
BRDA:131,3,0,0
BRDA:161,4,0,0
BRDA:161,4,1,0
BRDA:169,5,0,0
BRDA:200,6,0,0
BRDA:200,6,1,0
BRDA:208,7,0,0
BRDA:237,8,0,0
BRDA:237,8,1,0
BRDA:245,9,0,0
BRDA:246,10,0,0
BRDA:263,11,0,0
BRDA:263,11,1,0
BRDA:269,12,0,0
BRDA:291,13,0,0
BRDA:291,13,1,0
BRF:22
BRH:0
end_of_record
TN:
SF:src/external/opennotesClient.ts
FN:89,(anonymous_0)
FN:97,(anonymous_1)
FN:116,(anonymous_2)
FN:143,(anonymous_3)
FN:154,(anonymous_4)
FN:165,(anonymous_5)
FN:179,(anonymous_6)
FN:187,(anonymous_7)
FN:195,(anonymous_8)
FN:205,(anonymous_9)
FN:219,(anonymous_10)
FN:229,(anonymous_11)
FN:245,(anonymous_12)
FNF:13
FNH:0
FNDA:0,(anonymous_0)
FNDA:0,(anonymous_1)
FNDA:0,(anonymous_2)
FNDA:0,(anonymous_3)
FNDA:0,(anonymous_4)
FNDA:0,(anonymous_5)
FNDA:0,(anonymous_6)
FNDA:0,(anonymous_7)
FNDA:0,(anonymous_8)
FNDA:0,(anonymous_9)
FNDA:0,(anonymous_10)
FNDA:0,(anonymous_11)
FNDA:0,(anonymous_12)
DA:90,0
DA:91,0
DA:92,0
DA:93,0
DA:94,0
DA:101,0
DA:102,0
DA:107,0
DA:108,0
DA:111,0
DA:113,0
DA:114,0
DA:115,0
DA:116,0
DA:118,0
DA:124,0
DA:126,0
DA:127,0
DA:128,0
DA:133,0
DA:134,0
DA:136,0
DA:137,0
DA:142,0
DA:143,0
DA:148,0
DA:155,0
DA:156,0
DA:166,0
DA:170,0
DA:180,0
DA:181,0
DA:188,0
DA:189,0
DA:196,0
DA:197,0
DA:206,0
DA:210,0
DA:220,0
DA:221,0
DA:230,0
DA:231,0
DA:233,0
DA:234,0
DA:246,0
DA:247,0
DA:252,0
LF:47
LH:0
BRDA:90,0,0,0
BRDA:90,0,1,0
BRDA:92,1,0,0
BRDA:92,1,1,0
BRDA:93,2,0,0
BRDA:93,2,1,0
BRDA:94,3,0,0
BRDA:94,3,1,0
BRDA:99,4,0,0
BRDA:107,5,0,0
BRDA:126,6,0,0
BRDA:142,7,0,0
BRDA:148,8,0,0
BRDA:148,8,1,0
BRDA:207,9,0,0
BRDA:207,9,1,0
BRDA:208,10,0,0
BRDA:208,10,1,0
BRF:18
BRH:0
end_of_record
TN:
SF:src/external/scoringAdapter.ts
FN:13,(anonymous_0)
FN:57,(anonymous_1)
FN:85,(anonymous_2)
FN:103,(anonymous_3)
FN:110,(anonymous_4)
FN:135,(anonymous_5)
FN:147,(anonymous_6)
FN:159,(anonymous_7)
FN:180,(anonymous_8)
FN:200,(anonymous_9)
FNF:10
FNH:0
FNDA:0,(anonymous_0)
FNDA:0,(anonymous_1)
FNDA:0,(anonymous_2)
FNDA:0,(anonymous_3)
FNDA:0,(anonymous_4)
FNDA:0,(anonymous_5)
FNDA:0,(anonymous_6)
FNDA:0,(anonymous_7)
FNDA:0,(anonymous_8)
FNDA:0,(anonymous_9)
DA:17,0
DA:18,0
DA:21,0
DA:22,0
DA:23,0
DA:31,0
DA:32,0
DA:39,0
DA:44,0
DA:46,0
DA:63,0
DA:65,0
DA:74,0
DA:86,0
DA:89,0
DA:90,0
DA:92,0
DA:96,0
DA:104,0
DA:111,0
DA:112,0
DA:113,0
DA:122,0
DA:126,0
DA:136,0
DA:137,0
DA:139,0
DA:140,0
DA:148,0
DA:149,0
DA:151,0
DA:152,0
DA:166,0
DA:167,0
DA:172,0
DA:173,0
DA:181,0
DA:182,0
DA:188,0
DA:193,0
DA:201,0
DA:202,0
DA:203,0
DA:208,0
DA:210,0
DA:211,0
DA:217,0
DA:218,0
LF:48
LH:0
BRDA:22,0,0,0
BRDA:31,1,0,0
BRDA:31,2,0,0
BRDA:31,2,1,0
BRDA:69,3,0,0
BRDA:69,3,1,0
BRF:6
BRH:0
end_of_record
TN:
SF:src/monitoring/healthCheck.ts
FN:48,(anonymous_0)
FN:80,(anonymous_1)
FN:100,(anonymous_2)
FN:127,(anonymous_3)
FN:154,(anonymous_4)
FN:189,(anonymous_5)
FN:215,(anonymous_6)
FN:218,(anonymous_7)
FN:226,(anonymous_8)
FN:236,(anonymous_9)
FN:263,(anonymous_10)
FN:298,(anonymous_11)
FNF:12
FNH:0
FNDA:0,(anonymous_0)
FNDA:0,(anonymous_1)
FNDA:0,(anonymous_2)
FNDA:0,(anonymous_3)
FNDA:0,(anonymous_4)
FNDA:0,(anonymous_5)
FNDA:0,(anonymous_6)
FNDA:0,(anonymous_7)
FNDA:0,(anonymous_8)
FNDA:0,(anonymous_9)
FNDA:0,(anonymous_10)
FNDA:0,(anonymous_11)
DA:46,0
DA:49,0
DA:50,0
DA:52,0
DA:60,0
DA:68,0
DA:70,0
DA:81,0
DA:82,0
DA:83,0
DA:84,0
DA:86,0
DA:92,0
DA:93,0
DA:101,0
DA:102,0
DA:103,0
DA:109,0
DA:110,0
DA:111,0
DA:113,0
DA:119,0
DA:120,0
DA:128,0
DA:129,0
DA:130,0
DA:136,0
DA:137,0
DA:138,0
DA:140,0
DA:146,0
DA:147,0
DA:155,0
DA:156,0
DA:157,0
DA:158,0
DA:159,0
DA:161,0
DA:162,0
DA:163,0
DA:164,0
DA:165,0
DA:168,0
DA:177,0
DA:178,0
DA:190,0
DA:194,0
DA:203,0
DA:204,0
DA:216,0
DA:217,0
DA:218,0
DA:221,0
DA:222,0
DA:225,0
DA:226,0
DA:229,0
DA:230,0
DA:233,0
DA:245,0
DA:248,0
DA:254,0
DA:255,0
DA:269,0
DA:270,0
DA:271,0
DA:279,0
DA:281,0
DA:288,0
DA:289,0
DA:305,0
DA:306,0
DA:307,0
DA:316,0
DA:317,0
DA:318,0
DA:320,0
DA:321,0
DA:322,0
DA:323,0
DA:326,0
DA:327,0
DA:328,0
DA:331,0
DA:334,0
DA:342,0
DA:343,0
DA:354,0
LF:88
LH:0
BRDA:75,0,0,0
BRDA:75,0,1,0
BRDA:76,1,0,0
BRDA:76,1,1,0
BRDA:87,2,0,0
BRDA:87,2,1,0
BRDA:89,3,0,0
BRDA:89,3,1,0
BRDA:95,4,0,0
BRDA:95,4,1,0
BRDA:102,5,0,0
BRDA:114,6,0,0
BRDA:114,6,1,0
BRDA:116,7,0,0
BRDA:116,7,1,0
BRDA:122,8,0,0
BRDA:122,8,1,0
BRDA:129,9,0,0
BRDA:141,10,0,0
BRDA:141,10,1,0
BRDA:143,11,0,0
BRDA:143,11,1,0
BRDA:149,12,0,0
BRDA:149,12,1,0
BRDA:162,13,0,0
BRDA:162,13,1,0
BRDA:164,14,0,0
BRDA:221,15,0,0
BRDA:226,16,0,0
BRDA:226,16,1,0
BRDA:226,16,2,0
BRDA:229,17,0,0
BRDA:270,18,0,0
BRDA:306,19,0,0
BRF:34
BRH:0
end_of_record
TN:
SF:src/notifications/NatsNotificationService.ts
FN:24,(anonymous_0)
FN:28,(anonymous_1)
FN:63,(anonymous_2)
FN:68,(anonymous_3)
FN:157,(anonymous_4)
FN:247,(anonymous_5)
FN:264,(anonymous_6)
FN:277,(anonymous_7)
FN:292,(anonymous_8)
FN:309,(anonymous_9)
FN:337,(anonymous_10)
FN:378,(anonymous_11)
FNF:12
FNH:0
FNDA:0,(anonymous_0)
FNDA:0,(anonymous_1)
FNDA:0,(anonymous_2)
FNDA:0,(anonymous_3)
FNDA:0,(anonymous_4)
FNDA:0,(anonymous_5)
FNDA:0,(anonymous_6)
FNDA:0,(anonymous_7)
FNDA:0,(anonymous_8)
FNDA:0,(anonymous_9)
FNDA:0,(anonymous_10)
FNDA:0,(anonymous_11)
DA:20,0
DA:21,0
DA:22,0
DA:25,0
DA:29,0
DA:31,0
DA:33,0
DA:45,0
DA:56,0
DA:58,0
DA:59,0
DA:64,0
DA:75,0
DA:77,0
DA:93,0
DA:94,0
DA:95,0
DA:99,0
DA:100,0
DA:101,0
DA:105,0
DA:106,0
DA:107,0
DA:110,0
DA:111,0
DA:112,0
DA:113,0
DA:116,0
DA:117,0
DA:121,0
DA:132,0
DA:134,0
DA:136,0
DA:146,0
DA:148,0
DA:153,0
DA:158,0
DA:159,0
DA:162,0
DA:164,0
DA:165,0
DA:168,0
DA:169,0
DA:174,0
DA:178,0
DA:183,0
DA:184,0
DA:188,0
DA:191,0
DA:205,0
DA:206,0
DA:209,0
DA:210,0
DA:211,0
DA:212,0
DA:213,0
DA:214,0
DA:217,0
DA:225,0
DA:226,0
DA:231,0
DA:239,0
DA:243,0
DA:248,0
DA:249,0
DA:255,0
DA:258,0
DA:265,0
DA:267,0
DA:269,0
DA:271,0
DA:273,0
DA:278,0
DA:280,0
DA:282,0
DA:284,0
DA:286,0
DA:288,0
DA:293,0
DA:295,0
DA:297,0
DA:299,0
DA:301,0
DA:303,0
DA:305,0
DA:310,0
DA:311,0
DA:326,0
DA:327,0
DA:329,0
DA:333,0
DA:338,0
DA:339,0
DA:355,0
DA:357,0
DA:370,0
DA:374,0
DA:383,0
DA:385,0
DA:387,0
DA:393,0
DA:394,0
LF:102
LH:0
BRDA:72,0,0,0
BRDA:93,1,0,0
BRDA:99,2,0,0
BRDA:99,3,0,0
BRDA:99,3,1,0
BRDA:105,4,0,0
BRDA:111,5,0,0
BRDA:117,6,0,0
BRDA:117,6,1,0
BRDA:117,7,0,0
BRDA:117,7,1,0
BRDA:128,8,0,0
BRDA:128,8,1,0
BRDA:132,9,0,0
BRDA:132,9,1,0
BRDA:151,10,0,0
BRDA:151,10,1,0
BRDA:158,11,0,0
BRDA:168,12,0,0
BRDA:168,13,0,0
BRDA:168,13,1,0
BRDA:183,14,0,0
BRDA:198,15,0,0
BRDA:198,15,1,0
BRDA:212,16,0,0
BRDA:220,17,0,0
BRDA:220,17,1,0
BRDA:225,18,0,0
BRDA:225,18,1,0
BRDA:240,19,0,0
BRDA:240,19,1,0
BRDA:259,20,0,0
BRDA:259,20,1,0
BRDA:265,21,0,0
BRDA:265,21,1,0
BRDA:265,21,2,0
BRDA:265,21,3,0
BRDA:278,22,0,0
BRDA:278,22,1,0
BRDA:278,22,2,0
BRDA:278,22,3,0
BRDA:278,22,4,0
BRDA:293,23,0,0
BRDA:293,23,1,0
BRDA:293,23,2,0
BRDA:293,23,3,0
BRDA:293,23,4,0
BRDA:293,23,5,0
BRDA:331,24,0,0
BRDA:331,24,1,0
BRDA:355,25,0,0
BRDA:367,26,0,0
BRDA:367,26,1,0
BRDA:372,27,0,0
BRDA:372,27,1,0
BRDA:388,28,0,0
BRDA:388,28,1,0
BRF:57
BRH:0
end_of_record
TN:
SF:src/notifications/NotificationIntegration.ts
FN:9,(anonymous_0)
FN:15,(anonymous_1)
FN:75,(anonymous_2)
FN:129,(anonymous_3)
FN:194,(anonymous_4)
FN:251,(anonymous_5)
FN:287,(anonymous_6)
FN:368,(anonymous_7)
FN:402,(anonymous_8)
FN:408,(anonymous_9)
FNF:10
FNH:0
FNDA:0,(anonymous_0)
FNDA:0,(anonymous_1)
FNDA:0,(anonymous_2)
FNDA:0,(anonymous_3)
FNDA:0,(anonymous_4)
FNDA:0,(anonymous_5)
FNDA:0,(anonymous_6)
FNDA:0,(anonymous_7)
FNDA:0,(anonymous_8)
FNDA:0,(anonymous_9)
DA:10,0
DA:11,0
DA:12,0
DA:16,0
DA:17,0
DA:19,0
DA:20,0
DA:24,0
DA:31,0
DA:32,0
DA:33,0
DA:37,0
DA:40,0
DA:41,0
DA:51,0
DA:60,0
DA:62,0
DA:68,0
DA:76,0
DA:78,0
DA:91,0
DA:92,0
DA:93,0
DA:97,0
DA:98,0
DA:100,0
DA:109,0
DA:117,0
DA:122,0
DA:130,0
DA:132,0
DA:143,0
DA:144,0
DA:145,0
DA:149,0
DA:150,0
DA:154,0
DA:155,0
DA:157,0
DA:158,0
DA:161,0
DA:173,0
DA:180,0
DA:187,0
DA:195,0
DA:196,0
DA:204,0
DA:205,0
DA:206,0
DA:210,0
DA:211,0
DA:212,0
DA:215,0
DA:226,0
DA:228,0
DA:235,0
DA:242,0
DA:257,0
DA:258,0
DA:265,0
DA:272,0
DA:279,0
DA:288,0
DA:289,0
DA:292,0
DA:301,0
DA:308,0
DA:315,0
DA:316,0
DA:317,0
DA:327,0
DA:328,0
DA:329,0
DA:339,0
DA:340,0
DA:341,0
DA:351,0
DA:352,0
DA:353,0
DA:361,0
DA:369,0
DA:371,0
DA:392,0
DA:394,0
DA:398,0
DA:404,0
DA:405,0
DA:409,0
DA:411,0
DA:413,0
DA:414,0
DA:417,0
DA:421,0
LF:93
LH:0
BRDA:19,0,0,0
BRDA:31,1,0,0
BRDA:70,2,0,0
BRDA:70,2,1,0
BRDA:91,3,0,0
BRDA:98,4,0,0
BRDA:105,5,0,0
BRDA:105,5,1,0
BRDA:124,6,0,0
BRDA:124,6,1,0
BRDA:143,7,0,0
BRDA:149,8,0,0
BRDA:157,9,0,0
BRDA:189,10,0,0
BRDA:189,10,1,0
BRDA:204,11,0,0
BRDA:211,12,0,0
BRDA:221,13,0,0
BRDA:221,13,1,0
BRDA:226,14,0,0
BRDA:226,14,1,0
BRDA:246,15,0,0
BRDA:246,15,1,0
BRDA:282,16,0,0
BRDA:282,16,1,0
BRDA:316,17,0,0
BRDA:328,18,0,0
BRDA:340,19,0,0
BRDA:351,20,0,0
BRDA:351,21,0,0
BRDA:351,21,1,0
BRDA:352,22,0,0
BRDA:352,22,1,0
BRDA:356,23,0,0
BRDA:356,23,1,0
BRDA:363,24,0,0
BRDA:363,24,1,0
BRDA:396,25,0,0
BRDA:396,25,1,0
BRDA:422,26,0,0
BRDA:422,26,1,0
BRF:41
BRH:0
end_of_record
TN:
SF:src/notifications/NotificationScheduler.ts
FN:8,(anonymous_0)
FN:10,(anonymous_1)
FN:20,(anonymous_2)
FN:31,(anonymous_3)
FN:38,(anonymous_4)
FN:47,(anonymous_5)
FNF:6
FNH:0
FNDA:0,(anonymous_0)
FNDA:0,(anonymous_1)
FNDA:0,(anonymous_2)
FNDA:0,(anonymous_3)
FNDA:0,(anonymous_4)
FNDA:0,(anonymous_5)
DA:5,0
DA:6,0
DA:8,0
DA:11,0
DA:12,0
DA:13,0
DA:16,0
DA:17,0
DA:20,0
DA:21,0
DA:22,0
DA:24,0
DA:31,0
DA:32,0
DA:39,0
DA:40,0
DA:41,0
DA:43,0
DA:44,0
DA:48,0
LF:20
LH:0
BRDA:11,0,0,0
BRDA:25,1,0,0
BRDA:25,1,1,0
BRDA:33,2,0,0
BRDA:33,2,1,0
BRDA:39,3,0,0
BRF:6
BRH:0
end_of_record
TN:
SF:src/notifications/NotificationService.ts
FN:22,(anonymous_0)
FN:26,(anonymous_1)
FN:30,(anonymous_2)
FN:37,(anonymous_3)
FN:45,(anonymous_4)
FN:59,(anonymous_5)
FN:144,(anonymous_6)
FN:171,(anonymous_7)
FN:232,(anonymous_8)
FN:263,(anonymous_9)
FN:282,(anonymous_10)
FN:303,(anonymous_11)
FN:343,(anonymous_12)
FN:358,(anonymous_13)
FN:374,(anonymous_14)
FN:381,(anonymous_15)
FN:393,(anonymous_16)
FN:422,(anonymous_17)
FN:439,(anonymous_18)
FN:467,(anonymous_19)
FNF:20
FNH:0
FNDA:0,(anonymous_0)
FNDA:0,(anonymous_1)
FNDA:0,(anonymous_2)
FNDA:0,(anonymous_3)
FNDA:0,(anonymous_4)
FNDA:0,(anonymous_5)
FNDA:0,(anonymous_6)
FNDA:0,(anonymous_7)
FNDA:0,(anonymous_8)
FNDA:0,(anonymous_9)
FNDA:0,(anonymous_10)
FNDA:0,(anonymous_11)
FNDA:0,(anonymous_12)
FNDA:0,(anonymous_13)
FNDA:0,(anonymous_14)
FNDA:0,(anonymous_15)
FNDA:0,(anonymous_16)
FNDA:0,(anonymous_17)
FNDA:0,(anonymous_18)
FNDA:0,(anonymous_19)
DA:18,0
DA:19,0
DA:20,0
DA:23,0
DA:27,0
DA:30,0
DA:31,0
DA:32,0
DA:37,0
DA:38,0
DA:42,0
DA:46,0
DA:48,0
DA:49,0
DA:50,0
DA:53,0
DA:54,0
DA:55,0
DA:66,0
DA:68,0
DA:84,0
DA:85,0
DA:86,0
DA:90,0
DA:91,0
DA:92,0
DA:96,0
DA:97,0
DA:98,0
DA:101,0
DA:102,0
DA:103,0
DA:104,0
DA:107,0
DA:108,0
DA:112,0
DA:124,0
DA:133,0
DA:135,0
DA:140,0
DA:145,0
DA:146,0
DA:148,0
DA:161,0
DA:162,0
DA:165,0
DA:167,0
DA:172,0
DA:174,0
DA:179,0
DA:180,0
DA:181,0
DA:184,0
DA:198,0
DA:199,0
DA:202,0
DA:203,0
DA:204,0
DA:205,0
DA:206,0
DA:207,0
DA:210,0
DA:218,0
DA:219,0
DA:221,0
DA:224,0
DA:228,0
DA:233,0
DA:235,0
DA:245,0
DA:246,0
DA:247,0
DA:248,0
DA:249,0
DA:251,0
DA:255,0
DA:256,0
DA:259,0
DA:264,0
DA:266,0
DA:267,0
DA:269,0
DA:271,0
DA:279,0
DA:281,0
DA:282,0
DA:285,0
DA:289,0
DA:290,0
DA:291,0
DA:293,0
DA:295,0
DA:296,0
DA:299,0
DA:303,0
DA:320,0
DA:321,0
DA:324,0
DA:325,0
DA:326,0
DA:327,0
DA:328,0
DA:329,0
DA:332,0
DA:340,0
DA:342,0
DA:343,0
DA:350,0
DA:357,0
DA:358,0
DA:366,0
DA:375,0
DA:382,0
DA:390,0
DA:394,0
DA:399,0
DA:401,0
DA:402,0
DA:404,0
DA:413,0
DA:414,0
DA:423,0
DA:425,0
DA:427,0
DA:429,0
DA:431,0
DA:433,0
DA:435,0
DA:440,0
DA:441,0
DA:456,0
DA:457,0
DA:459,0
DA:463,0
DA:468,0
DA:469,0
DA:485,0
DA:487,0
DA:500,0
DA:504,0
LF:140
LH:0
BRDA:31,0,0,0
BRDA:48,1,0,0
BRDA:53,2,0,0
BRDA:63,3,0,0
BRDA:84,4,0,0
BRDA:90,5,0,0
BRDA:90,6,0,0
BRDA:90,6,1,0
BRDA:96,7,0,0
BRDA:102,8,0,0
BRDA:108,9,0,0
BRDA:108,9,1,0
BRDA:108,10,0,0
BRDA:108,10,1,0
BRDA:119,11,0,0
BRDA:119,11,1,0
BRDA:138,12,0,0
BRDA:138,12,1,0
BRDA:179,13,0,0
BRDA:205,14,0,0
BRDA:213,15,0,0
BRDA:213,15,1,0
BRDA:218,16,0,0
BRDA:218,16,1,0
BRDA:226,17,0,0
BRDA:226,17,1,0
BRDA:248,18,0,0
BRDA:264,19,0,0
BRDA:279,20,0,0
BRDA:293,21,0,0
BRDA:293,21,1,0
BRDA:295,22,0,0
BRDA:327,23,0,0
BRDA:335,24,0,0
BRDA:335,24,1,0
BRDA:340,25,0,0
BRDA:340,25,1,0
BRDA:369,26,0,0
BRDA:369,26,1,0
BRDA:399,27,0,0
BRDA:402,28,0,0
BRDA:402,28,1,0
BRDA:413,29,0,0
BRDA:423,30,0,0
BRDA:423,30,1,0
BRDA:423,30,2,0
BRDA:423,30,3,0
BRDA:423,30,4,0
BRDA:423,30,5,0
BRDA:461,31,0,0
BRDA:461,31,1,0
BRDA:485,32,0,0
BRDA:497,33,0,0
BRDA:497,33,1,0
BRDA:502,34,0,0
BRDA:502,34,1,0
BRF:56
BRH:0
end_of_record
TN:
SF:src/notifications/templates.ts
FN:6,(anonymous_0)
FN:10,(anonymous_1)
FN:14,(anonymous_2)
FN:18,(anonymous_3)
FN:22,(anonymous_4)
FN:30,(anonymous_5)
FN:34,(anonymous_6)
FN:38,(anonymous_7)
FN:42,(anonymous_8)
FN:46,(anonymous_9)
FN:54,(anonymous_10)
FN:60,(anonymous_11)
FN:67,(anonymous_12)
FN:71,(anonymous_13)
FN:75,(anonymous_14)
FN:83,(anonymous_15)
FN:88,(anonymous_16)
FN:93,(anonymous_17)
FN:102,(anonymous_18)
FN:106,(anonymous_19)
FN:110,(anonymous_20)
FN:119,(anonymous_21)
FN:132,(anonymous_22)
FN:136,(anonymous_23)
FN:141,(anonymous_24)
FN:145,(anonymous_25)
FN:149,(anonymous_26)
FNF:27
FNH:26
FNDA:1,(anonymous_0)
FNDA:1,(anonymous_1)
FNDA:1,(anonymous_2)
FNDA:1,(anonymous_3)
FNDA:1,(anonymous_4)
FNDA:1,(anonymous_5)
FNDA:1,(anonymous_6)
FNDA:1,(anonymous_7)
FNDA:1,(anonymous_8)
FNDA:1,(anonymous_9)
FNDA:2,(anonymous_10)
FNDA:2,(anonymous_11)
FNDA:1,(anonymous_12)
FNDA:1,(anonymous_13)
FNDA:1,(anonymous_14)
FNDA:1,(anonymous_15)
FNDA:4,(anonymous_16)
FNDA:0,(anonymous_17)
FNDA:1,(anonymous_18)
FNDA:1,(anonymous_19)
FNDA:1,(anonymous_20)
FNDA:4,(anonymous_21)
FNDA:1,(anonymous_22)
FNDA:1,(anonymous_23)
FNDA:1,(anonymous_24)
FNDA:1,(anonymous_25)
FNDA:1,(anonymous_26)
DA:4,2
DA:7,1
DA:11,1
DA:15,1
DA:19,1
DA:23,1
DA:28,2
DA:31,1
DA:35,1
DA:39,1
DA:43,1
DA:47,1
DA:52,2
DA:55,2
DA:56,2
DA:57,2
DA:61,2
DA:62,2
DA:63,2
DA:64,2
DA:68,1
DA:72,1
DA:76,1
DA:81,2
DA:84,1
DA:85,1
DA:89,4
DA:90,4
DA:94,0
DA:95,0
DA:96,0
DA:97,0
DA:98,0
DA:103,1
DA:107,1
DA:111,1
DA:112,1
DA:113,0
DA:114,0
DA:115,0
DA:120,4
DA:121,2
DA:122,1
DA:123,1
DA:124,0
DA:130,2
DA:133,1
DA:137,1
DA:138,1
DA:142,1
DA:146,1
DA:150,1
DA:154,1
LF:53
LH:44
BRDA:57,0,0,1
BRDA:57,0,1,1
BRDA:64,1,0,2
BRDA:64,1,1,0
BRDA:95,2,0,0
BRDA:95,2,1,0
BRDA:95,2,2,0
BRDA:111,3,0,1
BRDA:111,3,1,0
BRDA:111,3,2,0
BRDA:111,3,3,0
BRDA:120,4,0,2
BRDA:120,4,1,1
BRDA:120,4,2,1
BRDA:120,4,3,0
BRF:15
BRH:7
end_of_record
TN:
SF:src/notifications/types.ts
FN:1,(anonymous_0)
FN:9,(anonymous_1)
FN:16,(anonymous_2)
FNF:3
FNH:3
FNDA:1,(anonymous_0)
FNDA:1,(anonymous_1)
FNDA:1,(anonymous_2)
DA:1,1
DA:2,1
DA:3,1
DA:4,1
DA:5,1
DA:6,1
DA:9,1
DA:10,1
DA:11,1
DA:12,1
DA:13,1
DA:16,1
DA:17,1
DA:18,1
LF:14
LH:14
BRDA:1,0,0,1
BRDA:1,0,1,1
BRDA:9,1,0,1
BRDA:9,1,1,1
BRDA:16,2,0,1
BRDA:16,2,1,1
BRF:6
BRH:6
end_of_record
TN:
SF:src/shared/config/index.ts
FN:33,(anonymous_0)
FN:67,validateConfig
FN:72,(anonymous_2)
FNF:3
FNH:2
FNDA:6,(anonymous_0)
FNDA:6,validateConfig
FNDA:0,(anonymous_2)
DA:4,6
DA:6,6
DA:33,6
DA:68,6
DA:69,6
DA:71,0
DA:72,0
DA:73,0
DA:75,0
DA:79,6
LF:10
LH:6
BRDA:71,0,0,0
BRF:1
BRH:0
end_of_record
TN:
SF:src/shared/types/discord.ts
FNF:0
FNH:0
DA:3,1
LF:1
LH:1
BRF:0
BRH:0
end_of_record
TN:
SF:src/shared/types/verification.ts
FNF:0
FNH:0
DA:4,2
DA:8,2
DA:18,2
DA:39,2
DA:48,2
DA:57,2
DA:70,2
DA:80,2
DA:89,2
DA:98,2
DA:108,2
DA:120,2
DA:134,2
DA:159,2
LF:14
LH:14
BRF:0
BRH:0
end_of_record
TN:
SF:src/shared/utils/logger.ts
FN:8,(anonymous_0)
FN:21,(anonymous_1)
FN:48,(anonymous_2)
FNF:3
FNH:2
FNDA:156,(anonymous_0)
FNDA:0,(anonymous_1)
FNDA:6,(anonymous_2)
DA:4,6
DA:9,156
DA:18,6
DA:22,0
DA:23,0
DA:27,6
DA:48,6
DA:49,6
DA:50,6
LF:9
LH:7
BRDA:22,0,0,0
BRDA:22,0,1,0
BRDA:29,1,0,0
BRDA:29,1,1,6
BRF:4
BRH:1
end_of_record
TN:
SF:src/streaming/NatsConnection.ts
FN:14,(anonymous_0)
FN:50,(anonymous_1)
FN:53,(anonymous_2)
FN:63,(anonymous_3)
FN:84,(anonymous_4)
FN:94,(anonymous_5)
FN:104,(anonymous_6)
FN:164,(anonymous_7)
FN:185,(anonymous_8)
FN:199,(anonymous_9)
FN:220,(anonymous_10)
FN:250,(anonymous_11)
FN:257,(anonymous_12)
FN:264,(anonymous_13)
FN:271,(anonymous_14)
FN:275,(anonymous_15)
FN:290,(anonymous_16)
FN:294,(anonymous_17)
FNF:18
FNH:0
FNDA:0,(anonymous_0)
FNDA:0,(anonymous_1)
FNDA:0,(anonymous_2)
FNDA:0,(anonymous_3)
FNDA:0,(anonymous_4)
FNDA:0,(anonymous_5)
FNDA:0,(anonymous_6)
FNDA:0,(anonymous_7)
FNDA:0,(anonymous_8)
FNDA:0,(anonymous_9)
FNDA:0,(anonymous_10)
FNDA:0,(anonymous_11)
FNDA:0,(anonymous_12)
FNDA:0,(anonymous_13)
FNDA:0,(anonymous_14)
FNDA:0,(anonymous_15)
FNDA:0,(anonymous_16)
FNDA:0,(anonymous_17)
DA:6,0
DA:7,0
DA:8,0
DA:9,0
DA:10,0
DA:11,0
DA:12,0
DA:15,0
DA:16,0
DA:17,0
DA:18,0
DA:21,0
DA:30,0
DA:31,0
DA:32,0
DA:33,0
DA:34,0
DA:36,0
DA:41,0
DA:42,0
DA:44,0
DA:45,0
DA:46,0
DA:51,0
DA:53,0
DA:54,0
DA:55,0
DA:56,0
DA:58,0
DA:63,0
DA:64,0
DA:66,0
DA:67,0
DA:72,0
DA:73,0
DA:74,0
DA:75,0
DA:76,0
DA:77,0
DA:78,0
DA:85,0
DA:86,0
DA:89,0
DA:90,0
DA:92,0
DA:94,0
DA:95,0
DA:96,0
DA:97,0
DA:99,0
DA:105,0
DA:107,0
DA:146,0
DA:147,0
DA:148,0
DA:153,0
DA:155,0
DA:156,0
DA:158,0
DA:165,0
DA:166,0
DA:167,0
DA:168,0
DA:171,0
DA:172,0
DA:173,0
DA:176,0
DA:177,0
DA:178,0
DA:179,0
DA:181,0
DA:186,0
DA:187,0
DA:190,0
DA:191,0
DA:192,0
DA:194,0
DA:195,0
DA:209,0
DA:210,0
DA:213,0
DA:214,0
DA:219,0
DA:221,0
DA:222,0
DA:223,0
DA:224,0
DA:226,0
DA:230,0
DA:237,0
DA:243,0
DA:245,0
DA:246,0
DA:251,0
DA:252,0
DA:253,0
DA:254,0
DA:258,0
DA:259,0
DA:261,0
DA:265,0
DA:266,0
DA:268,0
DA:272,0
DA:276,0
DA:277,0
DA:278,0
DA:282,0
DA:283,0
DA:285,0
DA:286,0
DA:291,0
DA:299,0
DA:307,0
LF:114
LH:0
BRDA:16,0,0,0
BRDA:51,1,0,0
BRDA:55,2,0,0
BRDA:55,2,1,0
BRDA:64,3,0,0
BRDA:72,4,0,0
BRDA:72,4,1,0
BRDA:72,5,0,0
BRDA:72,5,1,0
BRDA:75,6,0,0
BRDA:85,7,0,0
BRDA:85,8,0,0
BRDA:85,8,1,0
BRDA:105,9,0,0
BRDA:155,10,0,0
BRDA:155,10,1,0
BRDA:166,11,0,0
BRDA:171,12,0,0
BRDA:171,13,0,0
BRDA:171,13,1,0
BRDA:186,14,0,0
BRDA:186,15,0,0
BRDA:186,15,1,0
BRDA:202,16,0,0
BRDA:209,17,0,0
BRDA:209,18,0,0
BRDA:209,18,1,0
BRDA:216,19,0,0
BRDA:216,19,1,0
BRDA:233,20,0,0
BRDA:233,20,1,0
BRDA:234,21,0,0
BRDA:234,21,1,0
BRDA:251,22,0,0
BRDA:252,23,0,0
BRDA:253,24,0,0
BRDA:258,25,0,0
BRDA:258,26,0,0
BRDA:258,26,1,0
BRDA:265,27,0,0
BRDA:265,28,0,0
BRDA:265,28,1,0
BRDA:272,29,0,0
BRDA:272,29,1,0
BRDA:272,29,2,0
BRDA:277,30,0,0
BRDA:277,31,0,0
BRDA:277,31,1,0
BRDA:291,32,0,0
BRDA:291,32,1,0
BRF:50
BRH:0
end_of_record
TN:
SF:src/streaming/StreamingService.ts
FN:74,(anonymous_0)
FNF:1
FNH:0
FNDA:0,(anonymous_0)
DA:74,0
DA:75,0
DA:76,0
DA:77,0
DA:78,0
LF:5
LH:0
BRDA:74,0,0,0
BRDA:74,0,1,0
BRF:2
BRH:0
end_of_record
TN:
SF:src/verification/RateLimitService.ts
FN:38,(anonymous_0)
FN:115,(anonymous_1)
FN:121,(anonymous_2)
FN:122,(anonymous_3)
FN:128,(anonymous_4)
FN:148,(anonymous_5)
FN:175,(anonymous_6)
FN:193,(anonymous_7)
FN:201,(anonymous_8)
FN:202,(anonymous_9)
FNF:10
FNH:7
FNDA:98,(anonymous_0)
FNDA:3,(anonymous_1)
FNDA:2,(anonymous_2)
FNDA:2,(anonymous_3)
FNDA:6,(anonymous_4)
FNDA:4,(anonymous_5)
FNDA:4,(anonymous_6)
FNDA:0,(anonymous_7)
FNDA:0,(anonymous_8)
FNDA:0,(anonymous_9)
DA:17,22
DA:20,22
DA:42,98
DA:43,98
DA:44,98
DA:46,98
DA:49,98
DA:50,25
DA:58,98
DA:59,0
DA:66,98
DA:67,98
DA:68,0
DA:76,98
DA:78,9
DA:79,9
DA:81,9
DA:83,9
DA:91,9
DA:98,89
DA:99,89
DA:101,89
DA:109,89
DA:116,3
DA:117,2
DA:118,2
DA:121,2
DA:122,2
DA:125,3
DA:129,6
DA:130,6
DA:131,6
DA:133,6
DA:134,4
DA:137,2
DA:138,2
DA:141,2
DA:142,0
DA:145,2
DA:152,4
DA:153,4
DA:155,4
DA:156,2
DA:159,2
DA:160,2
DA:162,0
DA:163,0
DA:164,0
DA:165,0
DA:168,2
DA:176,4
DA:177,4
DA:179,4
DA:181,0
DA:182,0
DA:183,0
DA:185,0
DA:186,0
DA:188,0
DA:189,0
DA:193,4
DA:195,4
DA:196,0
DA:202,0
DA:203,0
LF:65
LH:48
BRDA:40,0,0,0
BRDA:49,1,0,25
BRDA:58,2,0,0
BRDA:58,3,0,98
BRDA:58,3,1,0
BRDA:58,3,2,0
BRDA:67,4,0,0
BRDA:76,5,0,9
BRDA:116,6,0,2
BRDA:116,6,1,1
BRDA:128,7,0,0
BRDA:133,8,0,4
BRDA:141,9,0,0
BRDA:148,10,0,0
BRDA:155,11,0,2
BRDA:155,12,0,4
BRDA:155,12,1,2
BRDA:160,13,0,0
BRDA:160,14,0,2
BRDA:160,14,1,2
BRDA:182,15,0,0
BRDA:182,15,1,0
BRDA:186,16,0,0
BRDA:186,16,1,0
BRDA:186,16,2,0
BRDA:188,17,0,0
BRDA:188,18,0,0
BRDA:188,18,1,0
BRDA:195,19,0,0
BRF:29
BRH:11
end_of_record
TN:
SF:src/verification/VerificationMiddleware.ts
FN:7,(anonymous_0)
FN:10,(anonymous_1)
FN:11,(anonymous_2)
FN:53,(anonymous_3)
FN:84,(anonymous_4)
FN:121,(anonymous_5)
FN:122,(anonymous_6)
FN:146,(anonymous_7)
FN:147,(anonymous_8)
FN:171,(anonymous_9)
FN:172,(anonymous_10)
FN:196,(anonymous_11)
FN:210,(anonymous_12)
FN:211,(anonymous_13)
FNF:14
FNH:0
FNDA:0,(anonymous_0)
FNDA:0,(anonymous_1)
FNDA:0,(anonymous_2)
FNDA:0,(anonymous_3)
FNDA:0,(anonymous_4)
FNDA:0,(anonymous_5)
FNDA:0,(anonymous_6)
FNDA:0,(anonymous_7)
FNDA:0,(anonymous_8)
FNDA:0,(anonymous_9)
FNDA:0,(anonymous_10)
FNDA:0,(anonymous_11)
FNDA:0,(anonymous_12)
FNDA:0,(anonymous_13)
DA:7,0
DA:11,0
DA:12,0
DA:13,0
DA:15,0
DA:16,0
DA:22,0
DA:24,0
DA:25,0
DA:33,0
DA:34,0
DA:35,0
DA:37,0
DA:39,0
DA:44,0
DA:54,0
DA:55,0
DA:56,0
DA:58,0
DA:59,0
DA:63,0
DA:66,0
DA:68,0
DA:74,0
DA:79,0
DA:88,0
DA:89,0
DA:91,0
DA:92,0
DA:98,0
DA:99,0
DA:105,0
DA:107,0
DA:113,0
DA:122,0
DA:123,0
DA:125,0
DA:126,0
DA:131,0
DA:133,0
DA:134,0
DA:141,0
DA:147,0
DA:148,0
DA:150,0
DA:151,0
DA:156,0
DA:158,0
DA:159,0
DA:166,0
DA:172,0
DA:173,0
DA:175,0
DA:176,0
DA:181,0
DA:183,0
DA:184,0
DA:191,0
DA:197,0
DA:198,0
DA:199,0
DA:201,0
DA:205,0
DA:211,0
DA:212,0
DA:214,0
DA:215,0
DA:220,0
DA:222,0
DA:223,0
DA:230,0
LF:71
LH:0
BRDA:15,0,0,0
BRDA:24,1,0,0
BRDA:58,2,0,0
BRDA:91,3,0,0
BRDA:98,4,0,0
BRDA:125,5,0,0
BRDA:133,6,0,0
BRDA:136,7,0,0
BRDA:136,7,1,0
BRDA:150,8,0,0
BRDA:158,9,0,0
BRDA:161,10,0,0
BRDA:161,10,1,0
BRDA:175,11,0,0
BRDA:183,12,0,0
BRDA:186,13,0,0
BRDA:186,13,1,0
BRDA:214,14,0,0
BRDA:222,15,0,0
BRF:19
BRH:0
end_of_record
TN:
SF:src/verification/VerificationService.ts
FN:29,(anonymous_0)
FN:34,(anonymous_1)
FN:42,(anonymous_2)
FN:165,(anonymous_3)
FN:292,(anonymous_4)
FN:297,(anonymous_5)
FN:309,(anonymous_6)
FN:313,(anonymous_7)
FN:343,(anonymous_8)
FN:356,(anonymous_9)
FN:360,(anonymous_10)
FN:364,(anonymous_11)
FN:368,(anonymous_12)
FN:392,(anonymous_13)
FNF:14
FNH:0
FNDA:0,(anonymous_0)
FNDA:0,(anonymous_1)
FNDA:0,(anonymous_2)
FNDA:0,(anonymous_3)
FNDA:0,(anonymous_4)
FNDA:0,(anonymous_5)
FNDA:0,(anonymous_6)
FNDA:0,(anonymous_7)
FNDA:0,(anonymous_8)
FNDA:0,(anonymous_9)
FNDA:0,(anonymous_10)
FNDA:0,(anonymous_11)
FNDA:0,(anonymous_12)
FNDA:0,(anonymous_13)
DA:20,0
DA:25,0
DA:26,0
DA:27,0
DA:30,0
DA:31,0
DA:35,0
DA:36,0
DA:37,0
DA:43,0
DA:45,0
DA:47,0
DA:48,0
DA:49,0
DA:57,0
DA:58,0
DA:59,0
DA:64,0
DA:73,0
DA:74,0
DA:75,0
DA:82,0
DA:83,0
DA:90,0
DA:91,0
DA:92,0
DA:101,0
DA:102,0
DA:103,0
DA:106,0
DA:125,0
DA:126,0
DA:127,0
DA:134,0
DA:137,0
DA:143,0
DA:152,0
DA:158,0
DA:166,0
DA:168,0
DA:170,0
DA:171,0
DA:172,0
DA:179,0
DA:180,0
DA:185,0
DA:192,0
DA:193,0
DA:194,0
DA:196,0
DA:204,0
DA:205,0
DA:214,0
DA:215,0
DA:216,0
DA:217,0
DA:218,0
DA:220,0
DA:225,0
DA:234,0
DA:235,0
DA:238,0
DA:239,0
DA:241,0
DA:242,0
DA:243,0
DA:245,0
DA:246,0
DA:250,0
DA:258,0
DA:259,0
DA:260,0
DA:263,0
DA:265,0
DA:272,0
DA:279,0
DA:285,0
DA:293,0
DA:294,0
DA:298,0
DA:299,0
DA:310,0
DA:314,0
DA:316,0
DA:325,0
DA:337,0
DA:339,0
DA:340,0
DA:344,0
DA:345,0
DA:350,0
DA:353,0
DA:357,0
DA:361,0
DA:365,0
DA:373,0
DA:382,0
DA:384,0
DA:393,0
DA:395,0
DA:397,0
DA:399,0
DA:401,0
DA:403,0
LF:104
LH:0
BRDA:48,0,0,0
BRDA:58,1,0,0
BRDA:74,2,0,0
BRDA:82,3,0,0
BRDA:91,4,0,0
BRDA:91,5,0,0
BRDA:91,5,1,0
BRDA:126,6,0,0
BRDA:139,7,0,0
BRDA:139,7,1,0
BRDA:171,8,0,0
BRDA:179,9,0,0
BRDA:192,10,0,0
BRDA:204,11,0,0
BRDA:209,12,0,0
BRDA:209,12,1,0
BRDA:214,13,0,0
BRDA:241,14,0,0
BRDA:242,15,0,0
BRDA:242,15,1,0
BRDA:246,16,0,0
BRDA:246,16,1,0
BRDA:294,17,0,0
BRDA:294,17,1,0
BRDA:299,18,0,0
BRDA:299,18,1,0
BRDA:310,19,0,0
BRDA:310,19,1,0
BRDA:331,20,0,0
BRDA:331,20,1,0
BRDA:345,21,0,0
BRDA:346,22,0,0
BRDA:346,22,1,0
BRDA:346,22,2,0
BRDA:393,23,0,0
BRDA:393,23,1,0
BRDA:393,23,2,0
BRDA:393,23,3,0
BRDA:393,23,4,0
BRF:39
BRH:0
end_of_record
TN:
SF:src/verification/providers/BaseProvider.ts
FN:11,(anonymous_0)
FN:21,(anonymous_1)
FN:25,(anonymous_2)
FN:35,(anonymous_3)
FNF:4
FNH:3
FNDA:36,(anonymous_0)
FNDA:3,(anonymous_1)
FNDA:0,(anonymous_2)
FNDA:16,(anonymous_3)
DA:12,36
DA:13,36
DA:14,36
DA:15,36
DA:16,216
DA:18,36
DA:22,3
DA:26,0
DA:36,16
DA:38,5
DA:39,5
DA:42,5
DA:43,11
DA:45,4
DA:47,7
LF:15
LH:14
BRDA:36,0,0,5
BRDA:36,0,1,11
BRDA:39,1,0,4
BRDA:39,1,1,1
BRDA:43,2,0,4
BRF:5
BRH:5
end_of_record
TN:
SF:src/verification/providers/EmailProvider.ts
FN:12,(anonymous_0)
FN:17,(anonymous_1)
FN:40,(anonymous_2)
FN:45,(anonymous_3)
FN:80,(anonymous_4)
FN:121,(anonymous_5)
FNF:6
FNH:5
FNDA:27,(anonymous_0)
FNDA:27,(anonymous_1)
FNDA:23,(anonymous_2)
FNDA:0,(anonymous_3)
FNDA:13,(anonymous_4)
FNDA:6,(anonymous_5)
DA:8,27
DA:9,27
DA:10,27
DA:13,27
DA:14,27
DA:18,27
DA:19,0
DA:20,0
DA:23,27
DA:24,27
DA:34,27
DA:36,0
DA:41,23
DA:42,23
DA:46,0
DA:47,0
DA:48,0
DA:51,0
DA:52,0
DA:53,0
DA:56,0
DA:57,0
DA:58,0
DA:60,0
DA:71,0
DA:72,0
DA:73,0
DA:75,0
DA:76,0
DA:81,13
DA:83,13
DA:84,12
DA:118,1
DA:122,6
LF:34
LH:16
BRDA:18,0,0,0
BRDA:18,1,0,27
BRDA:18,1,1,27
BRDA:18,1,2,27
BRDA:26,2,0,27
BRDA:26,2,1,0
BRDA:27,3,0,27
BRDA:27,3,1,0
BRDA:46,4,0,0
BRDA:51,5,0,0
BRDA:57,6,0,0
BRDA:57,6,1,0
BRDA:62,7,0,0
BRDA:62,7,1,0
BRDA:63,8,0,0
BRDA:63,8,1,0
BRDA:81,9,0,13
BRDA:81,9,1,11
BRDA:83,10,0,12
BRF:19
BRH:8
end_of_record
TN:
SF:src/verification/providers/PhoneProvider.ts
FN:12,(anonymous_0)
FN:17,(anonymous_1)
FN:34,(anonymous_2)
FN:40,(anonymous_3)
FN:73,(anonymous_4)
FN:83,(anonymous_5)
FNF:6
FNH:5
FNDA:28,(anonymous_0)
FNDA:28,(anonymous_1)
FNDA:32,(anonymous_2)
FNDA:0,(anonymous_3)
FNDA:11,(anonymous_4)
FNDA:4,(anonymous_5)
DA:8,28
DA:9,28
DA:10,28
DA:13,28
DA:14,28
DA:18,28
DA:19,0
DA:20,0
DA:23,28
DA:24,28
DA:28,0
DA:30,28
DA:36,32
DA:37,32
DA:41,0
DA:42,0
DA:43,0
DA:46,0
DA:47,0
DA:48,0
DA:51,0
DA:52,0
DA:53,0
DA:56,0
DA:57,0
DA:59,0
DA:65,0
DA:66,0
DA:68,0
DA:69,0
DA:74,11
DA:76,11
DA:77,9
DA:80,2
DA:84,4
LF:35
LH:16
BRDA:18,0,0,0
BRDA:18,1,0,28
BRDA:18,1,1,28
BRDA:41,2,0,0
BRDA:46,3,0,0
BRDA:51,4,0,0
BRDA:74,5,0,11
BRDA:74,5,1,8
BRDA:76,6,0,9
BRF:9
BRH:5
end_of_record
